2017-05-10 02:43:37 trace :
------------
String:
<xml><ToUserName><![CDATA[gh_421c55699f6c]]></ToUserName>
<FromUserName><![CDATA[oRy3is5J_x-Im6hGAUQCSQBeAcEg]]></FromUserName>
<CreateTime>1494355418</CreateTime>
<MsgType><![CDATA[event]]></MsgType>
<Event><![CDATA[VIEW]]></Event>
<EventKey><![CDATA[http://wqadmin.fanlicool.com/app/index.php?i=2&c=entry&do=index&m=tiger_taoke]]></EventKey>
<MenuId>416162317</MenuId>
</xml>

2017-05-10 02:43:37 params :
------------
String:
array (
  'message' => 
  array (
    'tousername' => 'gh_421c55699f6c',
    'fromusername' => 'oRy3is5J_x-Im6hGAUQCSQBeAcEg',
    'createtime' => '1494355418',
    'msgtype' => 'event',
    'event' => 'VIEW',
    'eventkey' => 'http://wqadmin.fanlicool.com/app/index.php?i=2&c=entry&do=index&m=tiger_taoke',
    'menuid' => '416162317',
    'from' => 'oRy3is5J_x-Im6hGAUQCSQBeAcEg',
    'to' => 'gh_421c55699f6c',
    'time' => '1494355418',
    'type' => 'text',
    'content' => 'http://wqadmin.fanlicool.com/app/index.php?i=2&c=entry&do=index&m=tiger_taoke',
    'redirection' => true,
    'source' => 'VIEW',
  ),
  'module' => 'default',
  'rule' => '-1',
)

2017-05-10 02:43:37 response :
------------
Array:
params : Array ;

2017-05-10 06:12:17 trace :
------------
String:
<xml><ToUserName><![CDATA[gh_421c55699f6c]]></ToUserName>
<FromUserName><![CDATA[oRy3is3rXa0H3R0ME8qghXCyZnfI]]></FromUserName>
<CreateTime>1494367938</CreateTime>
<MsgType><![CDATA[event]]></MsgType>
<Event><![CDATA[unsubscribe]]></Event>
<EventKey><![CDATA[]]></EventKey>
</xml>

2017-05-10 06:29:18 trace :
------------
String:
<xml><ToUserName><![CDATA[gh_421c55699f6c]]></ToUserName>
<FromUserName><![CDATA[oRy3is6ONRfNj62jGL6f2c0sVdbY]]></FromUserName>
<CreateTime>1494368959</CreateTime>
<MsgType><![CDATA[text]]></MsgType>
<Content><![CDATA[https://item.taobao.com/item.htm?id=546784626835&ali_trackid=2:mm_121337397_20760817_70320560:1493692262_2k4_1217126796&spm=a311n.8189758%2Fa.90200000.2.3jxb7f&pvid=tblm_lmapp]]></Content>
<MsgId>6418265807479158303</MsgId>
</xml>

2017-05-10 06:29:18 params :
------------
String:
array (
  'message' => 
  array (
    'tousername' => 'gh_421c55699f6c',
    'fromusername' => 'oRy3is6ONRfNj62jGL6f2c0sVdbY',
    'createtime' => '1494368959',
    'msgtype' => 'text',
    'content' => 'https://item.taobao.com/item.htm?id=546784626835&ali_trackid=2:mm_121337397_20760817_70320560:1493692262_2k4_1217126796&spm=a311n.8189758%2Fa.90200000.2.3jxb7f&pvid=tblm_lmapp',
    'msgid' => '6418265807479158303',
    'from' => 'oRy3is6ONRfNj62jGL6f2c0sVdbY',
    'to' => 'gh_421c55699f6c',
    'time' => '1494368959',
    'type' => 'text',
    'event' => NULL,
    'redirection' => false,
    'source' => NULL,
  ),
  'module' => 'tiger_taoke',
  'rule' => '10',
  'priority' => '0',
  'keyword' => 
  array (
    'id' => '14',
    'rid' => '10',
    'uniacid' => '2',
    'module' => 'tiger_taoke',
    'content' => 'http',
    'type' => '3',
    'displayorder' => '0',
    'status' => '1',
  ),
)

2017-05-10 06:29:18 response :
------------
Array:
FromUserName : gh_421c55699f6c ;
ToUserName : oRy3is6ONRfNj62jGL6f2c0sVdbY ;
MsgType : text ;
Content : 查券功能已关闭！ ;

2017-05-10 06:30:49 trace :
------------
String:
<xml><ToUserName><![CDATA[gh_421c55699f6c]]></ToUserName>
<FromUserName><![CDATA[oRy3is4TtqXXbHM2GL0_11O6OXfg]]></FromUserName>
<CreateTime>1494369049</CreateTime>
<MsgType><![CDATA[event]]></MsgType>
<Event><![CDATA[VIEW]]></Event>
<EventKey><![CDATA[http://wqadmin.fanlicool.com/app/index.php?i=2&c=entry&do=member&m=tiger_taoke]]></EventKey>
<MenuId>416162317</MenuId>
</xml>

2017-05-10 06:30:49 params :
------------
String:
array (
  'message' => 
  array (
    'tousername' => 'gh_421c55699f6c',
    'fromusername' => 'oRy3is4TtqXXbHM2GL0_11O6OXfg',
    'createtime' => '1494369049',
    'msgtype' => 'event',
    'event' => 'VIEW',
    'eventkey' => 'http://wqadmin.fanlicool.com/app/index.php?i=2&c=entry&do=member&m=tiger_taoke',
    'menuid' => '416162317',
    'from' => 'oRy3is4TtqXXbHM2GL0_11O6OXfg',
    'to' => 'gh_421c55699f6c',
    'time' => '1494369049',
    'type' => 'text',
    'content' => 'http://wqadmin.fanlicool.com/app/index.php?i=2&c=entry&do=member&m=tiger_taoke',
    'redirection' => true,
    'source' => 'VIEW',
  ),
  'module' => 'default',
  'rule' => '-1',
)

2017-05-10 06:30:49 response :
------------
Array:
params : Array ;

2017-05-10 07:47:23 trace :
------------
String:
<xml><ToUserName><![CDATA[gh_421c55699f6c]]></ToUserName>
<FromUserName><![CDATA[oRy3isxt86Gyd39hk2dt7qPXIB7A]]></FromUserName>
<CreateTime>1494373644</CreateTime>
<MsgType><![CDATA[text]]></MsgType>
<Content><![CDATA[【我剁手都要买的宝贝（夏季男士新款夏装圆领纯色短袖男T恤韩版潮流修身学生半截袖体恤），快来和我一起瓜分红包】http://c.b0yp.com/h.TvFqtV?cv=6ftPsMrBz9&sm=21f927 点击链接，再选择浏览器打开；或复制这条信息，打开👉手机淘宝👈￥6ftPsMrBz9￥]]></Content>
<MsgId>6418285929400940465</MsgId>
</xml>

2017-05-10 07:47:23 params :
------------
String:
array (
  'message' => 
  array (
    'tousername' => 'gh_421c55699f6c',
    'fromusername' => 'oRy3isxt86Gyd39hk2dt7qPXIB7A',
    'createtime' => '1494373644',
    'msgtype' => 'text',
    'content' => '【我剁手都要买的宝贝（夏季男士新款夏装圆领纯色短袖男T恤韩版潮流修身学生半截袖体恤），快来和我一起瓜分红包】http://c.b0yp.com/h.TvFqtV?cv=6ftPsMrBz9&sm=21f927 点击链接，再选择浏览器打开；或复制这条信息，打开👉手机淘宝👈￥6ftPsMrBz9￥',
    'msgid' => '6418285929400940465',
    'from' => 'oRy3isxt86Gyd39hk2dt7qPXIB7A',
    'to' => 'gh_421c55699f6c',
    'time' => '1494373644',
    'type' => 'text',
    'event' => NULL,
    'redirection' => false,
    'source' => NULL,
  ),
  'module' => 'tiger_taoke',
  'rule' => '11',
  'priority' => '0',
  'keyword' => 
  array (
    'id' => '15',
    'rid' => '11',
    'uniacid' => '2',
    'module' => 'tiger_taoke',
    'content' => '￥',
    'type' => '3',
    'displayorder' => '0',
    'status' => '1',
  ),
)

2017-05-10 07:47:23 response :
------------
Array:
FromUserName : gh_421c55699f6c ;
ToUserName : oRy3isxt86Gyd39hk2dt7qPXIB7A ;
MsgType : text ;
Content : 查券功能已关闭！ ;

2017-05-10 08:27:12 trace :
------------
String:
<xml><ToUserName><![CDATA[gh_421c55699f6c]]></ToUserName>
<FromUserName><![CDATA[oRy3is3rqRdzkotR96bSxiFDyBVY]]></FromUserName>
<CreateTime>1494376032</CreateTime>
<MsgType><![CDATA[text]]></MsgType>
<Content><![CDATA[复制这条信息，打开👉手机淘宝👈即可看到【湘妆美品正品邦妮隐形三宝弹力卷膜保湿定型弹力素300ML买二送一】￥V25UsMvx96￥http://c.b0yp.com/h.TvCWG2?cv=V25UsMvx96&sm=2f39a7]]></Content>
<MsgId>6418296185782843970</MsgId>
</xml>

2017-05-10 08:27:12 params :
------------
String:
array (
  'message' => 
  array (
    'tousername' => 'gh_421c55699f6c',
    'fromusername' => 'oRy3is3rqRdzkotR96bSxiFDyBVY',
    'createtime' => '1494376032',
    'msgtype' => 'text',
    'content' => '复制这条信息，打开👉手机淘宝👈即可看到【湘妆美品正品邦妮隐形三宝弹力卷膜保湿定型弹力素300ML买二送一】￥V25UsMvx96￥http://c.b0yp.com/h.TvCWG2?cv=V25UsMvx96&sm=2f39a7',
    'msgid' => '6418296185782843970',
    'from' => 'oRy3is3rqRdzkotR96bSxiFDyBVY',
    'to' => 'gh_421c55699f6c',
    'time' => '1494376032',
    'type' => 'text',
    'event' => NULL,
    'redirection' => false,
    'source' => NULL,
  ),
  'module' => 'tiger_taoke',
  'rule' => '11',
  'priority' => '0',
  'keyword' => 
  array (
    'id' => '15',
    'rid' => '11',
    'uniacid' => '2',
    'module' => 'tiger_taoke',
    'content' => '￥',
    'type' => '3',
    'displayorder' => '0',
    'status' => '1',
  ),
)

2017-05-10 08:27:12 response :
------------
Array:
FromUserName : gh_421c55699f6c ;
ToUserName : oRy3is3rqRdzkotR96bSxiFDyBVY ;
MsgType : text ;
Content : 查券功能已关闭！ ;

2017-05-10 08:56:55 trace :
------------
String:
<xml><ToUserName><![CDATA[gh_421c55699f6c]]></ToUserName>
<FromUserName><![CDATA[oRy3is0rIPt-ZiHtoMStE-oON27E]]></FromUserName>
<CreateTime>1494377815</CreateTime>
<MsgType><![CDATA[event]]></MsgType>
<Event><![CDATA[subscribe]]></Event>
<EventKey><![CDATA[qrscene_tiger_taoke1330]]></EventKey>
<Ticket><![CDATA[gQFE8TwAAAAAAAAAAS5odHRwOi8vd2VpeGluLnFxLmNvbS9xLzAySXh5eTRIN0pieVAxMDAwMHcwNzAAAgS99-9YAwQAAAAA]]></Ticket>
</xml>

2017-05-10 08:56:56 params :
------------
String:
array (
  'message' => 
  array (
    'tousername' => 'gh_421c55699f6c',
    'fromusername' => 'oRy3is0rIPt-ZiHtoMStE-oON27E',
    'createtime' => '1494377815',
    'msgtype' => 'event',
    'event' => 'subscribe',
    'eventkey' => 'qrscene_tiger_taoke1330',
    'ticket' => 'gQFE8TwAAAAAAAAAAS5odHRwOi8vd2VpeGluLnFxLmNvbS9xLzAySXh5eTRIN0pieVAxMDAwMHcwNzAAAgS99-9YAwQAAAAA',
    'from' => 'oRy3is0rIPt-ZiHtoMStE-oON27E',
    'to' => 'gh_421c55699f6c',
    'time' => '1494377815',
    'type' => 'text',
    'scene' => 'tiger_taoke1330',
    'redirection' => true,
    'source' => 'qr',
    'content' => '邀人',
  ),
  'module' => 'default',
  'rule' => '-1',
)

2017-05-10 08:56:56 response :
------------
Array:
params : Array ;

2017-05-10 09:00:17 trace :
------------
String:
<xml><ToUserName><![CDATA[gh_421c55699f6c]]></ToUserName>
<FromUserName><![CDATA[oRy3is1b2fvU1scyC5-T12Vac53s]]></FromUserName>
<CreateTime>1494378018</CreateTime>
<MsgType><![CDATA[event]]></MsgType>
<Event><![CDATA[unsubscribe]]></Event>
<EventKey><![CDATA[]]></EventKey>
</xml>

2017-05-10 09:13:49 trace :
------------
String:
<xml><ToUserName><![CDATA[gh_421c55699f6c]]></ToUserName>
<FromUserName><![CDATA[oRy3isyW82rIrkJVC5jflEqvShUQ]]></FromUserName>
<CreateTime>1494378830</CreateTime>
<MsgType><![CDATA[event]]></MsgType>
<Event><![CDATA[VIEW]]></Event>
<EventKey><![CDATA[http://wqadmin.fanlicool.com/app/index.php?i=2&c=entry&tj=1&do=catlist&m=tiger_taoke]]></EventKey>
<MenuId>416162317</MenuId>
</xml>

2017-05-10 09:13:49 params :
------------
String:
array (
  'message' => 
  array (
    'tousername' => 'gh_421c55699f6c',
    'fromusername' => 'oRy3isyW82rIrkJVC5jflEqvShUQ',
    'createtime' => '1494378830',
    'msgtype' => 'event',
    'event' => 'VIEW',
    'eventkey' => 'http://wqadmin.fanlicool.com/app/index.php?i=2&c=entry&tj=1&do=catlist&m=tiger_taoke',
    'menuid' => '416162317',
    'from' => 'oRy3isyW82rIrkJVC5jflEqvShUQ',
    'to' => 'gh_421c55699f6c',
    'time' => '1494378830',
    'type' => 'text',
    'content' => 'http://wqadmin.fanlicool.com/app/index.php?i=2&c=entry&tj=1&do=catlist&m=tiger_taoke',
    'redirection' => true,
    'source' => 'VIEW',
  ),
  'module' => 'default',
  'rule' => '-1',
)

2017-05-10 09:13:49 response :
------------
Array:
params : Array ;

2017-05-10 09:15:32 trace :
------------
String:
<xml><ToUserName><![CDATA[gh_421c55699f6c]]></ToUserName>
<FromUserName><![CDATA[oRy3isyW82rIrkJVC5jflEqvShUQ]]></FromUserName>
<CreateTime>1494378933</CreateTime>
<MsgType><![CDATA[event]]></MsgType>
<Event><![CDATA[VIEW]]></Event>
<EventKey><![CDATA[http://wqadmin.fanlicool.com/app/index.php?i=2&c=entry&do=index&m=tiger_taoke]]></EventKey>
<MenuId>416162317</MenuId>
</xml>

2017-05-10 09:15:32 params :
------------
String:
array (
  'message' => 
  array (
    'tousername' => 'gh_421c55699f6c',
    'fromusername' => 'oRy3isyW82rIrkJVC5jflEqvShUQ',
    'createtime' => '1494378933',
    'msgtype' => 'event',
    'event' => 'VIEW',
    'eventkey' => 'http://wqadmin.fanlicool.com/app/index.php?i=2&c=entry&do=index&m=tiger_taoke',
    'menuid' => '416162317',
    'from' => 'oRy3isyW82rIrkJVC5jflEqvShUQ',
    'to' => 'gh_421c55699f6c',
    'time' => '1494378933',
    'type' => 'text',
    'content' => 'http://wqadmin.fanlicool.com/app/index.php?i=2&c=entry&do=index&m=tiger_taoke',
    'redirection' => true,
    'source' => 'VIEW',
  ),
  'module' => 'default',
  'rule' => '-1',
)

2017-05-10 09:15:32 response :
------------
Array:
params : Array ;

2017-05-10 09:17:48 trace :
------------
String:
<xml><ToUserName><![CDATA[gh_421c55699f6c]]></ToUserName>
<FromUserName><![CDATA[oRy3isyW82rIrkJVC5jflEqvShUQ]]></FromUserName>
<CreateTime>1494379069</CreateTime>
<MsgType><![CDATA[event]]></MsgType>
<Event><![CDATA[VIEW]]></Event>
<EventKey><![CDATA[http://wqadmin.fanlicool.com/app/index.php?i=2&c=entry&do=index&m=tiger_taoke]]></EventKey>
<MenuId>416162317</MenuId>
</xml>

2017-05-10 09:17:48 params :
------------
String:
array (
  'message' => 
  array (
    'tousername' => 'gh_421c55699f6c',
    'fromusername' => 'oRy3isyW82rIrkJVC5jflEqvShUQ',
    'createtime' => '1494379069',
    'msgtype' => 'event',
    'event' => 'VIEW',
    'eventkey' => 'http://wqadmin.fanlicool.com/app/index.php?i=2&c=entry&do=index&m=tiger_taoke',
    'menuid' => '416162317',
    'from' => 'oRy3isyW82rIrkJVC5jflEqvShUQ',
    'to' => 'gh_421c55699f6c',
    'time' => '1494379069',
    'type' => 'text',
    'content' => 'http://wqadmin.fanlicool.com/app/index.php?i=2&c=entry&do=index&m=tiger_taoke',
    'redirection' => true,
    'source' => 'VIEW',
  ),
  'module' => 'default',
  'rule' => '-1',
)

2017-05-10 09:17:48 response :
------------
Array:
params : Array ;

2017-05-10 09:52:30 trace :
------------
String:
<xml><ToUserName><![CDATA[gh_421c55699f6c]]></ToUserName>
<FromUserName><![CDATA[oRy3is9BiBHwqGGUEVbEoG6XTTNE]]></FromUserName>
<CreateTime>1494381151</CreateTime>
<MsgType><![CDATA[text]]></MsgType>
<Content><![CDATA[复制这条信息，打开👉手机淘宝👈即可看到【【天天特价】清仓处理加厚粗布床单单件单人床单双人床单加大定做】￥JQ1csol52A￥http://c.b0yp.com/h.TEi6eF?cv=JQ1csol52A&sm=9f0da1]]></Content>
<MsgId>6418318171720434728</MsgId>
</xml>

2017-05-10 09:52:30 params :
------------
String:
array (
  'message' => 
  array (
    'tousername' => 'gh_421c55699f6c',
    'fromusername' => 'oRy3is9BiBHwqGGUEVbEoG6XTTNE',
    'createtime' => '1494381151',
    'msgtype' => 'text',
    'content' => '复制这条信息，打开👉手机淘宝👈即可看到【【天天特价】清仓处理加厚粗布床单单件单人床单双人床单加大定做】￥JQ1csol52A￥http://c.b0yp.com/h.TEi6eF?cv=JQ1csol52A&sm=9f0da1',
    'msgid' => '6418318171720434728',
    'from' => 'oRy3is9BiBHwqGGUEVbEoG6XTTNE',
    'to' => 'gh_421c55699f6c',
    'time' => '1494381151',
    'type' => 'text',
    'event' => NULL,
    'redirection' => false,
    'source' => NULL,
  ),
  'module' => 'tiger_taoke',
  'rule' => '11',
  'priority' => '0',
  'keyword' => 
  array (
    'id' => '15',
    'rid' => '11',
    'uniacid' => '2',
    'module' => 'tiger_taoke',
    'content' => '￥',
    'type' => '3',
    'displayorder' => '0',
    'status' => '1',
  ),
)

2017-05-10 09:52:30 response :
------------
Array:
FromUserName : gh_421c55699f6c ;
ToUserName : oRy3is9BiBHwqGGUEVbEoG6XTTNE ;
MsgType : text ;
Content : 查券功能已关闭！ ;

2017-05-10 09:52:35 trace :
------------
String:
<xml><ToUserName><![CDATA[gh_421c55699f6c]]></ToUserName>
<FromUserName><![CDATA[oRy3is9BiBHwqGGUEVbEoG6XTTNE]]></FromUserName>
<CreateTime>1494381156</CreateTime>
<MsgType><![CDATA[event]]></MsgType>
<Event><![CDATA[VIEW]]></Event>
<EventKey><![CDATA[http://wqadmin.fanlicool.com/app/index.php?i=2&c=entry&do=member&m=tiger_taoke]]></EventKey>
<MenuId>416162317</MenuId>
</xml>

2017-05-10 09:52:35 params :
------------
String:
array (
  'message' => 
  array (
    'tousername' => 'gh_421c55699f6c',
    'fromusername' => 'oRy3is9BiBHwqGGUEVbEoG6XTTNE',
    'createtime' => '1494381156',
    'msgtype' => 'event',
    'event' => 'VIEW',
    'eventkey' => 'http://wqadmin.fanlicool.com/app/index.php?i=2&c=entry&do=member&m=tiger_taoke',
    'menuid' => '416162317',
    'from' => 'oRy3is9BiBHwqGGUEVbEoG6XTTNE',
    'to' => 'gh_421c55699f6c',
    'time' => '1494381156',
    'type' => 'text',
    'content' => 'http://wqadmin.fanlicool.com/app/index.php?i=2&c=entry&do=member&m=tiger_taoke',
    'redirection' => true,
    'source' => 'VIEW',
  ),
  'module' => 'default',
  'rule' => '-1',
)

2017-05-10 09:52:35 response :
------------
Array:
params : Array ;

2017-05-10 09:53:03 trace :
------------
String:
<xml><ToUserName><![CDATA[gh_421c55699f6c]]></ToUserName>
<FromUserName><![CDATA[oRy3is5arXHgIgZNESlmQvwkpJas]]></FromUserName>
<CreateTime>1494381184</CreateTime>
<MsgType><![CDATA[text]]></MsgType>
<Content><![CDATA[【坐姿矫正器小学生儿童视力保护器预防近视姿势纠正仪防近视写字架】，点击链接再选择浏览器打开http://c.b0yp.com/h.TuNX16?cv=Y71AZGrPUpA&sm=b741a0，或复制这条信息￥Y71AZGrPUpA￥后打开👉手机淘宝👈]]></Content>
<MsgId>6418318313454355512</MsgId>
</xml>

2017-05-10 09:53:03 params :
------------
String:
array (
  'message' => 
  array (
    'tousername' => 'gh_421c55699f6c',
    'fromusername' => 'oRy3is5arXHgIgZNESlmQvwkpJas',
    'createtime' => '1494381184',
    'msgtype' => 'text',
    'content' => '【坐姿矫正器小学生儿童视力保护器预防近视姿势纠正仪防近视写字架】，点击链接再选择浏览器打开http://c.b0yp.com/h.TuNX16?cv=Y71AZGrPUpA&sm=b741a0，或复制这条信息￥Y71AZGrPUpA￥后打开👉手机淘宝👈',
    'msgid' => '6418318313454355512',
    'from' => 'oRy3is5arXHgIgZNESlmQvwkpJas',
    'to' => 'gh_421c55699f6c',
    'time' => '1494381184',
    'type' => 'text',
    'event' => NULL,
    'redirection' => false,
    'source' => NULL,
  ),
  'module' => 'tiger_taoke',
  'rule' => '11',
  'priority' => '0',
  'keyword' => 
  array (
    'id' => '15',
    'rid' => '11',
    'uniacid' => '2',
    'module' => 'tiger_taoke',
    'content' => '￥',
    'type' => '3',
    'displayorder' => '0',
    'status' => '1',
  ),
)

2017-05-10 09:53:03 response :
------------
Array:
FromUserName : gh_421c55699f6c ;
ToUserName : oRy3is5arXHgIgZNESlmQvwkpJas ;
MsgType : text ;
Content : 查券功能已关闭！ ;

2017-05-10 09:53:27 trace :
------------
String:
<xml><ToUserName><![CDATA[gh_421c55699f6c]]></ToUserName>
<FromUserName><![CDATA[oRy3is5arXHgIgZNESlmQvwkpJas]]></FromUserName>
<CreateTime>1494381207</CreateTime>
<MsgType><![CDATA[text]]></MsgType>
<Content><![CDATA[啥时候可以正常使用啊？]]></Content>
<MsgId>6418318412238603335</MsgId>
</xml>

2017-05-10 09:53:27 params :
------------
String:
array (
  'message' => 
  array (
    'tousername' => 'gh_421c55699f6c',
    'fromusername' => 'oRy3is5arXHgIgZNESlmQvwkpJas',
    'createtime' => '1494381207',
    'msgtype' => 'text',
    'content' => '啥时候可以正常使用啊？',
    'msgid' => '6418318412238603335',
    'from' => 'oRy3is5arXHgIgZNESlmQvwkpJas',
    'to' => 'gh_421c55699f6c',
    'time' => '1494381207',
    'type' => 'text',
    'event' => NULL,
    'redirection' => false,
    'source' => NULL,
  ),
  'module' => 'default',
  'rule' => '-1',
)

2017-05-10 09:53:27 response :
------------
Array:
params : Array ;

2017-05-10 09:53:45 trace :
------------
String:
<xml><ToUserName><![CDATA[gh_421c55699f6c]]></ToUserName>
<FromUserName><![CDATA[oRy3is5arXHgIgZNESlmQvwkpJas]]></FromUserName>
<CreateTime>1494381226</CreateTime>
<MsgType><![CDATA[text]]></MsgType>
<Content><![CDATA[好久好久不能用了/::Q/::Q]]></Content>
<MsgId>6418318493842981971</MsgId>
</xml>

2017-05-10 09:53:45 params :
------------
String:
array (
  'message' => 
  array (
    'tousername' => 'gh_421c55699f6c',
    'fromusername' => 'oRy3is5arXHgIgZNESlmQvwkpJas',
    'createtime' => '1494381226',
    'msgtype' => 'text',
    'content' => '好久好久不能用了/::Q/::Q',
    'msgid' => '6418318493842981971',
    'from' => 'oRy3is5arXHgIgZNESlmQvwkpJas',
    'to' => 'gh_421c55699f6c',
    'time' => '1494381226',
    'type' => 'text',
    'event' => NULL,
    'redirection' => false,
    'source' => NULL,
  ),
  'module' => 'default',
  'rule' => '-1',
)

2017-05-10 09:53:45 response :
------------
Array:
params : Array ;

2017-05-10 10:32:25 trace :
------------
String:
<xml><ToUserName><![CDATA[gh_421c55699f6c]]></ToUserName>
<FromUserName><![CDATA[oRy3is_PlbTmINabIn8B06y6v0Fk]]></FromUserName>
<CreateTime>1494383546</CreateTime>
<MsgType><![CDATA[event]]></MsgType>
<Event><![CDATA[subscribe]]></Event>
<EventKey><![CDATA[qrscene_tiger_taoke1330]]></EventKey>
<Ticket><![CDATA[gQFE8TwAAAAAAAAAAS5odHRwOi8vd2VpeGluLnFxLmNvbS9xLzAySXh5eTRIN0pieVAxMDAwMHcwNzAAAgS99-9YAwQAAAAA]]></Ticket>
</xml>

2017-05-10 10:32:26 params :
------------
String:
array (
  'message' => 
  array (
    'tousername' => 'gh_421c55699f6c',
    'fromusername' => 'oRy3is_PlbTmINabIn8B06y6v0Fk',
    'createtime' => '1494383546',
    'msgtype' => 'event',
    'event' => 'subscribe',
    'eventkey' => 'qrscene_tiger_taoke1330',
    'ticket' => 'gQFE8TwAAAAAAAAAAS5odHRwOi8vd2VpeGluLnFxLmNvbS9xLzAySXh5eTRIN0pieVAxMDAwMHcwNzAAAgS99-9YAwQAAAAA',
    'from' => 'oRy3is_PlbTmINabIn8B06y6v0Fk',
    'to' => 'gh_421c55699f6c',
    'time' => '1494383546',
    'type' => 'text',
    'scene' => 'tiger_taoke1330',
    'redirection' => true,
    'source' => 'qr',
    'content' => '邀人',
  ),
  'module' => 'default',
  'rule' => '-1',
)

2017-05-10 10:32:26 response :
------------
Array:
params : Array ;

2017-05-10 10:55:09 trace :
------------
String:
<xml><ToUserName><![CDATA[gh_421c55699f6c]]></ToUserName>
<FromUserName><![CDATA[oRy3is3-idt901o5SD5bCNM9JNm8]]></FromUserName>
<CreateTime>1494384910</CreateTime>
<MsgType><![CDATA[event]]></MsgType>
<Event><![CDATA[VIEW]]></Event>
<EventKey><![CDATA[http://i.eqxiu.com/s/H8eS5oEM]]></EventKey>
<MenuId>416162317</MenuId>
</xml>

2017-05-10 10:55:09 params :
------------
String:
array (
  'message' => 
  array (
    'tousername' => 'gh_421c55699f6c',
    'fromusername' => 'oRy3is3-idt901o5SD5bCNM9JNm8',
    'createtime' => '1494384910',
    'msgtype' => 'event',
    'event' => 'VIEW',
    'eventkey' => 'http://i.eqxiu.com/s/H8eS5oEM',
    'menuid' => '416162317',
    'from' => 'oRy3is3-idt901o5SD5bCNM9JNm8',
    'to' => 'gh_421c55699f6c',
    'time' => '1494384910',
    'type' => 'text',
    'content' => 'http://i.eqxiu.com/s/H8eS5oEM',
    'redirection' => true,
    'source' => 'VIEW',
  ),
  'module' => 'default',
  'rule' => '-1',
)

2017-05-10 10:55:09 response :
------------
Array:
params : Array ;

2017-05-10 11:34:35 trace :
------------
String:
<xml><ToUserName><![CDATA[gh_421c55699f6c]]></ToUserName>
<FromUserName><![CDATA[oRy3is3-idt901o5SD5bCNM9JNm8]]></FromUserName>
<CreateTime>1494387276</CreateTime>
<MsgType><![CDATA[event]]></MsgType>
<Event><![CDATA[VIEW]]></Event>
<EventKey><![CDATA[http://i.eqxiu.com/s/H8eS5oEM]]></EventKey>
<MenuId>416162317</MenuId>
</xml>

2017-05-10 11:34:35 params :
------------
String:
array (
  'message' => 
  array (
    'tousername' => 'gh_421c55699f6c',
    'fromusername' => 'oRy3is3-idt901o5SD5bCNM9JNm8',
    'createtime' => '1494387276',
    'msgtype' => 'event',
    'event' => 'VIEW',
    'eventkey' => 'http://i.eqxiu.com/s/H8eS5oEM',
    'menuid' => '416162317',
    'from' => 'oRy3is3-idt901o5SD5bCNM9JNm8',
    'to' => 'gh_421c55699f6c',
    'time' => '1494387276',
    'type' => 'text',
    'content' => 'http://i.eqxiu.com/s/H8eS5oEM',
    'redirection' => true,
    'source' => 'VIEW',
  ),
  'module' => 'default',
  'rule' => '-1',
)

2017-05-10 11:34:35 response :
------------
Array:
params : Array ;

2017-05-10 11:36:07 trace :
------------
String:
<xml><ToUserName><![CDATA[gh_421c55699f6c]]></ToUserName>
<FromUserName><![CDATA[oRy3is3-idt901o5SD5bCNM9JNm8]]></FromUserName>
<CreateTime>1494387368</CreateTime>
<MsgType><![CDATA[text]]></MsgType>
<Content><![CDATA[【黑猫洗车神器高压清洗机家用洗车机洗车器洗车泵220v高压水泵水枪】，点击链接再选择浏览器打开http://c.b0yp.com/h.TweebL?cv=rcyjZGHxtxa&sm=080db9，或复制这条信息￥rcyjZGHxtxa￥后打开👉手机淘宝👈]]></Content>
<MsgId>6418344873532118732</MsgId>
</xml>

2017-05-10 11:36:07 params :
------------
String:
array (
  'message' => 
  array (
    'tousername' => 'gh_421c55699f6c',
    'fromusername' => 'oRy3is3-idt901o5SD5bCNM9JNm8',
    'createtime' => '1494387368',
    'msgtype' => 'text',
    'content' => '【黑猫洗车神器高压清洗机家用洗车机洗车器洗车泵220v高压水泵水枪】，点击链接再选择浏览器打开http://c.b0yp.com/h.TweebL?cv=rcyjZGHxtxa&sm=080db9，或复制这条信息￥rcyjZGHxtxa￥后打开👉手机淘宝👈',
    'msgid' => '6418344873532118732',
    'from' => 'oRy3is3-idt901o5SD5bCNM9JNm8',
    'to' => 'gh_421c55699f6c',
    'time' => '1494387368',
    'type' => 'text',
    'event' => NULL,
    'redirection' => false,
    'source' => NULL,
  ),
  'module' => 'tiger_taoke',
  'rule' => '11',
  'priority' => '0',
  'keyword' => 
  array (
    'id' => '15',
    'rid' => '11',
    'uniacid' => '2',
    'module' => 'tiger_taoke',
    'content' => '￥',
    'type' => '3',
    'displayorder' => '0',
    'status' => '1',
  ),
)

2017-05-10 11:36:07 response :
------------
Array:
FromUserName : gh_421c55699f6c ;
ToUserName : oRy3is3-idt901o5SD5bCNM9JNm8 ;
MsgType : text ;
Content : 查券功能已关闭！ ;

2017-05-10 11:36:32 trace :
------------
String:
<xml><ToUserName><![CDATA[gh_421c55699f6c]]></ToUserName>
<FromUserName><![CDATA[oRy3is3-idt901o5SD5bCNM9JNm8]]></FromUserName>
<CreateTime>1494387393</CreateTime>
<MsgType><![CDATA[event]]></MsgType>
<Event><![CDATA[VIEW]]></Event>
<EventKey><![CDATA[http://wqadmin.fanlicool.com/app/index.php?i=2&c=entry&do=index&m=tiger_taoke]]></EventKey>
<MenuId>416162317</MenuId>
</xml>

2017-05-10 11:36:32 params :
------------
String:
array (
  'message' => 
  array (
    'tousername' => 'gh_421c55699f6c',
    'fromusername' => 'oRy3is3-idt901o5SD5bCNM9JNm8',
    'createtime' => '1494387393',
    'msgtype' => 'event',
    'event' => 'VIEW',
    'eventkey' => 'http://wqadmin.fanlicool.com/app/index.php?i=2&c=entry&do=index&m=tiger_taoke',
    'menuid' => '416162317',
    'from' => 'oRy3is3-idt901o5SD5bCNM9JNm8',
    'to' => 'gh_421c55699f6c',
    'time' => '1494387393',
    'type' => 'text',
    'content' => 'http://wqadmin.fanlicool.com/app/index.php?i=2&c=entry&do=index&m=tiger_taoke',
    'redirection' => true,
    'source' => 'VIEW',
  ),
  'module' => 'default',
  'rule' => '-1',
)

2017-05-10 11:36:32 response :
------------
Array:
params : Array ;

2017-05-10 11:37:48 trace :
------------
String:
<xml><ToUserName><![CDATA[gh_421c55699f6c]]></ToUserName>
<FromUserName><![CDATA[oRy3is3-idt901o5SD5bCNM9JNm8]]></FromUserName>
<CreateTime>1494387469</CreateTime>
<MsgType><![CDATA[event]]></MsgType>
<Event><![CDATA[VIEW]]></Event>
<EventKey><![CDATA[http://i.eqxiu.com/s/H8eS5oEM]]></EventKey>
<MenuId>416162317</MenuId>
</xml>

2017-05-10 11:37:48 params :
------------
String:
array (
  'message' => 
  array (
    'tousername' => 'gh_421c55699f6c',
    'fromusername' => 'oRy3is3-idt901o5SD5bCNM9JNm8',
    'createtime' => '1494387469',
    'msgtype' => 'event',
    'event' => 'VIEW',
    'eventkey' => 'http://i.eqxiu.com/s/H8eS5oEM',
    'menuid' => '416162317',
    'from' => 'oRy3is3-idt901o5SD5bCNM9JNm8',
    'to' => 'gh_421c55699f6c',
    'time' => '1494387469',
    'type' => 'text',
    'content' => 'http://i.eqxiu.com/s/H8eS5oEM',
    'redirection' => true,
    'source' => 'VIEW',
  ),
  'module' => 'default',
  'rule' => '-1',
)

2017-05-10 11:37:48 response :
------------
Array:
params : Array ;

2017-05-10 11:41:05 trace :
------------
String:
<xml><ToUserName><![CDATA[gh_421c55699f6c]]></ToUserName>
<FromUserName><![CDATA[oRy3is3-idt901o5SD5bCNM9JNm8]]></FromUserName>
<CreateTime>1494387666</CreateTime>
<MsgType><![CDATA[text]]></MsgType>
<Content><![CDATA[找黑猫洗车神器]]></Content>
<MsgId>6418346153432373188</MsgId>
</xml>

2017-05-10 11:41:05 params :
------------
String:
array (
  'message' => 
  array (
    'tousername' => 'gh_421c55699f6c',
    'fromusername' => 'oRy3is3-idt901o5SD5bCNM9JNm8',
    'createtime' => '1494387666',
    'msgtype' => 'text',
    'content' => '找黑猫洗车神器',
    'msgid' => '6418346153432373188',
    'from' => 'oRy3is3-idt901o5SD5bCNM9JNm8',
    'to' => 'gh_421c55699f6c',
    'time' => '1494387666',
    'type' => 'text',
    'event' => NULL,
    'redirection' => false,
    'source' => NULL,
  ),
  'module' => 'tiger_taoke',
  'rule' => '9',
  'priority' => '0',
  'keyword' => 
  array (
    'id' => '13',
    'rid' => '9',
    'uniacid' => '2',
    'module' => 'tiger_taoke',
    'content' => '找',
    'type' => '3',
    'displayorder' => '0',
    'status' => '1',
  ),
)

2017-05-10 11:41:05 response :
------------
Array:
FromUserName : gh_421c55699f6c ;
ToUserName : oRy3is3-idt901o5SD5bCNM9JNm8 ;
MsgType : news ;
ArticleCount : 1 ;
Articles : Array ;

2017-05-10 11:42:15 trace :
------------
String:
<xml><ToUserName><![CDATA[gh_421c55699f6c]]></ToUserName>
<FromUserName><![CDATA[oRy3is9PBObnkU9nZ6k4dVhUBAz8]]></FromUserName>
<CreateTime>1494387736</CreateTime>
<MsgType><![CDATA[event]]></MsgType>
<Event><![CDATA[VIEW]]></Event>
<EventKey><![CDATA[http://wqadmin.fanlicool.com/app/index.php?i=2&c=entry&do=orderlist&op=qb&m=tiger_taoke]]></EventKey>
<MenuId>416162317</MenuId>
</xml>

2017-05-10 11:42:15 params :
------------
String:
array (
  'message' => 
  array (
    'tousername' => 'gh_421c55699f6c',
    'fromusername' => 'oRy3is9PBObnkU9nZ6k4dVhUBAz8',
    'createtime' => '1494387736',
    'msgtype' => 'event',
    'event' => 'VIEW',
    'eventkey' => 'http://wqadmin.fanlicool.com/app/index.php?i=2&c=entry&do=orderlist&op=qb&m=tiger_taoke',
    'menuid' => '416162317',
    'from' => 'oRy3is9PBObnkU9nZ6k4dVhUBAz8',
    'to' => 'gh_421c55699f6c',
    'time' => '1494387736',
    'type' => 'text',
    'content' => 'http://wqadmin.fanlicool.com/app/index.php?i=2&c=entry&do=orderlist&op=qb&m=tiger_taoke',
    'redirection' => true,
    'source' => 'VIEW',
  ),
  'module' => 'default',
  'rule' => '-1',
)

2017-05-10 11:42:15 response :
------------
Array:
params : Array ;

2017-05-10 12:02:19 trace :
------------
String:
<xml><ToUserName><![CDATA[gh_421c55699f6c]]></ToUserName>
<FromUserName><![CDATA[oRy3is4LvqkEcjkucpgMD9ZcZv3Y]]></FromUserName>
<CreateTime>1494388940</CreateTime>
<MsgType><![CDATA[event]]></MsgType>
<Event><![CDATA[subscribe]]></Event>
<EventKey><![CDATA[last_trade_no_4009442001201705100274538667]]></EventKey>
</xml>

2017-05-10 12:02:19 params :
------------
String:
array (
  'message' => 
  array (
    'tousername' => 'gh_421c55699f6c',
    'fromusername' => 'oRy3is4LvqkEcjkucpgMD9ZcZv3Y',
    'createtime' => '1494388940',
    'msgtype' => 'event',
    'event' => 'subscribe',
    'eventkey' => 'last_trade_no_4009442001201705100274538667',
    'from' => 'oRy3is4LvqkEcjkucpgMD9ZcZv3Y',
    'to' => 'gh_421c55699f6c',
    'time' => '1494388940',
    'type' => 'text',
    'scene' => 'last_trade_no_4009442001201705100274538667',
    'redirection' => true,
    'source' => 'subscribe',
    'content' => '欢迎',
  ),
  'module' => 'default',
  'rule' => '-1',
)

2017-05-10 12:02:19 response :
------------
Array:
params : Array ;

2017-05-10 12:18:48 trace :
------------
String:
<xml><ToUserName><![CDATA[gh_421c55699f6c]]></ToUserName>
<FromUserName><![CDATA[oRy3is2IzneDK1gK9IWJfMglyVV0]]></FromUserName>
<CreateTime>1494389929</CreateTime>
<MsgType><![CDATA[event]]></MsgType>
<Event><![CDATA[VIEW]]></Event>
<EventKey><![CDATA[http://wqadmin.fanlicool.com/app/index.php?i=2&c=entry&do=index&m=tiger_taoke]]></EventKey>
<MenuId>416162317</MenuId>
</xml>

2017-05-10 12:18:49 params :
------------
String:
array (
  'message' => 
  array (
    'tousername' => 'gh_421c55699f6c',
    'fromusername' => 'oRy3is2IzneDK1gK9IWJfMglyVV0',
    'createtime' => '1494389929',
    'msgtype' => 'event',
    'event' => 'VIEW',
    'eventkey' => 'http://wqadmin.fanlicool.com/app/index.php?i=2&c=entry&do=index&m=tiger_taoke',
    'menuid' => '416162317',
    'from' => 'oRy3is2IzneDK1gK9IWJfMglyVV0',
    'to' => 'gh_421c55699f6c',
    'time' => '1494389929',
    'type' => 'text',
    'content' => 'http://wqadmin.fanlicool.com/app/index.php?i=2&c=entry&do=index&m=tiger_taoke',
    'redirection' => true,
    'source' => 'VIEW',
  ),
  'module' => 'default',
  'rule' => '-1',
)

2017-05-10 12:18:49 response :
------------
Array:
params : Array ;

2017-05-10 12:33:37 trace :
------------
String:
<xml><ToUserName><![CDATA[gh_421c55699f6c]]></ToUserName>
<FromUserName><![CDATA[oRy3is2IzneDK1gK9IWJfMglyVV0]]></FromUserName>
<CreateTime>1494390818</CreateTime>
<MsgType><![CDATA[event]]></MsgType>
<Event><![CDATA[VIEW]]></Event>
<EventKey><![CDATA[http://wqadmin.fanlicool.com/app/index.php?i=2&c=entry&do=index&m=tiger_taoke]]></EventKey>
<MenuId>416162317</MenuId>
</xml>

2017-05-10 12:33:37 params :
------------
String:
array (
  'message' => 
  array (
    'tousername' => 'gh_421c55699f6c',
    'fromusername' => 'oRy3is2IzneDK1gK9IWJfMglyVV0',
    'createtime' => '1494390818',
    'msgtype' => 'event',
    'event' => 'VIEW',
    'eventkey' => 'http://wqadmin.fanlicool.com/app/index.php?i=2&c=entry&do=index&m=tiger_taoke',
    'menuid' => '416162317',
    'from' => 'oRy3is2IzneDK1gK9IWJfMglyVV0',
    'to' => 'gh_421c55699f6c',
    'time' => '1494390818',
    'type' => 'text',
    'content' => 'http://wqadmin.fanlicool.com/app/index.php?i=2&c=entry&do=index&m=tiger_taoke',
    'redirection' => true,
    'source' => 'VIEW',
  ),
  'module' => 'default',
  'rule' => '-1',
)

2017-05-10 12:33:37 response :
------------
Array:
params : Array ;

2017-05-10 12:38:05 trace :
------------
String:
<xml><ToUserName><![CDATA[gh_421c55699f6c]]></ToUserName>
<FromUserName><![CDATA[oRy3is0MVVX8C0MQxiTzXhtD20Iw]]></FromUserName>
<CreateTime>1494391086</CreateTime>
<MsgType><![CDATA[text]]></MsgType>
<Content><![CDATA[【山东烟台红灯大樱桃车厘子现摘现发非现货新鲜孕妇水果三斤包邮】，点击链接再选择浏览器打开http://c.b0yp.com/h.TwM7UZ?cv=2jgdZGtgqnp&sm=33a0b1，或复制这条信息￥2jgdZGtgqnp￥后打开👉手机淘宝👈]]></Content>
<MsgId>6418360842220527878</MsgId>
</xml>

2017-05-10 12:38:05 params :
------------
String:
array (
  'message' => 
  array (
    'tousername' => 'gh_421c55699f6c',
    'fromusername' => 'oRy3is0MVVX8C0MQxiTzXhtD20Iw',
    'createtime' => '1494391086',
    'msgtype' => 'text',
    'content' => '【山东烟台红灯大樱桃车厘子现摘现发非现货新鲜孕妇水果三斤包邮】，点击链接再选择浏览器打开http://c.b0yp.com/h.TwM7UZ?cv=2jgdZGtgqnp&sm=33a0b1，或复制这条信息￥2jgdZGtgqnp￥后打开👉手机淘宝👈',
    'msgid' => '6418360842220527878',
    'from' => 'oRy3is0MVVX8C0MQxiTzXhtD20Iw',
    'to' => 'gh_421c55699f6c',
    'time' => '1494391086',
    'type' => 'text',
    'event' => NULL,
    'redirection' => false,
    'source' => NULL,
  ),
  'module' => 'tiger_taoke',
  'rule' => '11',
  'priority' => '0',
  'keyword' => 
  array (
    'id' => '15',
    'rid' => '11',
    'uniacid' => '2',
    'module' => 'tiger_taoke',
    'content' => '￥',
    'type' => '3',
    'displayorder' => '0',
    'status' => '1',
  ),
)

2017-05-10 12:38:05 response :
------------
Array:
FromUserName : gh_421c55699f6c ;
ToUserName : oRy3is0MVVX8C0MQxiTzXhtD20Iw ;
MsgType : text ;
Content : 查券功能已关闭！ ;

2017-05-10 12:38:55 trace :
------------
String:
<xml><ToUserName><![CDATA[gh_421c55699f6c]]></ToUserName>
<FromUserName><![CDATA[oRy3is0MVVX8C0MQxiTzXhtD20Iw]]></FromUserName>
<CreateTime>1494391136</CreateTime>
<MsgType><![CDATA[text]]></MsgType>
<Content><![CDATA[【山东烟台红灯大樱桃车厘子现摘现发非现货新鲜孕妇水果三斤包邮】，点击链接再选择浏览器打开http://c.b0yp.com/h.TwM7UZ?cv=2jgdZGtgqnp&sm=33a0b1，或复制这条信息￥2jgdZGtgqnp￥后打开👉手机淘宝👈]]></Content>
<MsgId>6418361056968892708</MsgId>
</xml>

2017-05-10 12:38:55 params :
------------
String:
array (
  'message' => 
  array (
    'tousername' => 'gh_421c55699f6c',
    'fromusername' => 'oRy3is0MVVX8C0MQxiTzXhtD20Iw',
    'createtime' => '1494391136',
    'msgtype' => 'text',
    'content' => '【山东烟台红灯大樱桃车厘子现摘现发非现货新鲜孕妇水果三斤包邮】，点击链接再选择浏览器打开http://c.b0yp.com/h.TwM7UZ?cv=2jgdZGtgqnp&sm=33a0b1，或复制这条信息￥2jgdZGtgqnp￥后打开👉手机淘宝👈',
    'msgid' => '6418361056968892708',
    'from' => 'oRy3is0MVVX8C0MQxiTzXhtD20Iw',
    'to' => 'gh_421c55699f6c',
    'time' => '1494391136',
    'type' => 'text',
    'event' => NULL,
    'redirection' => false,
    'source' => NULL,
  ),
  'module' => 'tiger_taoke',
  'rule' => '11',
  'priority' => '0',
  'keyword' => 
  array (
    'id' => '15',
    'rid' => '11',
    'uniacid' => '2',
    'module' => 'tiger_taoke',
    'content' => '￥',
    'type' => '3',
    'displayorder' => '0',
    'status' => '1',
  ),
)

2017-05-10 12:38:55 response :
------------
Array:
FromUserName : gh_421c55699f6c ;
ToUserName : oRy3is0MVVX8C0MQxiTzXhtD20Iw ;
MsgType : text ;
Content : 查券功能已关闭！ ;

2017-05-10 12:39:18 trace :
------------
String:
<xml><ToUserName><![CDATA[gh_421c55699f6c]]></ToUserName>
<FromUserName><![CDATA[oRy3is2IzneDK1gK9IWJfMglyVV0]]></FromUserName>
<CreateTime>1494391159</CreateTime>
<MsgType><![CDATA[event]]></MsgType>
<Event><![CDATA[VIEW]]></Event>
<EventKey><![CDATA[http://wqadmin.fanlicool.com/app/index.php?i=2&c=entry&do=index&m=tiger_taoke]]></EventKey>
<MenuId>416162317</MenuId>
</xml>

2017-05-10 12:39:18 params :
------------
String:
array (
  'message' => 
  array (
    'tousername' => 'gh_421c55699f6c',
    'fromusername' => 'oRy3is2IzneDK1gK9IWJfMglyVV0',
    'createtime' => '1494391159',
    'msgtype' => 'event',
    'event' => 'VIEW',
    'eventkey' => 'http://wqadmin.fanlicool.com/app/index.php?i=2&c=entry&do=index&m=tiger_taoke',
    'menuid' => '416162317',
    'from' => 'oRy3is2IzneDK1gK9IWJfMglyVV0',
    'to' => 'gh_421c55699f6c',
    'time' => '1494391159',
    'type' => 'text',
    'content' => 'http://wqadmin.fanlicool.com/app/index.php?i=2&c=entry&do=index&m=tiger_taoke',
    'redirection' => true,
    'source' => 'VIEW',
  ),
  'module' => 'default',
  'rule' => '-1',
)

2017-05-10 12:39:18 response :
------------
Array:
params : Array ;

2017-05-10 12:40:53 trace :
------------
String:
<xml><ToUserName><![CDATA[gh_421c55699f6c]]></ToUserName>
<FromUserName><![CDATA[oRy3is-d3-7MWlBw-5IZBgn2Br0I]]></FromUserName>
<CreateTime>1494391254</CreateTime>
<MsgType><![CDATA[event]]></MsgType>
<Event><![CDATA[unsubscribe]]></Event>
<EventKey><![CDATA[]]></EventKey>
</xml>

2017-05-10 12:42:02 trace :
------------
String:
<xml><ToUserName><![CDATA[gh_421c55699f6c]]></ToUserName>
<FromUserName><![CDATA[oRy3iswM5sCjVfnbsn9WgDxF6rII]]></FromUserName>
<CreateTime>1494391323</CreateTime>
<MsgType><![CDATA[event]]></MsgType>
<Event><![CDATA[subscribe]]></Event>
<EventKey><![CDATA[last_trade_no_4008992001201705100276033699]]></EventKey>
</xml>

2017-05-10 12:42:02 params :
------------
String:
array (
  'message' => 
  array (
    'tousername' => 'gh_421c55699f6c',
    'fromusername' => 'oRy3iswM5sCjVfnbsn9WgDxF6rII',
    'createtime' => '1494391323',
    'msgtype' => 'event',
    'event' => 'subscribe',
    'eventkey' => 'last_trade_no_4008992001201705100276033699',
    'from' => 'oRy3iswM5sCjVfnbsn9WgDxF6rII',
    'to' => 'gh_421c55699f6c',
    'time' => '1494391323',
    'type' => 'text',
    'scene' => 'last_trade_no_4008992001201705100276033699',
    'redirection' => true,
    'source' => 'subscribe',
    'content' => '欢迎',
  ),
  'module' => 'default',
  'rule' => '-1',
)

2017-05-10 12:42:02 response :
------------
Array:
params : Array ;

2017-05-10 13:02:25 trace :
------------
String:
<xml><ToUserName><![CDATA[gh_421c55699f6c]]></ToUserName>
<FromUserName><![CDATA[oRy3is1XXL1boDLoOKRV1RUGTVcM]]></FromUserName>
<CreateTime>1494392546</CreateTime>
<MsgType><![CDATA[event]]></MsgType>
<Event><![CDATA[subscribe]]></Event>
<EventKey><![CDATA[qrscene_tiger_taoke1330]]></EventKey>
<Ticket><![CDATA[gQFE8TwAAAAAAAAAAS5odHRwOi8vd2VpeGluLnFxLmNvbS9xLzAySXh5eTRIN0pieVAxMDAwMHcwNzAAAgS99-9YAwQAAAAA]]></Ticket>
</xml>

2017-05-10 13:02:26 params :
------------
String:
array (
  'message' => 
  array (
    'tousername' => 'gh_421c55699f6c',
    'fromusername' => 'oRy3is1XXL1boDLoOKRV1RUGTVcM',
    'createtime' => '1494392546',
    'msgtype' => 'event',
    'event' => 'subscribe',
    'eventkey' => 'qrscene_tiger_taoke1330',
    'ticket' => 'gQFE8TwAAAAAAAAAAS5odHRwOi8vd2VpeGluLnFxLmNvbS9xLzAySXh5eTRIN0pieVAxMDAwMHcwNzAAAgS99-9YAwQAAAAA',
    'from' => 'oRy3is1XXL1boDLoOKRV1RUGTVcM',
    'to' => 'gh_421c55699f6c',
    'time' => '1494392546',
    'type' => 'text',
    'scene' => 'tiger_taoke1330',
    'redirection' => true,
    'source' => 'qr',
    'content' => '邀人',
  ),
  'module' => 'default',
  'rule' => '-1',
)

2017-05-10 13:02:26 response :
------------
Array:
params : Array ;

2017-05-10 13:10:27 trace :
------------
String:
<xml><ToUserName><![CDATA[gh_421c55699f6c]]></ToUserName>
<FromUserName><![CDATA[oRy3is61QP89OOhY9FIbqBMMV0_k]]></FromUserName>
<CreateTime>1494393027</CreateTime>
<MsgType><![CDATA[text]]></MsgType>
<Content><![CDATA[【凉鞋2017新款浅口女鞋百搭韩版时尚一字扣单鞋粗跟学生小皮鞋子夏】，点击链接再选择浏览器打开http://c.b0yp.com/h.TwvXoJ?cv=EDuCZGtliwi&sm=351e31，或复制这条信息￥EDuCZGtliwi￥后打开👉手机淘宝👈]]></Content>
<MsgId>6418369178752050768</MsgId>
</xml>

2017-05-10 13:10:27 params :
------------
String:
array (
  'message' => 
  array (
    'tousername' => 'gh_421c55699f6c',
    'fromusername' => 'oRy3is61QP89OOhY9FIbqBMMV0_k',
    'createtime' => '1494393027',
    'msgtype' => 'text',
    'content' => '【凉鞋2017新款浅口女鞋百搭韩版时尚一字扣单鞋粗跟学生小皮鞋子夏】，点击链接再选择浏览器打开http://c.b0yp.com/h.TwvXoJ?cv=EDuCZGtliwi&sm=351e31，或复制这条信息￥EDuCZGtliwi￥后打开👉手机淘宝👈',
    'msgid' => '6418369178752050768',
    'from' => 'oRy3is61QP89OOhY9FIbqBMMV0_k',
    'to' => 'gh_421c55699f6c',
    'time' => '1494393027',
    'type' => 'text',
    'event' => NULL,
    'redirection' => false,
    'source' => NULL,
  ),
  'module' => 'tiger_taoke',
  'rule' => '11',
  'priority' => '0',
  'keyword' => 
  array (
    'id' => '15',
    'rid' => '11',
    'uniacid' => '2',
    'module' => 'tiger_taoke',
    'content' => '￥',
    'type' => '3',
    'displayorder' => '0',
    'status' => '1',
  ),
)

2017-05-10 13:10:27 response :
------------
Array:
FromUserName : gh_421c55699f6c ;
ToUserName : oRy3is61QP89OOhY9FIbqBMMV0_k ;
MsgType : text ;
Content : 查券功能已关闭！ ;

2017-05-10 14:20:18 trace :
------------
String:
<xml><ToUserName><![CDATA[gh_421c55699f6c]]></ToUserName>
<FromUserName><![CDATA[oRy3is1isp_QFfJr0qzs1XpdOj-Y]]></FromUserName>
<CreateTime>1494397219</CreateTime>
<MsgType><![CDATA[event]]></MsgType>
<Event><![CDATA[VIEW]]></Event>
<EventKey><![CDATA[http://wqadmin.fanlicool.com/app/index.php?i=2&c=entry&do=member&m=tiger_taoke]]></EventKey>
<MenuId>416162317</MenuId>
</xml>

2017-05-10 14:20:18 params :
------------
String:
array (
  'message' => 
  array (
    'tousername' => 'gh_421c55699f6c',
    'fromusername' => 'oRy3is1isp_QFfJr0qzs1XpdOj-Y',
    'createtime' => '1494397219',
    'msgtype' => 'event',
    'event' => 'VIEW',
    'eventkey' => 'http://wqadmin.fanlicool.com/app/index.php?i=2&c=entry&do=member&m=tiger_taoke',
    'menuid' => '416162317',
    'from' => 'oRy3is1isp_QFfJr0qzs1XpdOj-Y',
    'to' => 'gh_421c55699f6c',
    'time' => '1494397219',
    'type' => 'text',
    'content' => 'http://wqadmin.fanlicool.com/app/index.php?i=2&c=entry&do=member&m=tiger_taoke',
    'redirection' => true,
    'source' => 'VIEW',
  ),
  'module' => 'default',
  'rule' => '-1',
)

2017-05-10 14:20:18 response :
------------
Array:
params : Array ;

2017-05-10 14:52:36 trace :
------------
String:
<xml><ToUserName><![CDATA[gh_421c55699f6c]]></ToUserName>
<FromUserName><![CDATA[oRy3is5haoKHm0ROe_dofpxcxn7U]]></FromUserName>
<CreateTime>1494399157</CreateTime>
<MsgType><![CDATA[text]]></MsgType>
<Content><![CDATA[【我剁手都要买的宝贝（四合一滑板车儿童四轮闪光手推可升降2岁3岁宝宝米逗可坐滑滑车），快来和我一起瓜分红包】，点击链接再选择浏览器打开http://c.b0yp.com/h.TDn7CM?cv=62JfZGG4U4O&sm=b6a600，或复制这条信息￥62JfZGG4U4O￥后打开👉手机淘宝👈]]></Content>
<MsgId>6418395506901580521</MsgId>
</xml>

2017-05-10 14:52:36 params :
------------
String:
array (
  'message' => 
  array (
    'tousername' => 'gh_421c55699f6c',
    'fromusername' => 'oRy3is5haoKHm0ROe_dofpxcxn7U',
    'createtime' => '1494399157',
    'msgtype' => 'text',
    'content' => '【我剁手都要买的宝贝（四合一滑板车儿童四轮闪光手推可升降2岁3岁宝宝米逗可坐滑滑车），快来和我一起瓜分红包】，点击链接再选择浏览器打开http://c.b0yp.com/h.TDn7CM?cv=62JfZGG4U4O&sm=b6a600，或复制这条信息￥62JfZGG4U4O￥后打开👉手机淘宝👈',
    'msgid' => '6418395506901580521',
    'from' => 'oRy3is5haoKHm0ROe_dofpxcxn7U',
    'to' => 'gh_421c55699f6c',
    'time' => '1494399157',
    'type' => 'text',
    'event' => NULL,
    'redirection' => false,
    'source' => NULL,
  ),
  'module' => 'tiger_taoke',
  'rule' => '11',
  'priority' => '0',
  'keyword' => 
  array (
    'id' => '15',
    'rid' => '11',
    'uniacid' => '2',
    'module' => 'tiger_taoke',
    'content' => '￥',
    'type' => '3',
    'displayorder' => '0',
    'status' => '1',
  ),
)

2017-05-10 14:52:36 response :
------------
Array:
FromUserName : gh_421c55699f6c ;
ToUserName : oRy3is5haoKHm0ROe_dofpxcxn7U ;
MsgType : text ;
Content : 查券功能已关闭！ ;

2017-05-10 15:00:14 trace :
------------
String:
<xml><ToUserName><![CDATA[gh_421c55699f6c]]></ToUserName>
<FromUserName><![CDATA[oRy3is80ydJlbkZ4y_dl8wiQs5Qg]]></FromUserName>
<CreateTime>1494399615</CreateTime>
<MsgType><![CDATA[text]]></MsgType>
<Content><![CDATA[【【天天特价】家用网格蚊香盘带盖蚊香架蚊香座防火防烫接灰盘蚊香】，点击链接再选择浏览器打开http://c.b0yp.com/h.TDLS8m?cv=70K8ZGG53oh&sm=a99ea3，或复制这条信息￥70K8ZGG53oh￥后打开👉手机淘宝👈]]></Content>
<MsgId>6418397473996602494</MsgId>
</xml>

2017-05-10 15:00:14 params :
------------
String:
array (
  'message' => 
  array (
    'tousername' => 'gh_421c55699f6c',
    'fromusername' => 'oRy3is80ydJlbkZ4y_dl8wiQs5Qg',
    'createtime' => '1494399615',
    'msgtype' => 'text',
    'content' => '【【天天特价】家用网格蚊香盘带盖蚊香架蚊香座防火防烫接灰盘蚊香】，点击链接再选择浏览器打开http://c.b0yp.com/h.TDLS8m?cv=70K8ZGG53oh&sm=a99ea3，或复制这条信息￥70K8ZGG53oh￥后打开👉手机淘宝👈',
    'msgid' => '6418397473996602494',
    'from' => 'oRy3is80ydJlbkZ4y_dl8wiQs5Qg',
    'to' => 'gh_421c55699f6c',
    'time' => '1494399615',
    'type' => 'text',
    'event' => NULL,
    'redirection' => false,
    'source' => NULL,
  ),
  'module' => 'tiger_taoke',
  'rule' => '11',
  'priority' => '0',
  'keyword' => 
  array (
    'id' => '15',
    'rid' => '11',
    'uniacid' => '2',
    'module' => 'tiger_taoke',
    'content' => '￥',
    'type' => '3',
    'displayorder' => '0',
    'status' => '1',
  ),
)

2017-05-10 15:00:14 response :
------------
Array:
FromUserName : gh_421c55699f6c ;
ToUserName : oRy3is80ydJlbkZ4y_dl8wiQs5Qg ;
MsgType : text ;
Content : 查券功能已关闭！ ;

2017-05-10 15:00:41 trace :
------------
String:
<xml><ToUserName><![CDATA[gh_421c55699f6c]]></ToUserName>
<FromUserName><![CDATA[oRy3is5OUW4AXoBHR_6d6BITDcU8]]></FromUserName>
<CreateTime>1494399642</CreateTime>
<MsgType><![CDATA[event]]></MsgType>
<Event><![CDATA[VIEW]]></Event>
<EventKey><![CDATA[http://i.eqxiu.com/s/H8eS5oEM]]></EventKey>
<MenuId>416162317</MenuId>
</xml>

2017-05-10 15:00:41 params :
------------
String:
array (
  'message' => 
  array (
    'tousername' => 'gh_421c55699f6c',
    'fromusername' => 'oRy3is5OUW4AXoBHR_6d6BITDcU8',
    'createtime' => '1494399642',
    'msgtype' => 'event',
    'event' => 'VIEW',
    'eventkey' => 'http://i.eqxiu.com/s/H8eS5oEM',
    'menuid' => '416162317',
    'from' => 'oRy3is5OUW4AXoBHR_6d6BITDcU8',
    'to' => 'gh_421c55699f6c',
    'time' => '1494399642',
    'type' => 'text',
    'content' => 'http://i.eqxiu.com/s/H8eS5oEM',
    'redirection' => true,
    'source' => 'VIEW',
  ),
  'module' => 'default',
  'rule' => '-1',
)

2017-05-10 15:00:41 response :
------------
Array:
params : Array ;

2017-05-10 15:00:41 trace :
------------
String:
<xml><ToUserName><![CDATA[gh_421c55699f6c]]></ToUserName>
<FromUserName><![CDATA[oRy3is80ydJlbkZ4y_dl8wiQs5Qg]]></FromUserName>
<CreateTime>1494399642</CreateTime>
<MsgType><![CDATA[text]]></MsgType>
<Content><![CDATA[怎么查卷]]></Content>
<MsgId>6418397589960719516</MsgId>
</xml>

2017-05-10 15:00:41 params :
------------
String:
array (
  'message' => 
  array (
    'tousername' => 'gh_421c55699f6c',
    'fromusername' => 'oRy3is80ydJlbkZ4y_dl8wiQs5Qg',
    'createtime' => '1494399642',
    'msgtype' => 'text',
    'content' => '怎么查卷',
    'msgid' => '6418397589960719516',
    'from' => 'oRy3is80ydJlbkZ4y_dl8wiQs5Qg',
    'to' => 'gh_421c55699f6c',
    'time' => '1494399642',
    'type' => 'text',
    'event' => NULL,
    'redirection' => false,
    'source' => NULL,
  ),
  'module' => 'default',
  'rule' => '-1',
)

2017-05-10 15:00:41 response :
------------
Array:
params : Array ;

2017-05-10 15:00:48 trace :
------------
String:
<xml><ToUserName><![CDATA[gh_421c55699f6c]]></ToUserName>
<FromUserName><![CDATA[oRy3is80ydJlbkZ4y_dl8wiQs5Qg]]></FromUserName>
<CreateTime>1494399649</CreateTime>
<MsgType><![CDATA[event]]></MsgType>
<Event><![CDATA[VIEW]]></Event>
<EventKey><![CDATA[http://wqadmin.fanlicool.com/app/index.php?i=2&c=entry&do=index&m=tiger_taoke]]></EventKey>
<MenuId>416162317</MenuId>
</xml>

2017-05-10 15:00:48 params :
------------
String:
array (
  'message' => 
  array (
    'tousername' => 'gh_421c55699f6c',
    'fromusername' => 'oRy3is80ydJlbkZ4y_dl8wiQs5Qg',
    'createtime' => '1494399649',
    'msgtype' => 'event',
    'event' => 'VIEW',
    'eventkey' => 'http://wqadmin.fanlicool.com/app/index.php?i=2&c=entry&do=index&m=tiger_taoke',
    'menuid' => '416162317',
    'from' => 'oRy3is80ydJlbkZ4y_dl8wiQs5Qg',
    'to' => 'gh_421c55699f6c',
    'time' => '1494399649',
    'type' => 'text',
    'content' => 'http://wqadmin.fanlicool.com/app/index.php?i=2&c=entry&do=index&m=tiger_taoke',
    'redirection' => true,
    'source' => 'VIEW',
  ),
  'module' => 'default',
  'rule' => '-1',
)

2017-05-10 15:00:48 response :
------------
Array:
params : Array ;

2017-05-10 15:01:53 trace :
------------
String:
<xml><ToUserName><![CDATA[gh_421c55699f6c]]></ToUserName>
<FromUserName><![CDATA[oRy3is5OUW4AXoBHR_6d6BITDcU8]]></FromUserName>
<CreateTime>1494399714</CreateTime>
<MsgType><![CDATA[text]]></MsgType>
<Content><![CDATA[【2017春季薄款外套男青年帅气男士运动休闲春秋夹克连帽春装外衣潮】，点击链接再选择浏览器打开http://c.b0yp.com/h.TDpldP?cv=QtJJZGGgWwA&sm=99b246，或复制这条信息￥QtJJZGGgWwA￥后打开👉手机淘宝👈]]></Content>
<MsgId>6418397899198364874</MsgId>
</xml>

2017-05-10 15:01:53 params :
------------
String:
array (
  'message' => 
  array (
    'tousername' => 'gh_421c55699f6c',
    'fromusername' => 'oRy3is5OUW4AXoBHR_6d6BITDcU8',
    'createtime' => '1494399714',
    'msgtype' => 'text',
    'content' => '【2017春季薄款外套男青年帅气男士运动休闲春秋夹克连帽春装外衣潮】，点击链接再选择浏览器打开http://c.b0yp.com/h.TDpldP?cv=QtJJZGGgWwA&sm=99b246，或复制这条信息￥QtJJZGGgWwA￥后打开👉手机淘宝👈',
    'msgid' => '6418397899198364874',
    'from' => 'oRy3is5OUW4AXoBHR_6d6BITDcU8',
    'to' => 'gh_421c55699f6c',
    'time' => '1494399714',
    'type' => 'text',
    'event' => NULL,
    'redirection' => false,
    'source' => NULL,
  ),
  'module' => 'tiger_taoke',
  'rule' => '11',
  'priority' => '0',
  'keyword' => 
  array (
    'id' => '15',
    'rid' => '11',
    'uniacid' => '2',
    'module' => 'tiger_taoke',
    'content' => '￥',
    'type' => '3',
    'displayorder' => '0',
    'status' => '1',
  ),
)

2017-05-10 15:01:53 response :
------------
Array:
FromUserName : gh_421c55699f6c ;
ToUserName : oRy3is5OUW4AXoBHR_6d6BITDcU8 ;
MsgType : text ;
Content : 查券功能已关闭！ ;

2017-05-10 15:07:55 trace :
------------
String:
<xml><ToUserName><![CDATA[gh_421c55699f6c]]></ToUserName>
<FromUserName><![CDATA[oRy3is80ydJlbkZ4y_dl8wiQs5Qg]]></FromUserName>
<CreateTime>1494400076</CreateTime>
<MsgType><![CDATA[event]]></MsgType>
<Event><![CDATA[VIEW]]></Event>
<EventKey><![CDATA[http://i.eqxiu.com/s/H8eS5oEM]]></EventKey>
<MenuId>416162317</MenuId>
</xml>

2017-05-10 15:07:55 params :
------------
String:
array (
  'message' => 
  array (
    'tousername' => 'gh_421c55699f6c',
    'fromusername' => 'oRy3is80ydJlbkZ4y_dl8wiQs5Qg',
    'createtime' => '1494400076',
    'msgtype' => 'event',
    'event' => 'VIEW',
    'eventkey' => 'http://i.eqxiu.com/s/H8eS5oEM',
    'menuid' => '416162317',
    'from' => 'oRy3is80ydJlbkZ4y_dl8wiQs5Qg',
    'to' => 'gh_421c55699f6c',
    'time' => '1494400076',
    'type' => 'text',
    'content' => 'http://i.eqxiu.com/s/H8eS5oEM',
    'redirection' => true,
    'source' => 'VIEW',
  ),
  'module' => 'default',
  'rule' => '-1',
)

2017-05-10 15:07:55 response :
------------
Array:
params : Array ;

2017-05-10 15:15:06 trace :
------------
String:
<xml><ToUserName><![CDATA[gh_421c55699f6c]]></ToUserName>
<FromUserName><![CDATA[oRy3is8C704ch4wyMXJY8rUPuWIs]]></FromUserName>
<CreateTime>1494400507</CreateTime>
<MsgType><![CDATA[event]]></MsgType>
<Event><![CDATA[VIEW]]></Event>
<EventKey><![CDATA[http://wqadmin.fanlicool.com/app/index.php?i=2&c=entry&do=mfan1&m=tiger_taoke]]></EventKey>
<MenuId>416162317</MenuId>
</xml>

2017-05-10 15:15:06 params :
------------
String:
array (
  'message' => 
  array (
    'tousername' => 'gh_421c55699f6c',
    'fromusername' => 'oRy3is8C704ch4wyMXJY8rUPuWIs',
    'createtime' => '1494400507',
    'msgtype' => 'event',
    'event' => 'VIEW',
    'eventkey' => 'http://wqadmin.fanlicool.com/app/index.php?i=2&c=entry&do=mfan1&m=tiger_taoke',
    'menuid' => '416162317',
    'from' => 'oRy3is8C704ch4wyMXJY8rUPuWIs',
    'to' => 'gh_421c55699f6c',
    'time' => '1494400507',
    'type' => 'text',
    'content' => 'http://wqadmin.fanlicool.com/app/index.php?i=2&c=entry&do=mfan1&m=tiger_taoke',
    'redirection' => true,
    'source' => 'VIEW',
  ),
  'module' => 'default',
  'rule' => '-1',
)

2017-05-10 15:15:06 response :
------------
Array:
params : Array ;

2017-05-10 15:15:27 trace :
------------
String:
<xml><ToUserName><![CDATA[gh_421c55699f6c]]></ToUserName>
<FromUserName><![CDATA[oRy3is8C704ch4wyMXJY8rUPuWIs]]></FromUserName>
<CreateTime>1494400528</CreateTime>
<MsgType><![CDATA[event]]></MsgType>
<Event><![CDATA[VIEW]]></Event>
<EventKey><![CDATA[http://i.eqxiu.com/s/H8eS5oEM]]></EventKey>
<MenuId>416162317</MenuId>
</xml>

2017-05-10 15:15:27 params :
------------
String:
array (
  'message' => 
  array (
    'tousername' => 'gh_421c55699f6c',
    'fromusername' => 'oRy3is8C704ch4wyMXJY8rUPuWIs',
    'createtime' => '1494400528',
    'msgtype' => 'event',
    'event' => 'VIEW',
    'eventkey' => 'http://i.eqxiu.com/s/H8eS5oEM',
    'menuid' => '416162317',
    'from' => 'oRy3is8C704ch4wyMXJY8rUPuWIs',
    'to' => 'gh_421c55699f6c',
    'time' => '1494400528',
    'type' => 'text',
    'content' => 'http://i.eqxiu.com/s/H8eS5oEM',
    'redirection' => true,
    'source' => 'VIEW',
  ),
  'module' => 'default',
  'rule' => '-1',
)

2017-05-10 15:15:27 response :
------------
Array:
params : Array ;

2017-05-10 15:22:02 trace :
------------
String:
<xml><ToUserName><![CDATA[gh_421c55699f6c]]></ToUserName>
<FromUserName><![CDATA[oRy3is8C704ch4wyMXJY8rUPuWIs]]></FromUserName>
<CreateTime>1494400923</CreateTime>
<MsgType><![CDATA[event]]></MsgType>
<Event><![CDATA[VIEW]]></Event>
<EventKey><![CDATA[http://wqadmin.fanlicool.com/app/index.php?i=2&c=entry&do=orderlist&op=qb&m=tiger_taoke]]></EventKey>
<MenuId>416162317</MenuId>
</xml>

2017-05-10 15:22:02 params :
------------
String:
array (
  'message' => 
  array (
    'tousername' => 'gh_421c55699f6c',
    'fromusername' => 'oRy3is8C704ch4wyMXJY8rUPuWIs',
    'createtime' => '1494400923',
    'msgtype' => 'event',
    'event' => 'VIEW',
    'eventkey' => 'http://wqadmin.fanlicool.com/app/index.php?i=2&c=entry&do=orderlist&op=qb&m=tiger_taoke',
    'menuid' => '416162317',
    'from' => 'oRy3is8C704ch4wyMXJY8rUPuWIs',
    'to' => 'gh_421c55699f6c',
    'time' => '1494400923',
    'type' => 'text',
    'content' => 'http://wqadmin.fanlicool.com/app/index.php?i=2&c=entry&do=orderlist&op=qb&m=tiger_taoke',
    'redirection' => true,
    'source' => 'VIEW',
  ),
  'module' => 'default',
  'rule' => '-1',
)

2017-05-10 15:22:02 response :
------------
Array:
params : Array ;

2017-05-10 15:29:34 trace :
------------
String:
<xml><ToUserName><![CDATA[gh_421c55699f6c]]></ToUserName>
<FromUserName><![CDATA[oRy3isxtsxDsinxApl770kuKvH_s]]></FromUserName>
<CreateTime>1494401374</CreateTime>
<MsgType><![CDATA[event]]></MsgType>
<Event><![CDATA[subscribe]]></Event>
<EventKey><![CDATA[qrscene_tiger_taoke1330]]></EventKey>
<Ticket><![CDATA[gQFE8TwAAAAAAAAAAS5odHRwOi8vd2VpeGluLnFxLmNvbS9xLzAySXh5eTRIN0pieVAxMDAwMHcwNzAAAgS99-9YAwQAAAAA]]></Ticket>
</xml>

2017-05-10 15:29:35 params :
------------
String:
array (
  'message' => 
  array (
    'tousername' => 'gh_421c55699f6c',
    'fromusername' => 'oRy3isxtsxDsinxApl770kuKvH_s',
    'createtime' => '1494401374',
    'msgtype' => 'event',
    'event' => 'subscribe',
    'eventkey' => 'qrscene_tiger_taoke1330',
    'ticket' => 'gQFE8TwAAAAAAAAAAS5odHRwOi8vd2VpeGluLnFxLmNvbS9xLzAySXh5eTRIN0pieVAxMDAwMHcwNzAAAgS99-9YAwQAAAAA',
    'from' => 'oRy3isxtsxDsinxApl770kuKvH_s',
    'to' => 'gh_421c55699f6c',
    'time' => '1494401374',
    'type' => 'text',
    'scene' => 'tiger_taoke1330',
    'redirection' => true,
    'source' => 'qr',
    'content' => '邀人',
  ),
  'module' => 'default',
  'rule' => '-1',
)

2017-05-10 15:29:35 response :
------------
Array:
params : Array ;

2017-05-10 15:30:15 trace :
------------
String:
<xml><ToUserName><![CDATA[gh_421c55699f6c]]></ToUserName>
<FromUserName><![CDATA[oRy3is8C704ch4wyMXJY8rUPuWIs]]></FromUserName>
<CreateTime>1494401416</CreateTime>
<MsgType><![CDATA[event]]></MsgType>
<Event><![CDATA[CLICK]]></Event>
<EventKey><![CDATA[邀人]]></EventKey>
</xml>

2017-05-10 15:30:17 params :
------------
String:
array (
  'message' => 
  array (
    'tousername' => 'gh_421c55699f6c',
    'fromusername' => 'oRy3is8C704ch4wyMXJY8rUPuWIs',
    'createtime' => '1494401416',
    'msgtype' => 'event',
    'event' => 'CLICK',
    'eventkey' => '邀人',
    'from' => 'oRy3is8C704ch4wyMXJY8rUPuWIs',
    'to' => 'gh_421c55699f6c',
    'time' => '1494401416',
    'type' => 'text',
    'content' => '邀人',
    'redirection' => true,
    'source' => 'click',
  ),
  'module' => 'tiger_taoke',
  'rule' => '20',
  'priority' => '254',
  'keyword' => 
  array (
    'id' => '25',
    'rid' => '20',
    'uniacid' => '2',
    'module' => 'tiger_taoke',
    'content' => '邀人',
    'type' => '1',
    'displayorder' => '254',
    'status' => '1',
  ),
)

2017-05-10 15:30:17 response :
------------
Array:
FromUserName : gh_421c55699f6c ;
ToUserName : oRy3is8C704ch4wyMXJY8rUPuWIs ;
MsgType : image ;
Image : Array ;

2017-05-10 15:31:15 trace :
------------
String:
<xml><ToUserName><![CDATA[gh_421c55699f6c]]></ToUserName>
<FromUserName><![CDATA[oRy3is8C704ch4wyMXJY8rUPuWIs]]></FromUserName>
<CreateTime>1494401476</CreateTime>
<MsgType><![CDATA[event]]></MsgType>
<Event><![CDATA[VIEW]]></Event>
<EventKey><![CDATA[https://h5.wps.cn/p/99711f94.html]]></EventKey>
<MenuId>416162317</MenuId>
</xml>

2017-05-10 15:31:15 params :
------------
String:
array (
  'message' => 
  array (
    'tousername' => 'gh_421c55699f6c',
    'fromusername' => 'oRy3is8C704ch4wyMXJY8rUPuWIs',
    'createtime' => '1494401476',
    'msgtype' => 'event',
    'event' => 'VIEW',
    'eventkey' => 'https://h5.wps.cn/p/99711f94.html',
    'menuid' => '416162317',
    'from' => 'oRy3is8C704ch4wyMXJY8rUPuWIs',
    'to' => 'gh_421c55699f6c',
    'time' => '1494401476',
    'type' => 'text',
    'content' => 'https://h5.wps.cn/p/99711f94.html',
    'redirection' => true,
    'source' => 'VIEW',
  ),
  'module' => 'default',
  'rule' => '-1',
)

2017-05-10 15:31:15 response :
------------
Array:
params : Array ;

2017-05-10 16:13:26 trace :
------------
String:
<xml><ToUserName><![CDATA[gh_421c55699f6c]]></ToUserName>
<FromUserName><![CDATA[oRy3is9PBObnkU9nZ6k4dVhUBAz8]]></FromUserName>
<CreateTime>1494404007</CreateTime>
<MsgType><![CDATA[event]]></MsgType>
<Event><![CDATA[VIEW]]></Event>
<EventKey><![CDATA[http://wqadmin.fanlicool.com/app/index.php?i=2&c=entry&do=orderlist&op=qb&m=tiger_taoke]]></EventKey>
<MenuId>416162317</MenuId>
</xml>

2017-05-10 16:13:26 params :
------------
String:
array (
  'message' => 
  array (
    'tousername' => 'gh_421c55699f6c',
    'fromusername' => 'oRy3is9PBObnkU9nZ6k4dVhUBAz8',
    'createtime' => '1494404007',
    'msgtype' => 'event',
    'event' => 'VIEW',
    'eventkey' => 'http://wqadmin.fanlicool.com/app/index.php?i=2&c=entry&do=orderlist&op=qb&m=tiger_taoke',
    'menuid' => '416162317',
    'from' => 'oRy3is9PBObnkU9nZ6k4dVhUBAz8',
    'to' => 'gh_421c55699f6c',
    'time' => '1494404007',
    'type' => 'text',
    'content' => 'http://wqadmin.fanlicool.com/app/index.php?i=2&c=entry&do=orderlist&op=qb&m=tiger_taoke',
    'redirection' => true,
    'source' => 'VIEW',
  ),
  'module' => 'default',
  'rule' => '-1',
)

2017-05-10 16:13:26 response :
------------
Array:
params : Array ;

2017-05-10 16:41:19 trace :
------------
String:
<xml><ToUserName><![CDATA[gh_421c55699f6c]]></ToUserName>
<FromUserName><![CDATA[oRy3is_PlbTmINabIn8B06y6v0Fk]]></FromUserName>
<CreateTime>1494405680</CreateTime>
<MsgType><![CDATA[event]]></MsgType>
<Event><![CDATA[VIEW]]></Event>
<EventKey><![CDATA[http://wqadmin.fanlicool.com/app/index.php?i=2&c=entry&tj=1&do=catlist&m=tiger_taoke]]></EventKey>
<MenuId>416162317</MenuId>
</xml>

2017-05-10 16:41:19 params :
------------
String:
array (
  'message' => 
  array (
    'tousername' => 'gh_421c55699f6c',
    'fromusername' => 'oRy3is_PlbTmINabIn8B06y6v0Fk',
    'createtime' => '1494405680',
    'msgtype' => 'event',
    'event' => 'VIEW',
    'eventkey' => 'http://wqadmin.fanlicool.com/app/index.php?i=2&c=entry&tj=1&do=catlist&m=tiger_taoke',
    'menuid' => '416162317',
    'from' => 'oRy3is_PlbTmINabIn8B06y6v0Fk',
    'to' => 'gh_421c55699f6c',
    'time' => '1494405680',
    'type' => 'text',
    'content' => 'http://wqadmin.fanlicool.com/app/index.php?i=2&c=entry&tj=1&do=catlist&m=tiger_taoke',
    'redirection' => true,
    'source' => 'VIEW',
  ),
  'module' => 'default',
  'rule' => '-1',
)

2017-05-10 16:41:19 response :
------------
Array:
params : Array ;

2017-05-10 16:41:52 trace :
------------
String:
<xml><ToUserName><![CDATA[gh_421c55699f6c]]></ToUserName>
<FromUserName><![CDATA[oRy3is_PlbTmINabIn8B06y6v0Fk]]></FromUserName>
<CreateTime>1494405713</CreateTime>
<MsgType><![CDATA[event]]></MsgType>
<Event><![CDATA[VIEW]]></Event>
<EventKey><![CDATA[http://wqadmin.fanlicool.com/app/index.php?i=2&c=entry&tj=1&do=catlist&m=tiger_taoke]]></EventKey>
<MenuId>416162317</MenuId>
</xml>

2017-05-10 16:41:52 params :
------------
String:
array (
  'message' => 
  array (
    'tousername' => 'gh_421c55699f6c',
    'fromusername' => 'oRy3is_PlbTmINabIn8B06y6v0Fk',
    'createtime' => '1494405713',
    'msgtype' => 'event',
    'event' => 'VIEW',
    'eventkey' => 'http://wqadmin.fanlicool.com/app/index.php?i=2&c=entry&tj=1&do=catlist&m=tiger_taoke',
    'menuid' => '416162317',
    'from' => 'oRy3is_PlbTmINabIn8B06y6v0Fk',
    'to' => 'gh_421c55699f6c',
    'time' => '1494405713',
    'type' => 'text',
    'content' => 'http://wqadmin.fanlicool.com/app/index.php?i=2&c=entry&tj=1&do=catlist&m=tiger_taoke',
    'redirection' => true,
    'source' => 'VIEW',
  ),
  'module' => 'default',
  'rule' => '-1',
)

2017-05-10 16:41:52 response :
------------
Array:
params : Array ;

2017-05-10 16:42:14 trace :
------------
String:
<xml><ToUserName><![CDATA[gh_421c55699f6c]]></ToUserName>
<FromUserName><![CDATA[oRy3is_PlbTmINabIn8B06y6v0Fk]]></FromUserName>
<CreateTime>1494405735</CreateTime>
<MsgType><![CDATA[event]]></MsgType>
<Event><![CDATA[VIEW]]></Event>
<EventKey><![CDATA[http://wqadmin.fanlicool.com/app/index.php?i=2&c=entry&do=goods&m=tiger_taoke]]></EventKey>
<MenuId>416162317</MenuId>
</xml>

2017-05-10 16:42:14 params :
------------
String:
array (
  'message' => 
  array (
    'tousername' => 'gh_421c55699f6c',
    'fromusername' => 'oRy3is_PlbTmINabIn8B06y6v0Fk',
    'createtime' => '1494405735',
    'msgtype' => 'event',
    'event' => 'VIEW',
    'eventkey' => 'http://wqadmin.fanlicool.com/app/index.php?i=2&c=entry&do=goods&m=tiger_taoke',
    'menuid' => '416162317',
    'from' => 'oRy3is_PlbTmINabIn8B06y6v0Fk',
    'to' => 'gh_421c55699f6c',
    'time' => '1494405735',
    'type' => 'text',
    'content' => 'http://wqadmin.fanlicool.com/app/index.php?i=2&c=entry&do=goods&m=tiger_taoke',
    'redirection' => true,
    'source' => 'VIEW',
  ),
  'module' => 'default',
  'rule' => '-1',
)

2017-05-10 16:42:14 response :
------------
Array:
params : Array ;

2017-05-10 16:42:32 trace :
------------
String:
<xml><ToUserName><![CDATA[gh_421c55699f6c]]></ToUserName>
<FromUserName><![CDATA[oRy3is_PlbTmINabIn8B06y6v0Fk]]></FromUserName>
<CreateTime>1494405753</CreateTime>
<MsgType><![CDATA[event]]></MsgType>
<Event><![CDATA[VIEW]]></Event>
<EventKey><![CDATA[http://wqadmin.fanlicool.com/app/index.php?i=2&c=entry&do=mfan1&m=tiger_taoke]]></EventKey>
<MenuId>416162317</MenuId>
</xml>

2017-05-10 16:42:32 params :
------------
String:
array (
  'message' => 
  array (
    'tousername' => 'gh_421c55699f6c',
    'fromusername' => 'oRy3is_PlbTmINabIn8B06y6v0Fk',
    'createtime' => '1494405753',
    'msgtype' => 'event',
    'event' => 'VIEW',
    'eventkey' => 'http://wqadmin.fanlicool.com/app/index.php?i=2&c=entry&do=mfan1&m=tiger_taoke',
    'menuid' => '416162317',
    'from' => 'oRy3is_PlbTmINabIn8B06y6v0Fk',
    'to' => 'gh_421c55699f6c',
    'time' => '1494405753',
    'type' => 'text',
    'content' => 'http://wqadmin.fanlicool.com/app/index.php?i=2&c=entry&do=mfan1&m=tiger_taoke',
    'redirection' => true,
    'source' => 'VIEW',
  ),
  'module' => 'default',
  'rule' => '-1',
)

2017-05-10 16:42:32 response :
------------
Array:
params : Array ;

2017-05-10 17:28:21 trace :
------------
String:
<xml><ToUserName><![CDATA[gh_421c55699f6c]]></ToUserName>
<FromUserName><![CDATA[oRy3is-5EO-XX9yREjVk-rZSa0oM]]></FromUserName>
<CreateTime>1494408502</CreateTime>
<MsgType><![CDATA[text]]></MsgType>
<Content><![CDATA[【2017春夏森女复古亚麻裙文艺棉麻背带半身裙中长款大摆长裙学生女】，点击链接再选择浏览器打开http://c.b0yp.com/h.TxS70o?cv=LrLtZGGBv3Z&sm=786a3c，或复制这条信息￥LrLtZGGBv3Z￥后打开👉手机淘宝👈]]></Content>
<MsgId>6418435643370969227</MsgId>
</xml>

2017-05-10 17:28:21 params :
------------
String:
array (
  'message' => 
  array (
    'tousername' => 'gh_421c55699f6c',
    'fromusername' => 'oRy3is-5EO-XX9yREjVk-rZSa0oM',
    'createtime' => '1494408502',
    'msgtype' => 'text',
    'content' => '【2017春夏森女复古亚麻裙文艺棉麻背带半身裙中长款大摆长裙学生女】，点击链接再选择浏览器打开http://c.b0yp.com/h.TxS70o?cv=LrLtZGGBv3Z&sm=786a3c，或复制这条信息￥LrLtZGGBv3Z￥后打开👉手机淘宝👈',
    'msgid' => '6418435643370969227',
    'from' => 'oRy3is-5EO-XX9yREjVk-rZSa0oM',
    'to' => 'gh_421c55699f6c',
    'time' => '1494408502',
    'type' => 'text',
    'event' => NULL,
    'redirection' => false,
    'source' => NULL,
  ),
  'module' => 'tiger_taoke',
  'rule' => '11',
  'priority' => '0',
  'keyword' => 
  array (
    'id' => '15',
    'rid' => '11',
    'uniacid' => '2',
    'module' => 'tiger_taoke',
    'content' => '￥',
    'type' => '3',
    'displayorder' => '0',
    'status' => '1',
  ),
)

2017-05-10 17:28:21 response :
------------
Array:
FromUserName : gh_421c55699f6c ;
ToUserName : oRy3is-5EO-XX9yREjVk-rZSa0oM ;
MsgType : text ;
Content : 查券功能已关闭！ ;

2017-05-10 18:01:04 trace :
------------
String:
<xml><ToUserName><![CDATA[gh_421c55699f6c]]></ToUserName>
<FromUserName><![CDATA[oRy3is8pp9Jhbic9r_lUKZXmYOGA]]></FromUserName>
<CreateTime>1494410465</CreateTime>
<MsgType><![CDATA[event]]></MsgType>
<Event><![CDATA[unsubscribe]]></Event>
<EventKey><![CDATA[]]></EventKey>
</xml>

2017-05-10 18:42:57 trace :
------------
String:
<xml><ToUserName><![CDATA[gh_421c55699f6c]]></ToUserName>
<FromUserName><![CDATA[oRy3iswyRT-jTmU7tUf6E3A54Z6U]]></FromUserName>
<CreateTime>1494412978</CreateTime>
<MsgType><![CDATA[event]]></MsgType>
<Event><![CDATA[unsubscribe]]></Event>
<EventKey><![CDATA[]]></EventKey>
</xml>

2017-05-10 18:56:33 trace :
------------
String:
<xml><ToUserName><![CDATA[gh_421c55699f6c]]></ToUserName>
<FromUserName><![CDATA[oRy3is5arXHgIgZNESlmQvwkpJas]]></FromUserName>
<CreateTime>1494413794</CreateTime>
<MsgType><![CDATA[text]]></MsgType>
<Content><![CDATA[【陆盛通用旋转拖把配件手压拖把杆替换神拖旋转替换墩布头拖把头】，点击链接再选择浏览器打开http://c.b0yp.com/h.TCUjMC?cv=SKtLZGuFTUz&sm=dbee81，或复制这条信息￥SKtLZGuFTUz￥后打开👉手机淘宝👈]]></Content>
<MsgId>6418458372337903418</MsgId>
</xml>

2017-05-10 18:56:33 params :
------------
String:
array (
  'message' => 
  array (
    'tousername' => 'gh_421c55699f6c',
    'fromusername' => 'oRy3is5arXHgIgZNESlmQvwkpJas',
    'createtime' => '1494413794',
    'msgtype' => 'text',
    'content' => '【陆盛通用旋转拖把配件手压拖把杆替换神拖旋转替换墩布头拖把头】，点击链接再选择浏览器打开http://c.b0yp.com/h.TCUjMC?cv=SKtLZGuFTUz&sm=dbee81，或复制这条信息￥SKtLZGuFTUz￥后打开👉手机淘宝👈',
    'msgid' => '6418458372337903418',
    'from' => 'oRy3is5arXHgIgZNESlmQvwkpJas',
    'to' => 'gh_421c55699f6c',
    'time' => '1494413794',
    'type' => 'text',
    'event' => NULL,
    'redirection' => false,
    'source' => NULL,
  ),
  'module' => 'tiger_taoke',
  'rule' => '11',
  'priority' => '0',
  'keyword' => 
  array (
    'id' => '15',
    'rid' => '11',
    'uniacid' => '2',
    'module' => 'tiger_taoke',
    'content' => '￥',
    'type' => '3',
    'displayorder' => '0',
    'status' => '1',
  ),
)

2017-05-10 18:56:33 response :
------------
Array:
FromUserName : gh_421c55699f6c ;
ToUserName : oRy3is5arXHgIgZNESlmQvwkpJas ;
MsgType : text ;
Content : 查券功能已关闭！ ;

2017-05-10 20:07:55 trace :
------------
String:
<xml><ToUserName><![CDATA[gh_421c55699f6c]]></ToUserName>
<FromUserName><![CDATA[oRy3is12Nwvp8gKKGYQkYdhz330k]]></FromUserName>
<CreateTime>1494418076</CreateTime>
<MsgType><![CDATA[text]]></MsgType>
<Content><![CDATA[【关东忆品黑木耳 东北特产黄松甸秋木耳正宗无根野生干货木耳500g】http://c.b0yp.com/h.TCIDJI?cv=nhM1srtDMk&sm=24813d 点击链接，再选择浏览器打开；或复制这条信息，打开👉手机淘宝👈￥nhM1srtDMk￥]]></Content>
<MsgId>6418476763387867405</MsgId>
</xml>

2017-05-10 20:07:55 params :
------------
String:
array (
  'message' => 
  array (
    'tousername' => 'gh_421c55699f6c',
    'fromusername' => 'oRy3is12Nwvp8gKKGYQkYdhz330k',
    'createtime' => '1494418076',
    'msgtype' => 'text',
    'content' => '【关东忆品黑木耳 东北特产黄松甸秋木耳正宗无根野生干货木耳500g】http://c.b0yp.com/h.TCIDJI?cv=nhM1srtDMk&sm=24813d 点击链接，再选择浏览器打开；或复制这条信息，打开👉手机淘宝👈￥nhM1srtDMk￥',
    'msgid' => '6418476763387867405',
    'from' => 'oRy3is12Nwvp8gKKGYQkYdhz330k',
    'to' => 'gh_421c55699f6c',
    'time' => '1494418076',
    'type' => 'text',
    'event' => NULL,
    'redirection' => false,
    'source' => NULL,
  ),
  'module' => 'tiger_taoke',
  'rule' => '11',
  'priority' => '0',
  'keyword' => 
  array (
    'id' => '15',
    'rid' => '11',
    'uniacid' => '2',
    'module' => 'tiger_taoke',
    'content' => '￥',
    'type' => '3',
    'displayorder' => '0',
    'status' => '1',
  ),
)

2017-05-10 20:07:55 response :
------------
Array:
FromUserName : gh_421c55699f6c ;
ToUserName : oRy3is12Nwvp8gKKGYQkYdhz330k ;
MsgType : text ;
Content : 查券功能已关闭！ ;

2017-05-10 20:13:17 trace :
------------
String:
<xml><ToUserName><![CDATA[gh_421c55699f6c]]></ToUserName>
<FromUserName><![CDATA[oRy3isx0hK9BH9v0ZAhx4sP16nhM]]></FromUserName>
<CreateTime>1494418398</CreateTime>
<MsgType><![CDATA[event]]></MsgType>
<Event><![CDATA[unsubscribe]]></Event>
<EventKey><![CDATA[]]></EventKey>
</xml>

2017-05-10 20:52:51 trace :
------------
String:
<xml><ToUserName><![CDATA[gh_421c55699f6c]]></ToUserName>
<FromUserName><![CDATA[oRy3is7Ga5wQXbXCxbyd0rpffGgg]]></FromUserName>
<CreateTime>1494420772</CreateTime>
<MsgType><![CDATA[event]]></MsgType>
<Event><![CDATA[VIEW]]></Event>
<EventKey><![CDATA[http://i.eqxiu.com/s/H8eS5oEM]]></EventKey>
<MenuId>416162317</MenuId>
</xml>

2017-05-10 20:52:51 params :
------------
String:
array (
  'message' => 
  array (
    'tousername' => 'gh_421c55699f6c',
    'fromusername' => 'oRy3is7Ga5wQXbXCxbyd0rpffGgg',
    'createtime' => '1494420772',
    'msgtype' => 'event',
    'event' => 'VIEW',
    'eventkey' => 'http://i.eqxiu.com/s/H8eS5oEM',
    'menuid' => '416162317',
    'from' => 'oRy3is7Ga5wQXbXCxbyd0rpffGgg',
    'to' => 'gh_421c55699f6c',
    'time' => '1494420772',
    'type' => 'text',
    'content' => 'http://i.eqxiu.com/s/H8eS5oEM',
    'redirection' => true,
    'source' => 'VIEW',
  ),
  'module' => 'default',
  'rule' => '-1',
)

2017-05-10 20:52:51 response :
------------
Array:
params : Array ;

2017-05-10 20:52:57 trace :
------------
String:
<xml><ToUserName><![CDATA[gh_421c55699f6c]]></ToUserName>
<FromUserName><![CDATA[oRy3is7Ga5wQXbXCxbyd0rpffGgg]]></FromUserName>
<CreateTime>1494420778</CreateTime>
<MsgType><![CDATA[text]]></MsgType>
<Content><![CDATA[【2盒减10+洁面乳]博士伦隐形近视眼镜护理液美瞳药水清透500+120ml】，点击链接再选择浏览器打开http://c.b0yp.com/h.TyY015?cv=ISMjZGFnNOu&sm=829203，或复制这条信息￥ISMjZGFnNOu￥后打开👉手机淘宝👈]]></Content>
<MsgId>6418488368389502742</MsgId>
</xml>

2017-05-10 20:52:57 params :
------------
String:
array (
  'message' => 
  array (
    'tousername' => 'gh_421c55699f6c',
    'fromusername' => 'oRy3is7Ga5wQXbXCxbyd0rpffGgg',
    'createtime' => '1494420778',
    'msgtype' => 'text',
    'content' => '【2盒减10+洁面乳]博士伦隐形近视眼镜护理液美瞳药水清透500+120ml】，点击链接再选择浏览器打开http://c.b0yp.com/h.TyY015?cv=ISMjZGFnNOu&sm=829203，或复制这条信息￥ISMjZGFnNOu￥后打开👉手机淘宝👈',
    'msgid' => '6418488368389502742',
    'from' => 'oRy3is7Ga5wQXbXCxbyd0rpffGgg',
    'to' => 'gh_421c55699f6c',
    'time' => '1494420778',
    'type' => 'text',
    'event' => NULL,
    'redirection' => false,
    'source' => NULL,
  ),
  'module' => 'tiger_taoke',
  'rule' => '11',
  'priority' => '0',
  'keyword' => 
  array (
    'id' => '15',
    'rid' => '11',
    'uniacid' => '2',
    'module' => 'tiger_taoke',
    'content' => '￥',
    'type' => '3',
    'displayorder' => '0',
    'status' => '1',
  ),
)

2017-05-10 20:52:57 response :
------------
Array:
FromUserName : gh_421c55699f6c ;
ToUserName : oRy3is7Ga5wQXbXCxbyd0rpffGgg ;
MsgType : text ;
Content : 查券功能已关闭！ ;

2017-05-10 22:37:58 trace :
------------
String:
<xml><ToUserName><![CDATA[gh_421c55699f6c]]></ToUserName>
<FromUserName><![CDATA[oRy3is86qDckMnCaGSoIedi_1vuY]]></FromUserName>
<CreateTime>1494427079</CreateTime>
<MsgType><![CDATA[text]]></MsgType>
<Content><![CDATA[复制这条信息，打开👉手机淘宝👈即可看到【free迷你超薄透气立围 棉柔日用卫生巾组合装50片190mm套装】￥Oaw5IufbcM￥http://c.b0yp.com/h.TgsTqV?cv=Oaw5IufbcM&sm=b35eee]]></Content>
<MsgId>6418515430978436953</MsgId>
</xml>

2017-05-10 22:37:58 params :
------------
String:
array (
  'message' => 
  array (
    'tousername' => 'gh_421c55699f6c',
    'fromusername' => 'oRy3is86qDckMnCaGSoIedi_1vuY',
    'createtime' => '1494427079',
    'msgtype' => 'text',
    'content' => '复制这条信息，打开👉手机淘宝👈即可看到【free迷你超薄透气立围 棉柔日用卫生巾组合装50片190mm套装】￥Oaw5IufbcM￥http://c.b0yp.com/h.TgsTqV?cv=Oaw5IufbcM&sm=b35eee',
    'msgid' => '6418515430978436953',
    'from' => 'oRy3is86qDckMnCaGSoIedi_1vuY',
    'to' => 'gh_421c55699f6c',
    'time' => '1494427079',
    'type' => 'text',
    'event' => NULL,
    'redirection' => false,
    'source' => NULL,
  ),
  'module' => 'tiger_taoke',
  'rule' => '11',
  'priority' => '0',
  'keyword' => 
  array (
    'id' => '15',
    'rid' => '11',
    'uniacid' => '2',
    'module' => 'tiger_taoke',
    'content' => '￥',
    'type' => '3',
    'displayorder' => '0',
    'status' => '1',
  ),
)

2017-05-10 22:37:58 response :
------------
Array:
FromUserName : gh_421c55699f6c ;
ToUserName : oRy3is86qDckMnCaGSoIedi_1vuY ;
MsgType : text ;
Content : 查券功能已关闭！ ;

2017-05-10 22:38:49 trace :
------------
String:
<xml><ToUserName><![CDATA[gh_421c55699f6c]]></ToUserName>
<FromUserName><![CDATA[oRy3is86qDckMnCaGSoIedi_1vuY]]></FromUserName>
<CreateTime>1494427130</CreateTime>
<MsgType><![CDATA[event]]></MsgType>
<Event><![CDATA[VIEW]]></Event>
<EventKey><![CDATA[http://wqadmin.fanlicool.com/app/index.php?i=2&c=entry&do=index&m=tiger_taoke]]></EventKey>
<MenuId>416162317</MenuId>
</xml>

2017-05-10 22:38:49 params :
------------
String:
array (
  'message' => 
  array (
    'tousername' => 'gh_421c55699f6c',
    'fromusername' => 'oRy3is86qDckMnCaGSoIedi_1vuY',
    'createtime' => '1494427130',
    'msgtype' => 'event',
    'event' => 'VIEW',
    'eventkey' => 'http://wqadmin.fanlicool.com/app/index.php?i=2&c=entry&do=index&m=tiger_taoke',
    'menuid' => '416162317',
    'from' => 'oRy3is86qDckMnCaGSoIedi_1vuY',
    'to' => 'gh_421c55699f6c',
    'time' => '1494427130',
    'type' => 'text',
    'content' => 'http://wqadmin.fanlicool.com/app/index.php?i=2&c=entry&do=index&m=tiger_taoke',
    'redirection' => true,
    'source' => 'VIEW',
  ),
  'module' => 'default',
  'rule' => '-1',
)

2017-05-10 22:38:49 response :
------------
Array:
params : Array ;

2017-05-10 22:41:35 trace :
------------
String:
<xml><ToUserName><![CDATA[gh_421c55699f6c]]></ToUserName>
<FromUserName><![CDATA[oRy3is0HSpNu_LBYICikhT5KVun8]]></FromUserName>
<CreateTime>1494427296</CreateTime>
<MsgType><![CDATA[event]]></MsgType>
<Event><![CDATA[CLICK]]></Event>
<EventKey><![CDATA[邀人]]></EventKey>
</xml>

2017-05-10 22:41:36 params :
------------
String:
array (
  'message' => 
  array (
    'tousername' => 'gh_421c55699f6c',
    'fromusername' => 'oRy3is0HSpNu_LBYICikhT5KVun8',
    'createtime' => '1494427296',
    'msgtype' => 'event',
    'event' => 'CLICK',
    'eventkey' => '邀人',
    'from' => 'oRy3is0HSpNu_LBYICikhT5KVun8',
    'to' => 'gh_421c55699f6c',
    'time' => '1494427296',
    'type' => 'text',
    'content' => '邀人',
    'redirection' => true,
    'source' => 'click',
  ),
  'module' => 'tiger_taoke',
  'rule' => '20',
  'priority' => '254',
  'keyword' => 
  array (
    'id' => '25',
    'rid' => '20',
    'uniacid' => '2',
    'module' => 'tiger_taoke',
    'content' => '邀人',
    'type' => '1',
    'displayorder' => '254',
    'status' => '1',
  ),
)

2017-05-10 22:41:36 response :
------------
Array:
FromUserName : gh_421c55699f6c ;
ToUserName : oRy3is0HSpNu_LBYICikhT5KVun8 ;
MsgType : image ;
Image : Array ;

2017-05-10 22:43:17 trace :
------------
String:
<xml><ToUserName><![CDATA[gh_421c55699f6c]]></ToUserName>
<FromUserName><![CDATA[oRy3is0HSpNu_LBYICikhT5KVun8]]></FromUserName>
<CreateTime>1494427398</CreateTime>
<MsgType><![CDATA[text]]></MsgType>
<Content><![CDATA[【【3只装】金川发光羽毛球夜光尼龙晚上耐打闪光 带灯绿色羽毛球】http://c.b0yp.com/h.TXI8aD?cv=EMxPIo4NaQ&sm=9d24ed 点击链接，再选择浏览器打开；或复制这条信息，打开👉手机淘宝👈￥EMxPIo4NaQ￥]]></Content>
<MsgId>6418516801073004465</MsgId>
</xml>

2017-05-10 22:43:17 params :
------------
String:
array (
  'message' => 
  array (
    'tousername' => 'gh_421c55699f6c',
    'fromusername' => 'oRy3is0HSpNu_LBYICikhT5KVun8',
    'createtime' => '1494427398',
    'msgtype' => 'text',
    'content' => '【【3只装】金川发光羽毛球夜光尼龙晚上耐打闪光 带灯绿色羽毛球】http://c.b0yp.com/h.TXI8aD?cv=EMxPIo4NaQ&sm=9d24ed 点击链接，再选择浏览器打开；或复制这条信息，打开👉手机淘宝👈￥EMxPIo4NaQ￥',
    'msgid' => '6418516801073004465',
    'from' => 'oRy3is0HSpNu_LBYICikhT5KVun8',
    'to' => 'gh_421c55699f6c',
    'time' => '1494427398',
    'type' => 'text',
    'event' => NULL,
    'redirection' => false,
    'source' => NULL,
  ),
  'module' => 'tiger_taoke',
  'rule' => '11',
  'priority' => '0',
  'keyword' => 
  array (
    'id' => '15',
    'rid' => '11',
    'uniacid' => '2',
    'module' => 'tiger_taoke',
    'content' => '￥',
    'type' => '3',
    'displayorder' => '0',
    'status' => '1',
  ),
)

2017-05-10 22:43:17 response :
------------
Array:
FromUserName : gh_421c55699f6c ;
ToUserName : oRy3is0HSpNu_LBYICikhT5KVun8 ;
MsgType : text ;
Content : 查券功能已关闭！ ;

2017-05-10 22:43:28 trace :
------------
String:
<xml><ToUserName><![CDATA[gh_421c55699f6c]]></ToUserName>
<FromUserName><![CDATA[oRy3is0HSpNu_LBYICikhT5KVun8]]></FromUserName>
<CreateTime>1494427408</CreateTime>
<MsgType><![CDATA[event]]></MsgType>
<Event><![CDATA[VIEW]]></Event>
<EventKey><![CDATA[http://wqadmin.fanlicool.com/app/index.php?i=2&c=entry&do=live&m=tiger_taoke]]></EventKey>
<MenuId>416162317</MenuId>
</xml>

2017-05-10 22:43:28 params :
------------
String:
array (
  'message' => 
  array (
    'tousername' => 'gh_421c55699f6c',
    'fromusername' => 'oRy3is0HSpNu_LBYICikhT5KVun8',
    'createtime' => '1494427408',
    'msgtype' => 'event',
    'event' => 'VIEW',
    'eventkey' => 'http://wqadmin.fanlicool.com/app/index.php?i=2&c=entry&do=live&m=tiger_taoke',
    'menuid' => '416162317',
    'from' => 'oRy3is0HSpNu_LBYICikhT5KVun8',
    'to' => 'gh_421c55699f6c',
    'time' => '1494427408',
    'type' => 'text',
    'content' => 'http://wqadmin.fanlicool.com/app/index.php?i=2&c=entry&do=live&m=tiger_taoke',
    'redirection' => true,
    'source' => 'VIEW',
  ),
  'module' => 'default',
  'rule' => '-1',
)

2017-05-10 22:43:28 response :
------------
Array:
params : Array ;

2017-05-10 22:44:30 trace :
------------
String:
<xml><ToUserName><![CDATA[gh_421c55699f6c]]></ToUserName>
<FromUserName><![CDATA[oRy3is0HSpNu_LBYICikhT5KVun8]]></FromUserName>
<CreateTime>1494427471</CreateTime>
<MsgType><![CDATA[event]]></MsgType>
<Event><![CDATA[VIEW]]></Event>
<EventKey><![CDATA[http://wqadmin.fanlicool.com/app/index.php?i=2&c=entry&do=index&m=tiger_taoke]]></EventKey>
<MenuId>416162317</MenuId>
</xml>

2017-05-10 22:44:30 params :
------------
String:
array (
  'message' => 
  array (
    'tousername' => 'gh_421c55699f6c',
    'fromusername' => 'oRy3is0HSpNu_LBYICikhT5KVun8',
    'createtime' => '1494427471',
    'msgtype' => 'event',
    'event' => 'VIEW',
    'eventkey' => 'http://wqadmin.fanlicool.com/app/index.php?i=2&c=entry&do=index&m=tiger_taoke',
    'menuid' => '416162317',
    'from' => 'oRy3is0HSpNu_LBYICikhT5KVun8',
    'to' => 'gh_421c55699f6c',
    'time' => '1494427471',
    'type' => 'text',
    'content' => 'http://wqadmin.fanlicool.com/app/index.php?i=2&c=entry&do=index&m=tiger_taoke',
    'redirection' => true,
    'source' => 'VIEW',
  ),
  'module' => 'default',
  'rule' => '-1',
)

2017-05-10 22:44:30 response :
------------
Array:
params : Array ;

2017-05-10 22:52:29 trace :
------------
String:
<xml><ToUserName><![CDATA[gh_421c55699f6c]]></ToUserName>
<FromUserName><![CDATA[oRy3is86qDckMnCaGSoIedi_1vuY]]></FromUserName>
<CreateTime>1494427950</CreateTime>
<MsgType><![CDATA[event]]></MsgType>
<Event><![CDATA[VIEW]]></Event>
<EventKey><![CDATA[http://wqadmin.fanlicool.com/app/index.php?i=2&c=entry&do=live&m=tiger_taoke]]></EventKey>
<MenuId>416162317</MenuId>
</xml>

2017-05-10 22:52:29 params :
------------
String:
array (
  'message' => 
  array (
    'tousername' => 'gh_421c55699f6c',
    'fromusername' => 'oRy3is86qDckMnCaGSoIedi_1vuY',
    'createtime' => '1494427950',
    'msgtype' => 'event',
    'event' => 'VIEW',
    'eventkey' => 'http://wqadmin.fanlicool.com/app/index.php?i=2&c=entry&do=live&m=tiger_taoke',
    'menuid' => '416162317',
    'from' => 'oRy3is86qDckMnCaGSoIedi_1vuY',
    'to' => 'gh_421c55699f6c',
    'time' => '1494427950',
    'type' => 'text',
    'content' => 'http://wqadmin.fanlicool.com/app/index.php?i=2&c=entry&do=live&m=tiger_taoke',
    'redirection' => true,
    'source' => 'VIEW',
  ),
  'module' => 'default',
  'rule' => '-1',
)

2017-05-10 22:52:29 response :
------------
Array:
params : Array ;

2017-05-10 22:52:57 trace :
------------
String:
<xml><ToUserName><![CDATA[gh_421c55699f6c]]></ToUserName>
<FromUserName><![CDATA[oRy3is86qDckMnCaGSoIedi_1vuY]]></FromUserName>
<CreateTime>1494427978</CreateTime>
<MsgType><![CDATA[event]]></MsgType>
<Event><![CDATA[VIEW]]></Event>
<EventKey><![CDATA[http://wqadmin.fanlicool.com/app/index.php?i=2&c=entry&do=index&m=tiger_taoke]]></EventKey>
<MenuId>416162317</MenuId>
</xml>

2017-05-10 22:52:57 params :
------------
String:
array (
  'message' => 
  array (
    'tousername' => 'gh_421c55699f6c',
    'fromusername' => 'oRy3is86qDckMnCaGSoIedi_1vuY',
    'createtime' => '1494427978',
    'msgtype' => 'event',
    'event' => 'VIEW',
    'eventkey' => 'http://wqadmin.fanlicool.com/app/index.php?i=2&c=entry&do=index&m=tiger_taoke',
    'menuid' => '416162317',
    'from' => 'oRy3is86qDckMnCaGSoIedi_1vuY',
    'to' => 'gh_421c55699f6c',
    'time' => '1494427978',
    'type' => 'text',
    'content' => 'http://wqadmin.fanlicool.com/app/index.php?i=2&c=entry&do=index&m=tiger_taoke',
    'redirection' => true,
    'source' => 'VIEW',
  ),
  'module' => 'default',
  'rule' => '-1',
)

2017-05-10 22:52:57 response :
------------
Array:
params : Array ;

2017-05-10 22:58:28 trace :
------------
String:
<xml><ToUserName><![CDATA[gh_421c55699f6c]]></ToUserName>
<FromUserName><![CDATA[oRy3is1XXL1boDLoOKRV1RUGTVcM]]></FromUserName>
<CreateTime>1494428309</CreateTime>
<MsgType><![CDATA[event]]></MsgType>
<Event><![CDATA[unsubscribe]]></Event>
<EventKey><![CDATA[]]></EventKey>
</xml>

2017-05-10 23:05:31 trace :
------------
String:
<xml><ToUserName><![CDATA[gh_421c55699f6c]]></ToUserName>
<FromUserName><![CDATA[oRy3is7YobqY_SagdE8gkx3OMVgE]]></FromUserName>
<CreateTime>1494428732</CreateTime>
<MsgType><![CDATA[event]]></MsgType>
<Event><![CDATA[VIEW]]></Event>
<EventKey><![CDATA[http://wqadmin.fanlicool.com/app/index.php?i=2&c=entry&do=member&m=tiger_taoke]]></EventKey>
<MenuId>416162317</MenuId>
</xml>

2017-05-10 23:05:31 params :
------------
String:
array (
  'message' => 
  array (
    'tousername' => 'gh_421c55699f6c',
    'fromusername' => 'oRy3is7YobqY_SagdE8gkx3OMVgE',
    'createtime' => '1494428732',
    'msgtype' => 'event',
    'event' => 'VIEW',
    'eventkey' => 'http://wqadmin.fanlicool.com/app/index.php?i=2&c=entry&do=member&m=tiger_taoke',
    'menuid' => '416162317',
    'from' => 'oRy3is7YobqY_SagdE8gkx3OMVgE',
    'to' => 'gh_421c55699f6c',
    'time' => '1494428732',
    'type' => 'text',
    'content' => 'http://wqadmin.fanlicool.com/app/index.php?i=2&c=entry&do=member&m=tiger_taoke',
    'redirection' => true,
    'source' => 'VIEW',
  ),
  'module' => 'default',
  'rule' => '-1',
)

2017-05-10 23:05:31 response :
------------
Array:
params : Array ;

2017-05-10 23:08:42 trace :
------------
String:
<xml><ToUserName><![CDATA[gh_421c55699f6c]]></ToUserName>
<FromUserName><![CDATA[oRy3is86qDckMnCaGSoIedi_1vuY]]></FromUserName>
<CreateTime>1494428922</CreateTime>
<MsgType><![CDATA[event]]></MsgType>
<Event><![CDATA[VIEW]]></Event>
<EventKey><![CDATA[http://wqadmin.fanlicool.com/app/index.php?i=2&c=entry&do=index&m=tiger_taoke]]></EventKey>
<MenuId>416162317</MenuId>
</xml>

2017-05-10 23:08:42 params :
------------
String:
array (
  'message' => 
  array (
    'tousername' => 'gh_421c55699f6c',
    'fromusername' => 'oRy3is86qDckMnCaGSoIedi_1vuY',
    'createtime' => '1494428922',
    'msgtype' => 'event',
    'event' => 'VIEW',
    'eventkey' => 'http://wqadmin.fanlicool.com/app/index.php?i=2&c=entry&do=index&m=tiger_taoke',
    'menuid' => '416162317',
    'from' => 'oRy3is86qDckMnCaGSoIedi_1vuY',
    'to' => 'gh_421c55699f6c',
    'time' => '1494428922',
    'type' => 'text',
    'content' => 'http://wqadmin.fanlicool.com/app/index.php?i=2&c=entry&do=index&m=tiger_taoke',
    'redirection' => true,
    'source' => 'VIEW',
  ),
  'module' => 'default',
  'rule' => '-1',
)

2017-05-10 23:08:42 response :
------------
Array:
params : Array ;

2017-05-10 23:13:32 trace :
------------
String:
<xml><ToUserName><![CDATA[gh_421c55699f6c]]></ToUserName>
<FromUserName><![CDATA[oRy3is86qDckMnCaGSoIedi_1vuY]]></FromUserName>
<CreateTime>1494429213</CreateTime>
<MsgType><![CDATA[event]]></MsgType>
<Event><![CDATA[VIEW]]></Event>
<EventKey><![CDATA[http://wqadmin.fanlicool.com/app/index.php?i=2&c=entry&do=index&m=tiger_taoke]]></EventKey>
<MenuId>416162317</MenuId>
</xml>

2017-05-10 23:13:32 params :
------------
String:
array (
  'message' => 
  array (
    'tousername' => 'gh_421c55699f6c',
    'fromusername' => 'oRy3is86qDckMnCaGSoIedi_1vuY',
    'createtime' => '1494429213',
    'msgtype' => 'event',
    'event' => 'VIEW',
    'eventkey' => 'http://wqadmin.fanlicool.com/app/index.php?i=2&c=entry&do=index&m=tiger_taoke',
    'menuid' => '416162317',
    'from' => 'oRy3is86qDckMnCaGSoIedi_1vuY',
    'to' => 'gh_421c55699f6c',
    'time' => '1494429213',
    'type' => 'text',
    'content' => 'http://wqadmin.fanlicool.com/app/index.php?i=2&c=entry&do=index&m=tiger_taoke',
    'redirection' => true,
    'source' => 'VIEW',
  ),
  'module' => 'default',
  'rule' => '-1',
)

2017-05-10 23:13:32 response :
------------
Array:
params : Array ;

2017-05-10 23:15:04 trace :
------------
String:
<xml><ToUserName><![CDATA[gh_421c55699f6c]]></ToUserName>
<FromUserName><![CDATA[oRy3is5hXt8AkRMeSw62gjmrW1oE]]></FromUserName>
<CreateTime>1494429305</CreateTime>
<MsgType><![CDATA[text]]></MsgType>
<Content><![CDATA[【上海故事真丝丝巾长款女桑蚕丝夏季春秋雪纺纱巾黑色围巾防晒披肩】，点击链接再选择浏览器打开http://c.b0yp.com/h.TB0oze?cv=wyu2ZGvPgyM&sm=a01e7c，或复制这条信息￥wyu2ZGvPgyM￥后打开👉手机淘宝👈]]></Content>
<MsgId>6418524991575638394</MsgId>
</xml>

2017-05-10 23:15:04 params :
------------
String:
array (
  'message' => 
  array (
    'tousername' => 'gh_421c55699f6c',
    'fromusername' => 'oRy3is5hXt8AkRMeSw62gjmrW1oE',
    'createtime' => '1494429305',
    'msgtype' => 'text',
    'content' => '【上海故事真丝丝巾长款女桑蚕丝夏季春秋雪纺纱巾黑色围巾防晒披肩】，点击链接再选择浏览器打开http://c.b0yp.com/h.TB0oze?cv=wyu2ZGvPgyM&sm=a01e7c，或复制这条信息￥wyu2ZGvPgyM￥后打开👉手机淘宝👈',
    'msgid' => '6418524991575638394',
    'from' => 'oRy3is5hXt8AkRMeSw62gjmrW1oE',
    'to' => 'gh_421c55699f6c',
    'time' => '1494429305',
    'type' => 'text',
    'event' => NULL,
    'redirection' => false,
    'source' => NULL,
  ),
  'module' => 'tiger_taoke',
  'rule' => '11',
  'priority' => '0',
  'keyword' => 
  array (
    'id' => '15',
    'rid' => '11',
    'uniacid' => '2',
    'module' => 'tiger_taoke',
    'content' => '￥',
    'type' => '3',
    'displayorder' => '0',
    'status' => '1',
  ),
)

2017-05-10 23:15:04 response :
------------
Array:
FromUserName : gh_421c55699f6c ;
ToUserName : oRy3is5hXt8AkRMeSw62gjmrW1oE ;
MsgType : text ;
Content : 查券功能已关闭！ ;

2017-05-10 23:15:24 trace :
------------
String:
<xml><ToUserName><![CDATA[gh_421c55699f6c]]></ToUserName>
<FromUserName><![CDATA[oRy3is86qDckMnCaGSoIedi_1vuY]]></FromUserName>
<CreateTime>1494429325</CreateTime>
<MsgType><![CDATA[event]]></MsgType>
<Event><![CDATA[VIEW]]></Event>
<EventKey><![CDATA[http://wqadmin.fanlicool.com/app/index.php?i=2&c=entry&do=index&m=tiger_taoke]]></EventKey>
<MenuId>416162317</MenuId>
</xml>

2017-05-10 23:15:24 params :
------------
String:
array (
  'message' => 
  array (
    'tousername' => 'gh_421c55699f6c',
    'fromusername' => 'oRy3is86qDckMnCaGSoIedi_1vuY',
    'createtime' => '1494429325',
    'msgtype' => 'event',
    'event' => 'VIEW',
    'eventkey' => 'http://wqadmin.fanlicool.com/app/index.php?i=2&c=entry&do=index&m=tiger_taoke',
    'menuid' => '416162317',
    'from' => 'oRy3is86qDckMnCaGSoIedi_1vuY',
    'to' => 'gh_421c55699f6c',
    'time' => '1494429325',
    'type' => 'text',
    'content' => 'http://wqadmin.fanlicool.com/app/index.php?i=2&c=entry&do=index&m=tiger_taoke',
    'redirection' => true,
    'source' => 'VIEW',
  ),
  'module' => 'default',
  'rule' => '-1',
)

2017-05-10 23:15:24 response :
------------
Array:
params : Array ;

2017-05-10 23:17:28 trace :
------------
String:
<xml><ToUserName><![CDATA[gh_421c55699f6c]]></ToUserName>
<FromUserName><![CDATA[oRy3is0dY9-JhGs1Ji1sdjf4mg2Q]]></FromUserName>
<CreateTime>1494429449</CreateTime>
<MsgType><![CDATA[text]]></MsgType>
<Content><![CDATA[【太阳伞女防晒超轻小遮阳伞防紫外线折叠晴雨伞两用防晒迷你五折伞】，点击链接再选择浏览器打开http://c.b0yp.com/h.TBbeAX?cv=x7LXZGvPwWU&sm=b02882，或复制这条信息￥x7LXZGvPwWU￥后打开👉手机淘宝👈]]></Content>
<MsgId>6418525610050929052</MsgId>
</xml>

2017-05-10 23:17:29 params :
------------
String:
array (
  'message' => 
  array (
    'tousername' => 'gh_421c55699f6c',
    'fromusername' => 'oRy3is0dY9-JhGs1Ji1sdjf4mg2Q',
    'createtime' => '1494429449',
    'msgtype' => 'text',
    'content' => '【太阳伞女防晒超轻小遮阳伞防紫外线折叠晴雨伞两用防晒迷你五折伞】，点击链接再选择浏览器打开http://c.b0yp.com/h.TBbeAX?cv=x7LXZGvPwWU&sm=b02882，或复制这条信息￥x7LXZGvPwWU￥后打开👉手机淘宝👈',
    'msgid' => '6418525610050929052',
    'from' => 'oRy3is0dY9-JhGs1Ji1sdjf4mg2Q',
    'to' => 'gh_421c55699f6c',
    'time' => '1494429449',
    'type' => 'text',
    'event' => NULL,
    'redirection' => false,
    'source' => NULL,
  ),
  'module' => 'tiger_taoke',
  'rule' => '11',
  'priority' => '0',
  'keyword' => 
  array (
    'id' => '15',
    'rid' => '11',
    'uniacid' => '2',
    'module' => 'tiger_taoke',
    'content' => '￥',
    'type' => '3',
    'displayorder' => '0',
    'status' => '1',
  ),
)

2017-05-10 23:17:29 response :
------------
Array:
FromUserName : gh_421c55699f6c ;
ToUserName : oRy3is0dY9-JhGs1Ji1sdjf4mg2Q ;
MsgType : text ;
Content : 查券功能已关闭！ ;

2017-05-10 23:17:35 trace :
------------
String:
<xml><ToUserName><![CDATA[gh_421c55699f6c]]></ToUserName>
<FromUserName><![CDATA[oRy3is86qDckMnCaGSoIedi_1vuY]]></FromUserName>
<CreateTime>1494429456</CreateTime>
<MsgType><![CDATA[event]]></MsgType>
<Event><![CDATA[VIEW]]></Event>
<EventKey><![CDATA[http://wqadmin.fanlicool.com/app/index.php?i=2&c=entry&do=index&m=tiger_taoke]]></EventKey>
<MenuId>416162317</MenuId>
</xml>

2017-05-10 23:17:35 params :
------------
String:
array (
  'message' => 
  array (
    'tousername' => 'gh_421c55699f6c',
    'fromusername' => 'oRy3is86qDckMnCaGSoIedi_1vuY',
    'createtime' => '1494429456',
    'msgtype' => 'event',
    'event' => 'VIEW',
    'eventkey' => 'http://wqadmin.fanlicool.com/app/index.php?i=2&c=entry&do=index&m=tiger_taoke',
    'menuid' => '416162317',
    'from' => 'oRy3is86qDckMnCaGSoIedi_1vuY',
    'to' => 'gh_421c55699f6c',
    'time' => '1494429456',
    'type' => 'text',
    'content' => 'http://wqadmin.fanlicool.com/app/index.php?i=2&c=entry&do=index&m=tiger_taoke',
    'redirection' => true,
    'source' => 'VIEW',
  ),
  'module' => 'default',
  'rule' => '-1',
)

2017-05-10 23:17:35 response :
------------
Array:
params : Array ;

2017-05-10 23:17:40 trace :
------------
String:
<xml><ToUserName><![CDATA[gh_421c55699f6c]]></ToUserName>
<FromUserName><![CDATA[oRy3is86qDckMnCaGSoIedi_1vuY]]></FromUserName>
<CreateTime>1494429461</CreateTime>
<MsgType><![CDATA[event]]></MsgType>
<Event><![CDATA[VIEW]]></Event>
<EventKey><![CDATA[http://wqadmin.fanlicool.com/app/index.php?i=2&c=entry&do=index&m=tiger_taoke]]></EventKey>
<MenuId>416162317</MenuId>
</xml>

2017-05-10 23:17:40 params :
------------
String:
array (
  'message' => 
  array (
    'tousername' => 'gh_421c55699f6c',
    'fromusername' => 'oRy3is86qDckMnCaGSoIedi_1vuY',
    'createtime' => '1494429461',
    'msgtype' => 'event',
    'event' => 'VIEW',
    'eventkey' => 'http://wqadmin.fanlicool.com/app/index.php?i=2&c=entry&do=index&m=tiger_taoke',
    'menuid' => '416162317',
    'from' => 'oRy3is86qDckMnCaGSoIedi_1vuY',
    'to' => 'gh_421c55699f6c',
    'time' => '1494429461',
    'type' => 'text',
    'content' => 'http://wqadmin.fanlicool.com/app/index.php?i=2&c=entry&do=index&m=tiger_taoke',
    'redirection' => true,
    'source' => 'VIEW',
  ),
  'module' => 'default',
  'rule' => '-1',
)

2017-05-10 23:17:40 response :
------------
Array:
params : Array ;

