2017-06-25 04:29:18 trace :
------------
String:
<xml><ToUserName><![CDATA[gh_421c55699f6c]]></ToUserName>
<FromUserName><![CDATA[oRy3is4TtqXXbHM2GL0_11O6OXfg]]></FromUserName>
<CreateTime>1498336159</CreateTime>
<MsgType><![CDATA[event]]></MsgType>
<Event><![CDATA[VIEW]]></Event>
<EventKey><![CDATA[http://wqadmin.fanlicool.com/app/index.php?i=2&c=entry&do=member&m=tiger_taoke]]></EventKey>
<MenuId>416162317</MenuId>
</xml>

2017-06-25 04:29:18 params :
------------
String:
array (
  'message' => 
  array (
    'tousername' => 'gh_421c55699f6c',
    'fromusername' => 'oRy3is4TtqXXbHM2GL0_11O6OXfg',
    'createtime' => '1498336159',
    'msgtype' => 'event',
    'event' => 'VIEW',
    'eventkey' => 'http://wqadmin.fanlicool.com/app/index.php?i=2&c=entry&do=member&m=tiger_taoke',
    'menuid' => '416162317',
    'from' => 'oRy3is4TtqXXbHM2GL0_11O6OXfg',
    'to' => 'gh_421c55699f6c',
    'time' => '1498336159',
    'type' => 'text',
    'content' => 'http://wqadmin.fanlicool.com/app/index.php?i=2&c=entry&do=member&m=tiger_taoke',
    'redirection' => true,
    'source' => 'VIEW',
  ),
  'module' => 'default',
  'rule' => '-1',
)

2017-06-25 04:29:18 response :
------------
Array:
params : Array ;

2017-06-25 06:54:47 trace :
------------
String:
<xml><ToUserName><![CDATA[gh_421c55699f6c]]></ToUserName>
<FromUserName><![CDATA[oRy3is5hXt8AkRMeSw62gjmrW1oE]]></FromUserName>
<CreateTime>1498344888</CreateTime>
<MsgType><![CDATA[text]]></MsgType>
<Content><![CDATA[【热风2017春新款小白鞋女低帮鞋系带时尚女休闲鞋H14W7110】，点击链接再选择浏览器打开http://c.b1yt.com/h.9dBkO1?cv=fIjsZyLhE8f&sm=59e2b9 ，或复制这条信息￥fIjsZyLhE8f￥后打开👉手机淘宝👈]]></Content>
<MsgId>6435342292507996091</MsgId>
</xml>

2017-06-25 06:54:50 params :
------------
String:
array (
  'message' => 
  array (
    'tousername' => 'gh_421c55699f6c',
    'fromusername' => 'oRy3is5hXt8AkRMeSw62gjmrW1oE',
    'createtime' => '1498344888',
    'msgtype' => 'text',
    'content' => '【热风2017春新款小白鞋女低帮鞋系带时尚女休闲鞋H14W7110】，点击链接再选择浏览器打开http://c.b1yt.com/h.9dBkO1?cv=fIjsZyLhE8f&sm=59e2b9 ，或复制这条信息￥fIjsZyLhE8f￥后打开👉手机淘宝👈',
    'msgid' => '6435342292507996091',
    'from' => 'oRy3is5hXt8AkRMeSw62gjmrW1oE',
    'to' => 'gh_421c55699f6c',
    'time' => '1498344888',
    'type' => 'text',
    'event' => NULL,
    'redirection' => false,
    'source' => NULL,
  ),
  'module' => 'tiger_taoke',
  'rule' => '11',
  'priority' => '0',
  'keyword' => 
  array (
    'id' => '15',
    'rid' => '11',
    'uniacid' => '2',
    'module' => 'tiger_taoke',
    'content' => '￥',
    'type' => '3',
    'displayorder' => '0',
    'status' => '1',
  ),
)

2017-06-25 06:54:50 response :
------------
Array:
FromUserName : gh_421c55699f6c ;
ToUserName : oRy3is5hXt8AkRMeSw62gjmrW1oE ;
MsgType : text ;
Content : 昵称：娃娃 
商品名称：热风2017春新款小白鞋女低帮鞋系带时尚女休闲鞋H14W7110 
原价：119 
优惠券：0  
返现：1.88 
优惠金额：1.88 
优惠价：117.12 
淘口令：￥4eTUZyLhyYs￥           复制此条消息，打开淘宝。 ;

2017-06-25 06:55:21 trace :
------------
String:
<xml><ToUserName><![CDATA[gh_421c55699f6c]]></ToUserName>
<FromUserName><![CDATA[oRy3is0t5WhkdeZ-I5N0jJJKLqtY]]></FromUserName>
<CreateTime>1498344922</CreateTime>
<MsgType><![CDATA[event]]></MsgType>
<Event><![CDATA[unsubscribe]]></Event>
<EventKey><![CDATA[]]></EventKey>
</xml>

2017-06-25 07:37:16 trace :
------------
String:
<xml><ToUserName><![CDATA[gh_421c55699f6c]]></ToUserName>
<FromUserName><![CDATA[oRy3is1DG2zFxkOGQpbSXfrlgHLY]]></FromUserName>
<CreateTime>1498347437</CreateTime>
<MsgType><![CDATA[text]]></MsgType>
<Content><![CDATA[【【天天特价】夏季新款韩版牛仔5分短裤女夏卷边破洞时尚牛仔裤女】，点击链接再选择浏览器打开http://c.b1yt.com/h.9W0wz4?cv=q6JmZyLjiuG&sm=e6d348 ，或复制这条信息￥q6JmZyLjiuG￥后打开👉手机淘宝👈]]></Content>
<MsgId>6435353240379634330</MsgId>
</xml>

2017-06-25 07:37:19 params :
------------
String:
array (
  'message' => 
  array (
    'tousername' => 'gh_421c55699f6c',
    'fromusername' => 'oRy3is1DG2zFxkOGQpbSXfrlgHLY',
    'createtime' => '1498347437',
    'msgtype' => 'text',
    'content' => '【【天天特价】夏季新款韩版牛仔5分短裤女夏卷边破洞时尚牛仔裤女】，点击链接再选择浏览器打开http://c.b1yt.com/h.9W0wz4?cv=q6JmZyLjiuG&sm=e6d348 ，或复制这条信息￥q6JmZyLjiuG￥后打开👉手机淘宝👈',
    'msgid' => '6435353240379634330',
    'from' => 'oRy3is1DG2zFxkOGQpbSXfrlgHLY',
    'to' => 'gh_421c55699f6c',
    'time' => '1498347437',
    'type' => 'text',
    'event' => NULL,
    'redirection' => false,
    'source' => NULL,
  ),
  'module' => 'tiger_taoke',
  'rule' => '11',
  'priority' => '0',
  'keyword' => 
  array (
    'id' => '15',
    'rid' => '11',
    'uniacid' => '2',
    'module' => 'tiger_taoke',
    'content' => '￥',
    'type' => '3',
    'displayorder' => '0',
    'status' => '1',
  ),
)

2017-06-25 07:37:19 response :
------------
Array:
FromUserName : gh_421c55699f6c ;
ToUserName : oRy3is1DG2zFxkOGQpbSXfrlgHLY ;
MsgType : text ;
Content : 昵称：心境如水 
商品名称：【天天特价】夏季新款韩版牛仔5分短裤女夏卷边破洞时尚牛仔裤女 
原价：33.9 
优惠券：0  
返现：0.77 
优惠金额：0.77 
优惠价：33.13 
淘口令：￥QyWRZyLjiJj￥           复制此条消息，打开淘宝。 ;

2017-06-25 12:21:22 trace :
------------
String:
<xml><ToUserName><![CDATA[gh_421c55699f6c]]></ToUserName>
<FromUserName><![CDATA[oRy3is6ONRfNj62jGL6f2c0sVdbY]]></FromUserName>
<CreateTime>1498364483</CreateTime>
<MsgType><![CDATA[text]]></MsgType>
<Content><![CDATA[【我剁手都要买的宝贝（Malwee电动车防晒挡风被夏季遮阳罩电动摩托车夏天薄电瓶车挡风罩），快来和我一起瓜分红包】，点击链接再选择浏览器打开http://c.b1yt.com/h.9VCD87?cv=b4OpZyJ5Lab&sm=20a499 ，或复制这条信息￥b4OpZyJ5Lab￥后打开👉手机淘宝👈]]></Content>
<MsgId>6435426452392171242</MsgId>
</xml>

2017-06-25 12:21:27 trace :
------------
String:
<xml><ToUserName><![CDATA[gh_421c55699f6c]]></ToUserName>
<FromUserName><![CDATA[oRy3is6ONRfNj62jGL6f2c0sVdbY]]></FromUserName>
<CreateTime>1498364483</CreateTime>
<MsgType><![CDATA[text]]></MsgType>
<Content><![CDATA[【我剁手都要买的宝贝（Malwee电动车防晒挡风被夏季遮阳罩电动摩托车夏天薄电瓶车挡风罩），快来和我一起瓜分红包】，点击链接再选择浏览器打开http://c.b1yt.com/h.9VCD87?cv=b4OpZyJ5Lab&sm=20a499 ，或复制这条信息￥b4OpZyJ5Lab￥后打开👉手机淘宝👈]]></Content>
<MsgId>6435426452392171242</MsgId>
</xml>

2017-06-25 12:21:28 params :
------------
String:
array (
  'message' => 
  array (
    'tousername' => 'gh_421c55699f6c',
    'fromusername' => 'oRy3is6ONRfNj62jGL6f2c0sVdbY',
    'createtime' => '1498364483',
    'msgtype' => 'text',
    'content' => '【我剁手都要买的宝贝（Malwee电动车防晒挡风被夏季遮阳罩电动摩托车夏天薄电瓶车挡风罩），快来和我一起瓜分红包】，点击链接再选择浏览器打开http://c.b1yt.com/h.9VCD87?cv=b4OpZyJ5Lab&sm=20a499 ，或复制这条信息￥b4OpZyJ5Lab￥后打开👉手机淘宝👈',
    'msgid' => '6435426452392171242',
    'from' => 'oRy3is6ONRfNj62jGL6f2c0sVdbY',
    'to' => 'gh_421c55699f6c',
    'time' => '1498364483',
    'type' => 'text',
    'event' => NULL,
    'redirection' => false,
    'source' => NULL,
  ),
  'module' => 'tiger_taoke',
  'rule' => '11',
  'priority' => '0',
  'keyword' => 
  array (
    'id' => '15',
    'rid' => '11',
    'uniacid' => '2',
    'module' => 'tiger_taoke',
    'content' => '￥',
    'type' => '3',
    'displayorder' => '0',
    'status' => '1',
  ),
)

2017-06-25 12:21:28 response :
------------
Array:
FromUserName : gh_421c55699f6c ;
ToUserName : oRy3is6ONRfNj62jGL6f2c0sVdbY ;
MsgType : text ;
Content : 昵称：无峰 
商品名称：Malwee电动车防晒挡风被夏季遮阳罩电动摩托车夏天薄电瓶车挡风罩 
原价：14.9 
优惠券：0  
返现：0.10 
优惠金额：0.1 
优惠价：14.8 
淘口令：￥SXXOZyJ5yTh￥           复制此条消息，打开淘宝。 ;

2017-06-25 12:21:32 trace :
------------
String:
<xml><ToUserName><![CDATA[gh_421c55699f6c]]></ToUserName>
<FromUserName><![CDATA[oRy3is6ONRfNj62jGL6f2c0sVdbY]]></FromUserName>
<CreateTime>1498364483</CreateTime>
<MsgType><![CDATA[text]]></MsgType>
<Content><![CDATA[【我剁手都要买的宝贝（Malwee电动车防晒挡风被夏季遮阳罩电动摩托车夏天薄电瓶车挡风罩），快来和我一起瓜分红包】，点击链接再选择浏览器打开http://c.b1yt.com/h.9VCD87?cv=b4OpZyJ5Lab&sm=20a499 ，或复制这条信息￥b4OpZyJ5Lab￥后打开👉手机淘宝👈]]></Content>
<MsgId>6435426452392171242</MsgId>
</xml>

2017-06-25 12:21:36 params :
------------
String:
array (
  'message' => 
  array (
    'tousername' => 'gh_421c55699f6c',
    'fromusername' => 'oRy3is6ONRfNj62jGL6f2c0sVdbY',
    'createtime' => '1498364483',
    'msgtype' => 'text',
    'content' => '【我剁手都要买的宝贝（Malwee电动车防晒挡风被夏季遮阳罩电动摩托车夏天薄电瓶车挡风罩），快来和我一起瓜分红包】，点击链接再选择浏览器打开http://c.b1yt.com/h.9VCD87?cv=b4OpZyJ5Lab&sm=20a499 ，或复制这条信息￥b4OpZyJ5Lab￥后打开👉手机淘宝👈',
    'msgid' => '6435426452392171242',
    'from' => 'oRy3is6ONRfNj62jGL6f2c0sVdbY',
    'to' => 'gh_421c55699f6c',
    'time' => '1498364483',
    'type' => 'text',
    'event' => NULL,
    'redirection' => false,
    'source' => NULL,
  ),
  'module' => 'tiger_taoke',
  'rule' => '11',
  'priority' => '0',
  'keyword' => 
  array (
    'id' => '15',
    'rid' => '11',
    'uniacid' => '2',
    'module' => 'tiger_taoke',
    'content' => '￥',
    'type' => '3',
    'displayorder' => '0',
    'status' => '1',
  ),
)

2017-06-25 12:21:36 response :
------------
Array:
FromUserName : gh_421c55699f6c ;
ToUserName : oRy3is6ONRfNj62jGL6f2c0sVdbY ;
MsgType : text ;
Content : 昵称：无峰 
商品名称：Malwee电动车防晒挡风被夏季遮阳罩电动摩托车夏天薄电瓶车挡风罩 
原价：14.9 
优惠券：0  
返现：0.10 
优惠金额：0.1 
优惠价：14.8 
淘口令：￥yUa7ZyJ5DKq￥           复制此条消息，打开淘宝。 ;

2017-06-25 12:21:42 params :
------------
String:
array (
  'message' => 
  array (
    'tousername' => 'gh_421c55699f6c',
    'fromusername' => 'oRy3is6ONRfNj62jGL6f2c0sVdbY',
    'createtime' => '1498364483',
    'msgtype' => 'text',
    'content' => '【我剁手都要买的宝贝（Malwee电动车防晒挡风被夏季遮阳罩电动摩托车夏天薄电瓶车挡风罩），快来和我一起瓜分红包】，点击链接再选择浏览器打开http://c.b1yt.com/h.9VCD87?cv=b4OpZyJ5Lab&sm=20a499 ，或复制这条信息￥b4OpZyJ5Lab￥后打开👉手机淘宝👈',
    'msgid' => '6435426452392171242',
    'from' => 'oRy3is6ONRfNj62jGL6f2c0sVdbY',
    'to' => 'gh_421c55699f6c',
    'time' => '1498364483',
    'type' => 'text',
    'event' => NULL,
    'redirection' => false,
    'source' => NULL,
  ),
  'module' => 'tiger_taoke',
  'rule' => '11',
  'priority' => '0',
  'keyword' => 
  array (
    'id' => '15',
    'rid' => '11',
    'uniacid' => '2',
    'module' => 'tiger_taoke',
    'content' => '￥',
    'type' => '3',
    'displayorder' => '0',
    'status' => '1',
  ),
)

2017-06-25 12:21:42 response :
------------
Array:
FromUserName : gh_421c55699f6c ;
ToUserName : oRy3is6ONRfNj62jGL6f2c0sVdbY ;
MsgType : text ;
Content : 昵称：无峰 
商品名称：Malwee电动车防晒挡风被夏季遮阳罩电动摩托车夏天薄电瓶车挡风罩 
原价：14.9 
优惠券：0  
返现：0.10 
优惠金额：0.1 
优惠价：14.8 
淘口令：￥jHOzZyJg0LT￥           复制此条消息，打开淘宝。 ;

2017-06-25 12:21:43 trace :
------------
String:
<xml><ToUserName><![CDATA[gh_421c55699f6c]]></ToUserName>
<FromUserName><![CDATA[oRy3is6ONRfNj62jGL6f2c0sVdbY]]></FromUserName>
<CreateTime>1498364504</CreateTime>
<MsgType><![CDATA[text]]></MsgType>
<Content><![CDATA[【我剁手都要买的宝贝（Malwee电动车防晒挡风被夏季遮阳罩电动摩托车夏天薄电瓶车挡风罩），快来和我一起瓜分红包】，点击链接再选择浏览器打开http://c.b1yt.com/h.9VCD87?cv=b4OpZyJ5Lab&sm=20a499 ，或复制这条信息￥b4OpZyJ5Lab￥后打开👉手机淘宝👈]]></Content>
<MsgId>6435426542586484475</MsgId>
</xml>

2017-06-25 12:21:47 params :
------------
String:
array (
  'message' => 
  array (
    'tousername' => 'gh_421c55699f6c',
    'fromusername' => 'oRy3is6ONRfNj62jGL6f2c0sVdbY',
    'createtime' => '1498364504',
    'msgtype' => 'text',
    'content' => '【我剁手都要买的宝贝（Malwee电动车防晒挡风被夏季遮阳罩电动摩托车夏天薄电瓶车挡风罩），快来和我一起瓜分红包】，点击链接再选择浏览器打开http://c.b1yt.com/h.9VCD87?cv=b4OpZyJ5Lab&sm=20a499 ，或复制这条信息￥b4OpZyJ5Lab￥后打开👉手机淘宝👈',
    'msgid' => '6435426542586484475',
    'from' => 'oRy3is6ONRfNj62jGL6f2c0sVdbY',
    'to' => 'gh_421c55699f6c',
    'time' => '1498364504',
    'type' => 'text',
    'event' => NULL,
    'redirection' => false,
    'source' => NULL,
  ),
  'module' => 'tiger_taoke',
  'rule' => '11',
  'priority' => '0',
  'keyword' => 
  array (
    'id' => '15',
    'rid' => '11',
    'uniacid' => '2',
    'module' => 'tiger_taoke',
    'content' => '￥',
    'type' => '3',
    'displayorder' => '0',
    'status' => '1',
  ),
)

2017-06-25 12:21:47 response :
------------
Array:
FromUserName : gh_421c55699f6c ;
ToUserName : oRy3is6ONRfNj62jGL6f2c0sVdbY ;
MsgType : text ;
Content : 昵称：无峰 
商品名称：Malwee电动车防晒挡风被夏季遮阳罩电动摩托车夏天薄电瓶车挡风罩 
原价：14.9 
优惠券：0  
返现：0.10 
优惠金额：0.1 
优惠价：14.8 
淘口令：￥Z4JxZyJgXQ0￥           复制此条消息，打开淘宝。 ;

2017-06-25 12:59:36 trace :
------------
String:
<xml><ToUserName><![CDATA[gh_421c55699f6c]]></ToUserName>
<FromUserName><![CDATA[oRy3is2IzneDK1gK9IWJfMglyVV0]]></FromUserName>
<CreateTime>1498366778</CreateTime>
<MsgType><![CDATA[event]]></MsgType>
<Event><![CDATA[VIEW]]></Event>
<EventKey><![CDATA[http://wqadmin.fanlicool.com/app/index.php?i=2&c=entry&do=member&m=tiger_taoke]]></EventKey>
<MenuId>416162317</MenuId>
</xml>

2017-06-25 12:59:37 params :
------------
String:
array (
  'message' => 
  array (
    'tousername' => 'gh_421c55699f6c',
    'fromusername' => 'oRy3is2IzneDK1gK9IWJfMglyVV0',
    'createtime' => '1498366778',
    'msgtype' => 'event',
    'event' => 'VIEW',
    'eventkey' => 'http://wqadmin.fanlicool.com/app/index.php?i=2&c=entry&do=member&m=tiger_taoke',
    'menuid' => '416162317',
    'from' => 'oRy3is2IzneDK1gK9IWJfMglyVV0',
    'to' => 'gh_421c55699f6c',
    'time' => '1498366778',
    'type' => 'text',
    'content' => 'http://wqadmin.fanlicool.com/app/index.php?i=2&c=entry&do=member&m=tiger_taoke',
    'redirection' => true,
    'source' => 'VIEW',
  ),
  'module' => 'default',
  'rule' => '-1',
)

2017-06-25 12:59:37 response :
------------
Array:
params : Array ;

2017-06-25 13:00:01 trace :
------------
String:
<xml><ToUserName><![CDATA[gh_421c55699f6c]]></ToUserName>
<FromUserName><![CDATA[oRy3is2IzneDK1gK9IWJfMglyVV0]]></FromUserName>
<CreateTime>1498366802</CreateTime>
<MsgType><![CDATA[text]]></MsgType>
<Content><![CDATA[什么时候能返款？]]></Content>
<MsgId>6435436412421332287</MsgId>
</xml>

2017-06-25 13:00:01 params :
------------
String:
array (
  'message' => 
  array (
    'tousername' => 'gh_421c55699f6c',
    'fromusername' => 'oRy3is2IzneDK1gK9IWJfMglyVV0',
    'createtime' => '1498366802',
    'msgtype' => 'text',
    'content' => '什么时候能返款？',
    'msgid' => '6435436412421332287',
    'from' => 'oRy3is2IzneDK1gK9IWJfMglyVV0',
    'to' => 'gh_421c55699f6c',
    'time' => '1498366802',
    'type' => 'text',
    'event' => NULL,
    'redirection' => false,
    'source' => NULL,
  ),
  'module' => 'default',
  'rule' => '-1',
)

2017-06-25 13:00:01 response :
------------
Array:
params : Array ;

2017-06-25 15:24:46 trace :
------------
String:
<xml><ToUserName><![CDATA[gh_421c55699f6c]]></ToUserName>
<FromUserName><![CDATA[oRy3is4xIP66pR_4p_nPknDQ-sFE]]></FromUserName>
<CreateTime>1498375488</CreateTime>
<MsgType><![CDATA[text]]></MsgType>
<Content><![CDATA[【我剁手都要买的宝贝（铝框行李箱拉杆箱万向轮旅行箱20韩版女男26学生24密码皮箱子28寸），快来和我一起瓜分红包】，点击链接再选择浏览器打开http://c.b1yt.com/h.9UDQ0Q?cv=hdHKZys44rD&sm=62d2fe ，或复制这条信息￥hdHKZys44rD￥后打开👉手机淘宝👈]]></Content>
<MsgId>6435473718507271787</MsgId>
</xml>

2017-06-25 15:24:52 trace :
------------
String:
<xml><ToUserName><![CDATA[gh_421c55699f6c]]></ToUserName>
<FromUserName><![CDATA[oRy3is4xIP66pR_4p_nPknDQ-sFE]]></FromUserName>
<CreateTime>1498375488</CreateTime>
<MsgType><![CDATA[text]]></MsgType>
<Content><![CDATA[【我剁手都要买的宝贝（铝框行李箱拉杆箱万向轮旅行箱20韩版女男26学生24密码皮箱子28寸），快来和我一起瓜分红包】，点击链接再选择浏览器打开http://c.b1yt.com/h.9UDQ0Q?cv=hdHKZys44rD&sm=62d2fe ，或复制这条信息￥hdHKZys44rD￥后打开👉手机淘宝👈]]></Content>
<MsgId>6435473718507271787</MsgId>
</xml>

2017-06-25 15:24:53 params :
------------
String:
array (
  'message' => 
  array (
    'tousername' => 'gh_421c55699f6c',
    'fromusername' => 'oRy3is4xIP66pR_4p_nPknDQ-sFE',
    'createtime' => '1498375488',
    'msgtype' => 'text',
    'content' => '【我剁手都要买的宝贝（铝框行李箱拉杆箱万向轮旅行箱20韩版女男26学生24密码皮箱子28寸），快来和我一起瓜分红包】，点击链接再选择浏览器打开http://c.b1yt.com/h.9UDQ0Q?cv=hdHKZys44rD&sm=62d2fe ，或复制这条信息￥hdHKZys44rD￥后打开👉手机淘宝👈',
    'msgid' => '6435473718507271787',
    'from' => 'oRy3is4xIP66pR_4p_nPknDQ-sFE',
    'to' => 'gh_421c55699f6c',
    'time' => '1498375488',
    'type' => 'text',
    'event' => NULL,
    'redirection' => false,
    'source' => NULL,
  ),
  'module' => 'tiger_taoke',
  'rule' => '11',
  'priority' => '0',
  'keyword' => 
  array (
    'id' => '15',
    'rid' => '11',
    'uniacid' => '2',
    'module' => 'tiger_taoke',
    'content' => '￥',
    'type' => '3',
    'displayorder' => '0',
    'status' => '1',
  ),
)

2017-06-25 15:24:53 response :
------------
Array:
FromUserName : gh_421c55699f6c ;
ToUserName : oRy3is4xIP66pR_4p_nPknDQ-sFE ;
MsgType : text ;
Content : 昵称：A婷婷 
商品名称：铝框行李箱拉杆箱万向轮旅行箱20韩版女男26学生24密码皮箱子28寸 
原价：168 
优惠券：0  
返现：4.16 
优惠金额：4.16 
优惠价：163.84 
淘口令：￥fSxcZys4HSe￥           复制此条消息，打开淘宝。 ;

2017-06-25 15:24:55 params :
------------
String:
array (
  'message' => 
  array (
    'tousername' => 'gh_421c55699f6c',
    'fromusername' => 'oRy3is4xIP66pR_4p_nPknDQ-sFE',
    'createtime' => '1498375488',
    'msgtype' => 'text',
    'content' => '【我剁手都要买的宝贝（铝框行李箱拉杆箱万向轮旅行箱20韩版女男26学生24密码皮箱子28寸），快来和我一起瓜分红包】，点击链接再选择浏览器打开http://c.b1yt.com/h.9UDQ0Q?cv=hdHKZys44rD&sm=62d2fe ，或复制这条信息￥hdHKZys44rD￥后打开👉手机淘宝👈',
    'msgid' => '6435473718507271787',
    'from' => 'oRy3is4xIP66pR_4p_nPknDQ-sFE',
    'to' => 'gh_421c55699f6c',
    'time' => '1498375488',
    'type' => 'text',
    'event' => NULL,
    'redirection' => false,
    'source' => NULL,
  ),
  'module' => 'tiger_taoke',
  'rule' => '11',
  'priority' => '0',
  'keyword' => 
  array (
    'id' => '15',
    'rid' => '11',
    'uniacid' => '2',
    'module' => 'tiger_taoke',
    'content' => '￥',
    'type' => '3',
    'displayorder' => '0',
    'status' => '1',
  ),
)

2017-06-25 15:24:55 response :
------------
Array:
FromUserName : gh_421c55699f6c ;
ToUserName : oRy3is4xIP66pR_4p_nPknDQ-sFE ;
MsgType : text ;
Content : 昵称：A婷婷 
商品名称：铝框行李箱拉杆箱万向轮旅行箱20韩版女男26学生24密码皮箱子28寸 
原价：168 
优惠券：0  
返现：4.16 
优惠金额：4.16 
优惠价：163.84 
淘口令：￥94jhZys4v5z￥           复制此条消息，打开淘宝。 ;

2017-06-25 17:04:14 trace :
------------
String:
<xml><ToUserName><![CDATA[gh_421c55699f6c]]></ToUserName>
<FromUserName><![CDATA[oRy3is5hXt8AkRMeSw62gjmrW1oE]]></FromUserName>
<CreateTime>1498381455</CreateTime>
<MsgType><![CDATA[text]]></MsgType>
<Content><![CDATA[【新款电子温湿度计 家用婴儿房室内高精度温度计带双闹钟报时农历】，点击链接再选择浏览器打开http://c.b1yt.com/h.9gpWG6?cv=U9xiZyHy4PF&sm=bccbb6 ，或复制这条信息￥U9xiZyHy4PF￥后打开👉手机淘宝👈]]></Content>
<MsgId>6435499346577131857</MsgId>
</xml>

2017-06-25 17:04:17 params :
------------
String:
array (
  'message' => 
  array (
    'tousername' => 'gh_421c55699f6c',
    'fromusername' => 'oRy3is5hXt8AkRMeSw62gjmrW1oE',
    'createtime' => '1498381455',
    'msgtype' => 'text',
    'content' => '【新款电子温湿度计 家用婴儿房室内高精度温度计带双闹钟报时农历】，点击链接再选择浏览器打开http://c.b1yt.com/h.9gpWG6?cv=U9xiZyHy4PF&sm=bccbb6 ，或复制这条信息￥U9xiZyHy4PF￥后打开👉手机淘宝👈',
    'msgid' => '6435499346577131857',
    'from' => 'oRy3is5hXt8AkRMeSw62gjmrW1oE',
    'to' => 'gh_421c55699f6c',
    'time' => '1498381455',
    'type' => 'text',
    'event' => NULL,
    'redirection' => false,
    'source' => NULL,
  ),
  'module' => 'tiger_taoke',
  'rule' => '11',
  'priority' => '0',
  'keyword' => 
  array (
    'id' => '15',
    'rid' => '11',
    'uniacid' => '2',
    'module' => 'tiger_taoke',
    'content' => '￥',
    'type' => '3',
    'displayorder' => '0',
    'status' => '1',
  ),
)

2017-06-25 17:04:17 response :
------------
Array:
FromUserName : gh_421c55699f6c ;
ToUserName : oRy3is5hXt8AkRMeSw62gjmrW1oE ;
MsgType : text ;
Content : 昵称：娃娃 
商品名称：新款电子温湿度计 家用婴儿房室内高精度温度计带双闹钟报时农历 
原价：49 
优惠券：0  
返现：0.40 
优惠金额：0.4 
优惠价：48.6 
淘口令：￥kLTfZyHyN15￥           复制此条消息，打开淘宝。 ;

2017-06-25 18:22:49 trace :
------------
String:
<xml><ToUserName><![CDATA[gh_421c55699f6c]]></ToUserName>
<FromUserName><![CDATA[oRy3is19Ldk0HR0JG3YoXeq2iruA]]></FromUserName>
<CreateTime>1498386170</CreateTime>
<MsgType><![CDATA[event]]></MsgType>
<Event><![CDATA[CLICK]]></Event>
<EventKey><![CDATA[邀人]]></EventKey>
</xml>

2017-06-25 18:22:52 params :
------------
String:
array (
  'message' => 
  array (
    'tousername' => 'gh_421c55699f6c',
    'fromusername' => 'oRy3is19Ldk0HR0JG3YoXeq2iruA',
    'createtime' => '1498386170',
    'msgtype' => 'event',
    'event' => 'CLICK',
    'eventkey' => '邀人',
    'from' => 'oRy3is19Ldk0HR0JG3YoXeq2iruA',
    'to' => 'gh_421c55699f6c',
    'time' => '1498386170',
    'type' => 'text',
    'content' => '邀人',
    'redirection' => true,
    'source' => 'click',
  ),
  'module' => 'tiger_taoke',
  'rule' => '20',
  'priority' => '254',
  'keyword' => 
  array (
    'id' => '25',
    'rid' => '20',
    'uniacid' => '2',
    'module' => 'tiger_taoke',
    'content' => '邀人',
    'type' => '1',
    'displayorder' => '254',
    'status' => '1',
  ),
)

2017-06-25 18:22:52 response :
------------
Array:
FromUserName : gh_421c55699f6c ;
ToUserName : oRy3is19Ldk0HR0JG3YoXeq2iruA ;
MsgType : image ;
Image : Array ;

2017-06-25 19:54:28 trace :
------------
String:
<xml><ToUserName><![CDATA[gh_421c55699f6c]]></ToUserName>
<FromUserName><![CDATA[oRy3is4BA9IBOOEsTzLVVx-C-bfU]]></FromUserName>
<CreateTime>1498391669</CreateTime>
<MsgType><![CDATA[event]]></MsgType>
<Event><![CDATA[unsubscribe]]></Event>
<EventKey><![CDATA[]]></EventKey>
</xml>

2017-06-25 21:51:36 trace :
------------
String:
<xml><ToUserName><![CDATA[gh_421c55699f6c]]></ToUserName>
<FromUserName><![CDATA[oRy3is0HSpNu_LBYICikhT5KVun8]]></FromUserName>
<CreateTime>1498398697</CreateTime>
<MsgType><![CDATA[event]]></MsgType>
<Event><![CDATA[VIEW]]></Event>
<EventKey><![CDATA[http://wqadmin.fanlicool.com/app/index.php?i=2&c=entry&do=member&m=tiger_taoke]]></EventKey>
<MenuId>416162317</MenuId>
</xml>

2017-06-25 21:51:36 params :
------------
String:
array (
  'message' => 
  array (
    'tousername' => 'gh_421c55699f6c',
    'fromusername' => 'oRy3is0HSpNu_LBYICikhT5KVun8',
    'createtime' => '1498398697',
    'msgtype' => 'event',
    'event' => 'VIEW',
    'eventkey' => 'http://wqadmin.fanlicool.com/app/index.php?i=2&c=entry&do=member&m=tiger_taoke',
    'menuid' => '416162317',
    'from' => 'oRy3is0HSpNu_LBYICikhT5KVun8',
    'to' => 'gh_421c55699f6c',
    'time' => '1498398697',
    'type' => 'text',
    'content' => 'http://wqadmin.fanlicool.com/app/index.php?i=2&c=entry&do=member&m=tiger_taoke',
    'redirection' => true,
    'source' => 'VIEW',
  ),
  'module' => 'default',
  'rule' => '-1',
)

2017-06-25 21:51:36 response :
------------
Array:
params : Array ;

