2017-05-09 01:39:26 trace :
------------
String:
<xml><ToUserName><![CDATA[gh_421c55699f6c]]></ToUserName>
<FromUserName><![CDATA[oRy3is4TtqXXbHM2GL0_11O6OXfg]]></FromUserName>
<CreateTime>1494265167</CreateTime>
<MsgType><![CDATA[event]]></MsgType>
<Event><![CDATA[VIEW]]></Event>
<EventKey><![CDATA[http://wqadmin.fanlicool.com/app/index.php?i=2&c=entry&do=member&m=tiger_taoke]]></EventKey>
<MenuId>416162317</MenuId>
</xml>

2017-05-09 01:39:26 params :
------------
String:
array (
  'message' => 
  array (
    'tousername' => 'gh_421c55699f6c',
    'fromusername' => 'oRy3is4TtqXXbHM2GL0_11O6OXfg',
    'createtime' => '1494265167',
    'msgtype' => 'event',
    'event' => 'VIEW',
    'eventkey' => 'http://wqadmin.fanlicool.com/app/index.php?i=2&c=entry&do=member&m=tiger_taoke',
    'menuid' => '416162317',
    'from' => 'oRy3is4TtqXXbHM2GL0_11O6OXfg',
    'to' => 'gh_421c55699f6c',
    'time' => '1494265167',
    'type' => 'text',
    'content' => 'http://wqadmin.fanlicool.com/app/index.php?i=2&c=entry&do=member&m=tiger_taoke',
    'redirection' => true,
    'source' => 'VIEW',
  ),
  'module' => 'default',
  'rule' => '-1',
)

2017-05-09 01:39:26 response :
------------
Array:
params : Array ;

2017-05-09 05:19:36 trace :
------------
String:
<xml><ToUserName><![CDATA[gh_421c55699f6c]]></ToUserName>
<FromUserName><![CDATA[oRy3iszx4Fbv72O-dbroqdnmUJVg]]></FromUserName>
<CreateTime>1494278377</CreateTime>
<MsgType><![CDATA[event]]></MsgType>
<Event><![CDATA[subscribe]]></Event>
<EventKey><![CDATA[qrscene_tiger_taoke1809]]></EventKey>
<Ticket><![CDATA[gQEA8TwAAAAAAAAAAS5odHRwOi8vd2VpeGluLnFxLmNvbS9xLzAyOXdKUDVZN0pieVAxMDAwMHcwN1YAAgQNChBZAwQAAAAA]]></Ticket>
</xml>

2017-05-09 05:19:38 params :
------------
String:
array (
  'message' => 
  array (
    'tousername' => 'gh_421c55699f6c',
    'fromusername' => 'oRy3iszx4Fbv72O-dbroqdnmUJVg',
    'createtime' => '1494278377',
    'msgtype' => 'event',
    'event' => 'subscribe',
    'eventkey' => 'qrscene_tiger_taoke1809',
    'ticket' => 'gQEA8TwAAAAAAAAAAS5odHRwOi8vd2VpeGluLnFxLmNvbS9xLzAyOXdKUDVZN0pieVAxMDAwMHcwN1YAAgQNChBZAwQAAAAA',
    'from' => 'oRy3iszx4Fbv72O-dbroqdnmUJVg',
    'to' => 'gh_421c55699f6c',
    'time' => '1494278377',
    'type' => 'text',
    'scene' => 'tiger_taoke1809',
    'redirection' => true,
    'source' => 'qr',
    'content' => '邀人',
  ),
  'module' => 'default',
  'rule' => '-1',
)

2017-05-09 05:19:38 response :
------------
Array:
params : Array ;

2017-05-09 06:25:22 trace :
------------
String:
<xml><ToUserName><![CDATA[gh_421c55699f6c]]></ToUserName>
<FromUserName><![CDATA[oRy3is2AhIFygRRoE4rHLW14hIdU]]></FromUserName>
<CreateTime>1494282322</CreateTime>
<MsgType><![CDATA[text]]></MsgType>
<Content><![CDATA[【【天天特价】iphone7手机壳苹果7plus全包防摔磨砂女款可爱卡通i7】，点击链接再选择浏览器打开http://c.b0yp.com/h.TsgREA?cv=pVa5ZGp9XXG&sm=edf3c8，或复制这条信息￥pVa5ZGp9XXG￥后打开👉手机淘宝👈]]></Content>
<MsgId>6417893704397498743</MsgId>
</xml>

2017-05-09 06:25:22 params :
------------
String:
array (
  'message' => 
  array (
    'tousername' => 'gh_421c55699f6c',
    'fromusername' => 'oRy3is2AhIFygRRoE4rHLW14hIdU',
    'createtime' => '1494282322',
    'msgtype' => 'text',
    'content' => '【【天天特价】iphone7手机壳苹果7plus全包防摔磨砂女款可爱卡通i7】，点击链接再选择浏览器打开http://c.b0yp.com/h.TsgREA?cv=pVa5ZGp9XXG&sm=edf3c8，或复制这条信息￥pVa5ZGp9XXG￥后打开👉手机淘宝👈',
    'msgid' => '6417893704397498743',
    'from' => 'oRy3is2AhIFygRRoE4rHLW14hIdU',
    'to' => 'gh_421c55699f6c',
    'time' => '1494282322',
    'type' => 'text',
    'event' => NULL,
    'redirection' => false,
    'source' => NULL,
  ),
  'module' => 'tiger_taoke',
  'rule' => '11',
  'priority' => '0',
  'keyword' => 
  array (
    'id' => '15',
    'rid' => '11',
    'uniacid' => '2',
    'module' => 'tiger_taoke',
    'content' => '￥',
    'type' => '3',
    'displayorder' => '0',
    'status' => '1',
  ),
)

2017-05-09 06:25:22 response :
------------
Array:
FromUserName : gh_421c55699f6c ;
ToUserName : oRy3is2AhIFygRRoE4rHLW14hIdU ;
MsgType : text ;
Content : 查券功能已关闭！ ;

2017-05-09 06:57:04 trace :
------------
String:
<xml><ToUserName><![CDATA[gh_421c55699f6c]]></ToUserName>
<FromUserName><![CDATA[oRy3is_VhVDKouXoIfmFu9XJW2pI]]></FromUserName>
<CreateTime>1494284225</CreateTime>
<MsgType><![CDATA[event]]></MsgType>
<Event><![CDATA[unsubscribe]]></Event>
<EventKey><![CDATA[]]></EventKey>
</xml>

2017-05-09 07:18:11 trace :
------------
String:
<xml><ToUserName><![CDATA[gh_421c55699f6c]]></ToUserName>
<FromUserName><![CDATA[oRy3iswhSgiSZh1mdRc3NIxhHxYo]]></FromUserName>
<CreateTime>1494285492</CreateTime>
<MsgType><![CDATA[event]]></MsgType>
<Event><![CDATA[VIEW]]></Event>
<EventKey><![CDATA[http://wqadmin.fanlicool.com/app/index.php?i=2&c=entry&do=mfan1&m=tiger_taoke]]></EventKey>
<MenuId>416162317</MenuId>
</xml>

2017-05-09 07:18:11 params :
------------
String:
array (
  'message' => 
  array (
    'tousername' => 'gh_421c55699f6c',
    'fromusername' => 'oRy3iswhSgiSZh1mdRc3NIxhHxYo',
    'createtime' => '1494285492',
    'msgtype' => 'event',
    'event' => 'VIEW',
    'eventkey' => 'http://wqadmin.fanlicool.com/app/index.php?i=2&c=entry&do=mfan1&m=tiger_taoke',
    'menuid' => '416162317',
    'from' => 'oRy3iswhSgiSZh1mdRc3NIxhHxYo',
    'to' => 'gh_421c55699f6c',
    'time' => '1494285492',
    'type' => 'text',
    'content' => 'http://wqadmin.fanlicool.com/app/index.php?i=2&c=entry&do=mfan1&m=tiger_taoke',
    'redirection' => true,
    'source' => 'VIEW',
  ),
  'module' => 'default',
  'rule' => '-1',
)

2017-05-09 07:18:11 response :
------------
Array:
params : Array ;

2017-05-09 07:18:47 trace :
------------
String:
<xml><ToUserName><![CDATA[gh_421c55699f6c]]></ToUserName>
<FromUserName><![CDATA[oRy3iswhSgiSZh1mdRc3NIxhHxYo]]></FromUserName>
<CreateTime>1494285528</CreateTime>
<MsgType><![CDATA[event]]></MsgType>
<Event><![CDATA[VIEW]]></Event>
<EventKey><![CDATA[http://wqadmin.fanlicool.com/app/index.php?i=2&c=entry&do=member&m=tiger_taoke]]></EventKey>
<MenuId>416162317</MenuId>
</xml>

2017-05-09 07:18:47 params :
------------
String:
array (
  'message' => 
  array (
    'tousername' => 'gh_421c55699f6c',
    'fromusername' => 'oRy3iswhSgiSZh1mdRc3NIxhHxYo',
    'createtime' => '1494285528',
    'msgtype' => 'event',
    'event' => 'VIEW',
    'eventkey' => 'http://wqadmin.fanlicool.com/app/index.php?i=2&c=entry&do=member&m=tiger_taoke',
    'menuid' => '416162317',
    'from' => 'oRy3iswhSgiSZh1mdRc3NIxhHxYo',
    'to' => 'gh_421c55699f6c',
    'time' => '1494285528',
    'type' => 'text',
    'content' => 'http://wqadmin.fanlicool.com/app/index.php?i=2&c=entry&do=member&m=tiger_taoke',
    'redirection' => true,
    'source' => 'VIEW',
  ),
  'module' => 'default',
  'rule' => '-1',
)

2017-05-09 07:18:47 response :
------------
Array:
params : Array ;

2017-05-09 07:19:08 trace :
------------
String:
<xml><ToUserName><![CDATA[gh_421c55699f6c]]></ToUserName>
<FromUserName><![CDATA[oRy3iswhSgiSZh1mdRc3NIxhHxYo]]></FromUserName>
<CreateTime>1494285549</CreateTime>
<MsgType><![CDATA[event]]></MsgType>
<Event><![CDATA[VIEW]]></Event>
<EventKey><![CDATA[http://wqadmin.fanlicool.com/app/index.php?i=2&c=entry&do=records&m=tiger_taoke]]></EventKey>
<MenuId>416162317</MenuId>
</xml>

2017-05-09 07:19:08 params :
------------
String:
array (
  'message' => 
  array (
    'tousername' => 'gh_421c55699f6c',
    'fromusername' => 'oRy3iswhSgiSZh1mdRc3NIxhHxYo',
    'createtime' => '1494285549',
    'msgtype' => 'event',
    'event' => 'VIEW',
    'eventkey' => 'http://wqadmin.fanlicool.com/app/index.php?i=2&c=entry&do=records&m=tiger_taoke',
    'menuid' => '416162317',
    'from' => 'oRy3iswhSgiSZh1mdRc3NIxhHxYo',
    'to' => 'gh_421c55699f6c',
    'time' => '1494285549',
    'type' => 'text',
    'content' => 'http://wqadmin.fanlicool.com/app/index.php?i=2&c=entry&do=records&m=tiger_taoke',
    'redirection' => true,
    'source' => 'VIEW',
  ),
  'module' => 'default',
  'rule' => '-1',
)

2017-05-09 07:19:08 response :
------------
Array:
params : Array ;

2017-05-09 07:50:19 trace :
------------
String:
<xml><ToUserName><![CDATA[gh_421c55699f6c]]></ToUserName>
<FromUserName><![CDATA[oRy3is8_sBxmY1FsbqM-6yk-Fstc]]></FromUserName>
<CreateTime>1494287420</CreateTime>
<MsgType><![CDATA[event]]></MsgType>
<Event><![CDATA[VIEW]]></Event>
<EventKey><![CDATA[http://wqadmin.fanlicool.com/app/index.php?i=2&c=entry&do=member&m=tiger_taoke]]></EventKey>
<MenuId>416162317</MenuId>
</xml>

2017-05-09 07:50:19 params :
------------
String:
array (
  'message' => 
  array (
    'tousername' => 'gh_421c55699f6c',
    'fromusername' => 'oRy3is8_sBxmY1FsbqM-6yk-Fstc',
    'createtime' => '1494287420',
    'msgtype' => 'event',
    'event' => 'VIEW',
    'eventkey' => 'http://wqadmin.fanlicool.com/app/index.php?i=2&c=entry&do=member&m=tiger_taoke',
    'menuid' => '416162317',
    'from' => 'oRy3is8_sBxmY1FsbqM-6yk-Fstc',
    'to' => 'gh_421c55699f6c',
    'time' => '1494287420',
    'type' => 'text',
    'content' => 'http://wqadmin.fanlicool.com/app/index.php?i=2&c=entry&do=member&m=tiger_taoke',
    'redirection' => true,
    'source' => 'VIEW',
  ),
  'module' => 'default',
  'rule' => '-1',
)

2017-05-09 07:50:19 response :
------------
Array:
params : Array ;

2017-05-09 07:50:44 trace :
------------
String:
<xml><ToUserName><![CDATA[gh_421c55699f6c]]></ToUserName>
<FromUserName><![CDATA[oRy3is8_sBxmY1FsbqM-6yk-Fstc]]></FromUserName>
<CreateTime>1494287445</CreateTime>
<MsgType><![CDATA[event]]></MsgType>
<Event><![CDATA[VIEW]]></Event>
<EventKey><![CDATA[https://h5.wps.cn/p/99711f94.html]]></EventKey>
<MenuId>416162317</MenuId>
</xml>

2017-05-09 07:50:44 params :
------------
String:
array (
  'message' => 
  array (
    'tousername' => 'gh_421c55699f6c',
    'fromusername' => 'oRy3is8_sBxmY1FsbqM-6yk-Fstc',
    'createtime' => '1494287445',
    'msgtype' => 'event',
    'event' => 'VIEW',
    'eventkey' => 'https://h5.wps.cn/p/99711f94.html',
    'menuid' => '416162317',
    'from' => 'oRy3is8_sBxmY1FsbqM-6yk-Fstc',
    'to' => 'gh_421c55699f6c',
    'time' => '1494287445',
    'type' => 'text',
    'content' => 'https://h5.wps.cn/p/99711f94.html',
    'redirection' => true,
    'source' => 'VIEW',
  ),
  'module' => 'default',
  'rule' => '-1',
)

2017-05-09 07:50:44 response :
------------
Array:
params : Array ;

2017-05-09 07:51:23 trace :
------------
String:
<xml><ToUserName><![CDATA[gh_421c55699f6c]]></ToUserName>
<FromUserName><![CDATA[oRy3is8_sBxmY1FsbqM-6yk-Fstc]]></FromUserName>
<CreateTime>1494287484</CreateTime>
<MsgType><![CDATA[event]]></MsgType>
<Event><![CDATA[VIEW]]></Event>
<EventKey><![CDATA[http://wqadmin.fanlicool.com/app/index.php?i=2&c=entry&do=goods&m=tiger_taoke]]></EventKey>
<MenuId>416162317</MenuId>
</xml>

2017-05-09 07:51:23 params :
------------
String:
array (
  'message' => 
  array (
    'tousername' => 'gh_421c55699f6c',
    'fromusername' => 'oRy3is8_sBxmY1FsbqM-6yk-Fstc',
    'createtime' => '1494287484',
    'msgtype' => 'event',
    'event' => 'VIEW',
    'eventkey' => 'http://wqadmin.fanlicool.com/app/index.php?i=2&c=entry&do=goods&m=tiger_taoke',
    'menuid' => '416162317',
    'from' => 'oRy3is8_sBxmY1FsbqM-6yk-Fstc',
    'to' => 'gh_421c55699f6c',
    'time' => '1494287484',
    'type' => 'text',
    'content' => 'http://wqadmin.fanlicool.com/app/index.php?i=2&c=entry&do=goods&m=tiger_taoke',
    'redirection' => true,
    'source' => 'VIEW',
  ),
  'module' => 'default',
  'rule' => '-1',
)

2017-05-09 07:51:23 response :
------------
Array:
params : Array ;

2017-05-09 08:59:28 trace :
------------
String:
<xml><ToUserName><![CDATA[gh_421c55699f6c]]></ToUserName>
<FromUserName><![CDATA[oRy3is4MgNVqt2TS4ZndrAszWICE]]></FromUserName>
<CreateTime>1494291569</CreateTime>
<MsgType><![CDATA[event]]></MsgType>
<Event><![CDATA[subscribe]]></Event>
<EventKey><![CDATA[qrscene_tiger_taoke1330]]></EventKey>
<Ticket><![CDATA[gQFE8TwAAAAAAAAAAS5odHRwOi8vd2VpeGluLnFxLmNvbS9xLzAySXh5eTRIN0pieVAxMDAwMHcwNzAAAgS99-9YAwQAAAAA]]></Ticket>
</xml>

2017-05-09 08:59:29 params :
------------
String:
array (
  'message' => 
  array (
    'tousername' => 'gh_421c55699f6c',
    'fromusername' => 'oRy3is4MgNVqt2TS4ZndrAszWICE',
    'createtime' => '1494291569',
    'msgtype' => 'event',
    'event' => 'subscribe',
    'eventkey' => 'qrscene_tiger_taoke1330',
    'ticket' => 'gQFE8TwAAAAAAAAAAS5odHRwOi8vd2VpeGluLnFxLmNvbS9xLzAySXh5eTRIN0pieVAxMDAwMHcwNzAAAgS99-9YAwQAAAAA',
    'from' => 'oRy3is4MgNVqt2TS4ZndrAszWICE',
    'to' => 'gh_421c55699f6c',
    'time' => '1494291569',
    'type' => 'text',
    'scene' => 'tiger_taoke1330',
    'redirection' => true,
    'source' => 'qr',
    'content' => '邀人',
  ),
  'module' => 'default',
  'rule' => '-1',
)

2017-05-09 08:59:29 response :
------------
Array:
params : Array ;

2017-05-09 09:40:18 trace :
------------
String:
<xml><ToUserName><![CDATA[gh_421c55699f6c]]></ToUserName>
<FromUserName><![CDATA[oRy3is2dgh6Y5RAWOePSpvLBlGeo]]></FromUserName>
<CreateTime>1494294018</CreateTime>
<MsgType><![CDATA[text]]></MsgType>
<Content><![CDATA[【2017春夏季新款韩版运动鞋女学生原宿百搭网面透气平底跑步鞋子潮】，点击链接再选择浏览器打开http://c.b0yp.com/h.TsFLC0?cv=3rXqZGpz9ua&sm=6fcddc，或复制这条信息￥3rXqZGpz9ua￥后打开👉手机淘宝👈]]></Content>
<MsgId>6417943938334995323</MsgId>
</xml>

2017-05-09 09:40:18 params :
------------
String:
array (
  'message' => 
  array (
    'tousername' => 'gh_421c55699f6c',
    'fromusername' => 'oRy3is2dgh6Y5RAWOePSpvLBlGeo',
    'createtime' => '1494294018',
    'msgtype' => 'text',
    'content' => '【2017春夏季新款韩版运动鞋女学生原宿百搭网面透气平底跑步鞋子潮】，点击链接再选择浏览器打开http://c.b0yp.com/h.TsFLC0?cv=3rXqZGpz9ua&sm=6fcddc，或复制这条信息￥3rXqZGpz9ua￥后打开👉手机淘宝👈',
    'msgid' => '6417943938334995323',
    'from' => 'oRy3is2dgh6Y5RAWOePSpvLBlGeo',
    'to' => 'gh_421c55699f6c',
    'time' => '1494294018',
    'type' => 'text',
    'event' => NULL,
    'redirection' => false,
    'source' => NULL,
  ),
  'module' => 'tiger_taoke',
  'rule' => '11',
  'priority' => '0',
  'keyword' => 
  array (
    'id' => '15',
    'rid' => '11',
    'uniacid' => '2',
    'module' => 'tiger_taoke',
    'content' => '￥',
    'type' => '3',
    'displayorder' => '0',
    'status' => '1',
  ),
)

2017-05-09 09:40:18 response :
------------
Array:
FromUserName : gh_421c55699f6c ;
ToUserName : oRy3is2dgh6Y5RAWOePSpvLBlGeo ;
MsgType : text ;
Content : 查券功能已关闭！ ;

2017-05-09 10:33:15 trace :
------------
String:
<xml><ToUserName><![CDATA[gh_421c55699f6c]]></ToUserName>
<FromUserName><![CDATA[oRy3is6XnRvc6iXFhCDoGoUVfjfI]]></FromUserName>
<CreateTime>1494297196</CreateTime>
<MsgType><![CDATA[event]]></MsgType>
<Event><![CDATA[VIEW]]></Event>
<EventKey><![CDATA[http://wqadmin.fanlicool.com/app/index.php?i=2&c=entry&tj=1&do=catlist&m=tiger_taoke]]></EventKey>
<MenuId>416162317</MenuId>
</xml>

2017-05-09 10:33:15 params :
------------
String:
array (
  'message' => 
  array (
    'tousername' => 'gh_421c55699f6c',
    'fromusername' => 'oRy3is6XnRvc6iXFhCDoGoUVfjfI',
    'createtime' => '1494297196',
    'msgtype' => 'event',
    'event' => 'VIEW',
    'eventkey' => 'http://wqadmin.fanlicool.com/app/index.php?i=2&c=entry&tj=1&do=catlist&m=tiger_taoke',
    'menuid' => '416162317',
    'from' => 'oRy3is6XnRvc6iXFhCDoGoUVfjfI',
    'to' => 'gh_421c55699f6c',
    'time' => '1494297196',
    'type' => 'text',
    'content' => 'http://wqadmin.fanlicool.com/app/index.php?i=2&c=entry&tj=1&do=catlist&m=tiger_taoke',
    'redirection' => true,
    'source' => 'VIEW',
  ),
  'module' => 'default',
  'rule' => '-1',
)

2017-05-09 10:33:15 response :
------------
Array:
params : Array ;

2017-05-09 10:33:49 trace :
------------
String:
<xml><ToUserName><![CDATA[gh_421c55699f6c]]></ToUserName>
<FromUserName><![CDATA[oRy3is6NhUJ4NX16lw5hHMtVa2-g]]></FromUserName>
<CreateTime>1494297230</CreateTime>
<MsgType><![CDATA[event]]></MsgType>
<Event><![CDATA[subscribe]]></Event>
<EventKey><![CDATA[]]></EventKey>
</xml>

2017-05-09 10:33:49 params :
------------
String:
array (
  'message' => 
  array (
    'tousername' => 'gh_421c55699f6c',
    'fromusername' => 'oRy3is6NhUJ4NX16lw5hHMtVa2-g',
    'createtime' => '1494297230',
    'msgtype' => 'event',
    'event' => 'subscribe',
    'eventkey' => '',
    'from' => 'oRy3is6NhUJ4NX16lw5hHMtVa2-g',
    'to' => 'gh_421c55699f6c',
    'time' => '1494297230',
    'type' => 'text',
    'redirection' => true,
    'source' => 'subscribe',
    'content' => '欢迎',
  ),
  'module' => 'default',
  'rule' => '-1',
)

2017-05-09 10:33:49 response :
------------
Array:
params : Array ;

2017-05-09 10:42:25 trace :
------------
String:
<xml><ToUserName><![CDATA[gh_421c55699f6c]]></ToUserName>
<FromUserName><![CDATA[oRy3is0dY9-JhGs1Ji1sdjf4mg2Q]]></FromUserName>
<CreateTime>1494297745</CreateTime>
<MsgType><![CDATA[text]]></MsgType>
<Content><![CDATA[【春韩版复古真皮一字带扣奶奶鞋方头平底粗跟方跟单鞋搭扣玛丽珍鞋】，点击链接再选择浏览器打开http://c.b0yp.com/h.THgL6k?cv=8vYzZGKRCek&sm=7133a4，或复制这条信息￥8vYzZGKRCek￥后打开👉手机淘宝👈]]></Content>
<MsgId>6417959945678110412</MsgId>
</xml>

2017-05-09 10:42:25 params :
------------
String:
array (
  'message' => 
  array (
    'tousername' => 'gh_421c55699f6c',
    'fromusername' => 'oRy3is0dY9-JhGs1Ji1sdjf4mg2Q',
    'createtime' => '1494297745',
    'msgtype' => 'text',
    'content' => '【春韩版复古真皮一字带扣奶奶鞋方头平底粗跟方跟单鞋搭扣玛丽珍鞋】，点击链接再选择浏览器打开http://c.b0yp.com/h.THgL6k?cv=8vYzZGKRCek&sm=7133a4，或复制这条信息￥8vYzZGKRCek￥后打开👉手机淘宝👈',
    'msgid' => '6417959945678110412',
    'from' => 'oRy3is0dY9-JhGs1Ji1sdjf4mg2Q',
    'to' => 'gh_421c55699f6c',
    'time' => '1494297745',
    'type' => 'text',
    'event' => NULL,
    'redirection' => false,
    'source' => NULL,
  ),
  'module' => 'tiger_taoke',
  'rule' => '11',
  'priority' => '0',
  'keyword' => 
  array (
    'id' => '15',
    'rid' => '11',
    'uniacid' => '2',
    'module' => 'tiger_taoke',
    'content' => '￥',
    'type' => '3',
    'displayorder' => '0',
    'status' => '1',
  ),
)

2017-05-09 10:42:25 response :
------------
Array:
FromUserName : gh_421c55699f6c ;
ToUserName : oRy3is0dY9-JhGs1Ji1sdjf4mg2Q ;
MsgType : text ;
Content : 查券功能已关闭！ ;

2017-05-09 10:54:38 trace :
------------
String:
<xml><ToUserName><![CDATA[gh_421c55699f6c]]></ToUserName>
<FromUserName><![CDATA[oRy3is9PBObnkU9nZ6k4dVhUBAz8]]></FromUserName>
<CreateTime>1494298479</CreateTime>
<MsgType><![CDATA[event]]></MsgType>
<Event><![CDATA[VIEW]]></Event>
<EventKey><![CDATA[http://wqadmin.fanlicool.com/app/index.php?i=2&c=entry&do=member&m=tiger_taoke]]></EventKey>
<MenuId>416162317</MenuId>
</xml>

2017-05-09 10:54:38 params :
------------
String:
array (
  'message' => 
  array (
    'tousername' => 'gh_421c55699f6c',
    'fromusername' => 'oRy3is9PBObnkU9nZ6k4dVhUBAz8',
    'createtime' => '1494298479',
    'msgtype' => 'event',
    'event' => 'VIEW',
    'eventkey' => 'http://wqadmin.fanlicool.com/app/index.php?i=2&c=entry&do=member&m=tiger_taoke',
    'menuid' => '416162317',
    'from' => 'oRy3is9PBObnkU9nZ6k4dVhUBAz8',
    'to' => 'gh_421c55699f6c',
    'time' => '1494298479',
    'type' => 'text',
    'content' => 'http://wqadmin.fanlicool.com/app/index.php?i=2&c=entry&do=member&m=tiger_taoke',
    'redirection' => true,
    'source' => 'VIEW',
  ),
  'module' => 'default',
  'rule' => '-1',
)

2017-05-09 10:54:38 response :
------------
Array:
params : Array ;

2017-05-09 10:59:58 trace :
------------
String:
<xml><ToUserName><![CDATA[gh_421c55699f6c]]></ToUserName>
<FromUserName><![CDATA[oRy3isxKhySmblD9-hYYxhwrD03o]]></FromUserName>
<CreateTime>1494298799</CreateTime>
<MsgType><![CDATA[event]]></MsgType>
<Event><![CDATA[CLICK]]></Event>
<EventKey><![CDATA[邀人]]></EventKey>
</xml>

2017-05-09 11:00:00 params :
------------
String:
array (
  'message' => 
  array (
    'tousername' => 'gh_421c55699f6c',
    'fromusername' => 'oRy3isxKhySmblD9-hYYxhwrD03o',
    'createtime' => '1494298799',
    'msgtype' => 'event',
    'event' => 'CLICK',
    'eventkey' => '邀人',
    'from' => 'oRy3isxKhySmblD9-hYYxhwrD03o',
    'to' => 'gh_421c55699f6c',
    'time' => '1494298799',
    'type' => 'text',
    'content' => '邀人',
    'redirection' => true,
    'source' => 'click',
  ),
  'module' => 'tiger_taoke',
  'rule' => '20',
  'priority' => '254',
  'keyword' => 
  array (
    'id' => '25',
    'rid' => '20',
    'uniacid' => '2',
    'module' => 'tiger_taoke',
    'content' => '邀人',
    'type' => '1',
    'displayorder' => '254',
    'status' => '1',
  ),
)

2017-05-09 11:00:00 response :
------------
Array:
FromUserName : gh_421c55699f6c ;
ToUserName : oRy3isxKhySmblD9-hYYxhwrD03o ;
MsgType : image ;
Image : Array ;

2017-05-09 11:00:55 trace :
------------
String:
<xml><ToUserName><![CDATA[gh_421c55699f6c]]></ToUserName>
<FromUserName><![CDATA[oRy3isxKhySmblD9-hYYxhwrD03o]]></FromUserName>
<CreateTime>1494298856</CreateTime>
<MsgType><![CDATA[event]]></MsgType>
<Event><![CDATA[VIEW]]></Event>
<EventKey><![CDATA[https://h5.wps.cn/p/99711f94.html]]></EventKey>
<MenuId>416162317</MenuId>
</xml>

2017-05-09 11:00:55 params :
------------
String:
array (
  'message' => 
  array (
    'tousername' => 'gh_421c55699f6c',
    'fromusername' => 'oRy3isxKhySmblD9-hYYxhwrD03o',
    'createtime' => '1494298856',
    'msgtype' => 'event',
    'event' => 'VIEW',
    'eventkey' => 'https://h5.wps.cn/p/99711f94.html',
    'menuid' => '416162317',
    'from' => 'oRy3isxKhySmblD9-hYYxhwrD03o',
    'to' => 'gh_421c55699f6c',
    'time' => '1494298856',
    'type' => 'text',
    'content' => 'https://h5.wps.cn/p/99711f94.html',
    'redirection' => true,
    'source' => 'VIEW',
  ),
  'module' => 'default',
  'rule' => '-1',
)

2017-05-09 11:00:55 response :
------------
Array:
params : Array ;

2017-05-09 11:16:54 trace :
------------
String:
<xml><ToUserName><![CDATA[gh_421c55699f6c]]></ToUserName>
<FromUserName><![CDATA[oRy3iswtinaWXMo34c0INlsBuG-k]]></FromUserName>
<CreateTime>1494299815</CreateTime>
<MsgType><![CDATA[event]]></MsgType>
<Event><![CDATA[VIEW]]></Event>
<EventKey><![CDATA[http://wqadmin.fanlicool.com/app/index.php?i=2&c=entry&do=index&m=tiger_taoke]]></EventKey>
<MenuId>416162317</MenuId>
</xml>

2017-05-09 11:16:54 params :
------------
String:
array (
  'message' => 
  array (
    'tousername' => 'gh_421c55699f6c',
    'fromusername' => 'oRy3iswtinaWXMo34c0INlsBuG-k',
    'createtime' => '1494299815',
    'msgtype' => 'event',
    'event' => 'VIEW',
    'eventkey' => 'http://wqadmin.fanlicool.com/app/index.php?i=2&c=entry&do=index&m=tiger_taoke',
    'menuid' => '416162317',
    'from' => 'oRy3iswtinaWXMo34c0INlsBuG-k',
    'to' => 'gh_421c55699f6c',
    'time' => '1494299815',
    'type' => 'text',
    'content' => 'http://wqadmin.fanlicool.com/app/index.php?i=2&c=entry&do=index&m=tiger_taoke',
    'redirection' => true,
    'source' => 'VIEW',
  ),
  'module' => 'default',
  'rule' => '-1',
)

2017-05-09 11:16:54 response :
------------
Array:
params : Array ;

2017-05-09 11:27:38 trace :
------------
String:
<xml><ToUserName><![CDATA[gh_421c55699f6c]]></ToUserName>
<FromUserName><![CDATA[oRy3is9PBObnkU9nZ6k4dVhUBAz8]]></FromUserName>
<CreateTime>1494300459</CreateTime>
<MsgType><![CDATA[event]]></MsgType>
<Event><![CDATA[VIEW]]></Event>
<EventKey><![CDATA[http://wqadmin.fanlicool.com/app/index.php?i=2&c=entry&do=member&m=tiger_taoke]]></EventKey>
<MenuId>416162317</MenuId>
</xml>

2017-05-09 11:27:38 params :
------------
String:
array (
  'message' => 
  array (
    'tousername' => 'gh_421c55699f6c',
    'fromusername' => 'oRy3is9PBObnkU9nZ6k4dVhUBAz8',
    'createtime' => '1494300459',
    'msgtype' => 'event',
    'event' => 'VIEW',
    'eventkey' => 'http://wqadmin.fanlicool.com/app/index.php?i=2&c=entry&do=member&m=tiger_taoke',
    'menuid' => '416162317',
    'from' => 'oRy3is9PBObnkU9nZ6k4dVhUBAz8',
    'to' => 'gh_421c55699f6c',
    'time' => '1494300459',
    'type' => 'text',
    'content' => 'http://wqadmin.fanlicool.com/app/index.php?i=2&c=entry&do=member&m=tiger_taoke',
    'redirection' => true,
    'source' => 'VIEW',
  ),
  'module' => 'default',
  'rule' => '-1',
)

2017-05-09 11:27:38 response :
------------
Array:
params : Array ;

2017-05-09 11:28:02 trace :
------------
String:
<xml><ToUserName><![CDATA[gh_421c55699f6c]]></ToUserName>
<FromUserName><![CDATA[oRy3is9PBObnkU9nZ6k4dVhUBAz8]]></FromUserName>
<CreateTime>1494300483</CreateTime>
<MsgType><![CDATA[event]]></MsgType>
<Event><![CDATA[VIEW]]></Event>
<EventKey><![CDATA[http://wqadmin.fanlicool.com/app/index.php?i=2&c=entry&do=member&m=tiger_taoke]]></EventKey>
<MenuId>416162317</MenuId>
</xml>

2017-05-09 11:28:02 params :
------------
String:
array (
  'message' => 
  array (
    'tousername' => 'gh_421c55699f6c',
    'fromusername' => 'oRy3is9PBObnkU9nZ6k4dVhUBAz8',
    'createtime' => '1494300483',
    'msgtype' => 'event',
    'event' => 'VIEW',
    'eventkey' => 'http://wqadmin.fanlicool.com/app/index.php?i=2&c=entry&do=member&m=tiger_taoke',
    'menuid' => '416162317',
    'from' => 'oRy3is9PBObnkU9nZ6k4dVhUBAz8',
    'to' => 'gh_421c55699f6c',
    'time' => '1494300483',
    'type' => 'text',
    'content' => 'http://wqadmin.fanlicool.com/app/index.php?i=2&c=entry&do=member&m=tiger_taoke',
    'redirection' => true,
    'source' => 'VIEW',
  ),
  'module' => 'default',
  'rule' => '-1',
)

2017-05-09 11:28:02 response :
------------
Array:
params : Array ;

2017-05-09 11:34:16 trace :
------------
String:
<xml><ToUserName><![CDATA[gh_421c55699f6c]]></ToUserName>
<FromUserName><![CDATA[oRy3is9PBObnkU9nZ6k4dVhUBAz8]]></FromUserName>
<CreateTime>1494300857</CreateTime>
<MsgType><![CDATA[text]]></MsgType>
<Content><![CDATA[返钱到哪了]]></Content>
<MsgId>6417973311616338005</MsgId>
</xml>

2017-05-09 11:34:16 params :
------------
String:
array (
  'message' => 
  array (
    'tousername' => 'gh_421c55699f6c',
    'fromusername' => 'oRy3is9PBObnkU9nZ6k4dVhUBAz8',
    'createtime' => '1494300857',
    'msgtype' => 'text',
    'content' => '返钱到哪了',
    'msgid' => '6417973311616338005',
    'from' => 'oRy3is9PBObnkU9nZ6k4dVhUBAz8',
    'to' => 'gh_421c55699f6c',
    'time' => '1494300857',
    'type' => 'text',
    'event' => NULL,
    'redirection' => false,
    'source' => NULL,
  ),
  'module' => 'default',
  'rule' => '-1',
)

2017-05-09 11:34:16 response :
------------
Array:
params : Array ;

2017-05-09 11:42:30 trace :
------------
String:
<xml><ToUserName><![CDATA[gh_421c55699f6c]]></ToUserName>
<FromUserName><![CDATA[oRy3is9PBObnkU9nZ6k4dVhUBAz8]]></FromUserName>
<CreateTime>1494301351</CreateTime>
<MsgType><![CDATA[event]]></MsgType>
<Event><![CDATA[VIEW]]></Event>
<EventKey><![CDATA[http://wqadmin.fanlicool.com/app/index.php?i=2&c=entry&do=member&m=tiger_taoke]]></EventKey>
<MenuId>416162317</MenuId>
</xml>

2017-05-09 11:42:30 params :
------------
String:
array (
  'message' => 
  array (
    'tousername' => 'gh_421c55699f6c',
    'fromusername' => 'oRy3is9PBObnkU9nZ6k4dVhUBAz8',
    'createtime' => '1494301351',
    'msgtype' => 'event',
    'event' => 'VIEW',
    'eventkey' => 'http://wqadmin.fanlicool.com/app/index.php?i=2&c=entry&do=member&m=tiger_taoke',
    'menuid' => '416162317',
    'from' => 'oRy3is9PBObnkU9nZ6k4dVhUBAz8',
    'to' => 'gh_421c55699f6c',
    'time' => '1494301351',
    'type' => 'text',
    'content' => 'http://wqadmin.fanlicool.com/app/index.php?i=2&c=entry&do=member&m=tiger_taoke',
    'redirection' => true,
    'source' => 'VIEW',
  ),
  'module' => 'default',
  'rule' => '-1',
)

2017-05-09 11:42:30 response :
------------
Array:
params : Array ;

2017-05-09 12:37:45 trace :
------------
String:
<xml><ToUserName><![CDATA[gh_421c55699f6c]]></ToUserName>
<FromUserName><![CDATA[oRy3is0HSpNu_LBYICikhT5KVun8]]></FromUserName>
<CreateTime>1494304665</CreateTime>
<MsgType><![CDATA[text]]></MsgType>
<Content><![CDATA[【塑料发光羽毛球 夜光尼龙球 晚上耐打闪光球 带灯羽毛球4只装绿色】http://c.b0yp.com/h.TXIL5l?cv=UqPWIo4Jxi&sm=e7145c 点击链接，再选择浏览器打开；或复制这条信息，打开👉手机淘宝👈￥UqPWIo4Jxi￥]]></Content>
<MsgId>6417989666851803522</MsgId>
</xml>

2017-05-09 12:37:45 params :
------------
String:
array (
  'message' => 
  array (
    'tousername' => 'gh_421c55699f6c',
    'fromusername' => 'oRy3is0HSpNu_LBYICikhT5KVun8',
    'createtime' => '1494304665',
    'msgtype' => 'text',
    'content' => '【塑料发光羽毛球 夜光尼龙球 晚上耐打闪光球 带灯羽毛球4只装绿色】http://c.b0yp.com/h.TXIL5l?cv=UqPWIo4Jxi&sm=e7145c 点击链接，再选择浏览器打开；或复制这条信息，打开👉手机淘宝👈￥UqPWIo4Jxi￥',
    'msgid' => '6417989666851803522',
    'from' => 'oRy3is0HSpNu_LBYICikhT5KVun8',
    'to' => 'gh_421c55699f6c',
    'time' => '1494304665',
    'type' => 'text',
    'event' => NULL,
    'redirection' => false,
    'source' => NULL,
  ),
  'module' => 'tiger_taoke',
  'rule' => '11',
  'priority' => '0',
  'keyword' => 
  array (
    'id' => '15',
    'rid' => '11',
    'uniacid' => '2',
    'module' => 'tiger_taoke',
    'content' => '￥',
    'type' => '3',
    'displayorder' => '0',
    'status' => '1',
  ),
)

2017-05-09 12:37:45 response :
------------
Array:
FromUserName : gh_421c55699f6c ;
ToUserName : oRy3is0HSpNu_LBYICikhT5KVun8 ;
MsgType : text ;
Content : 查券功能已关闭！ ;

2017-05-09 12:38:00 trace :
------------
String:
<xml><ToUserName><![CDATA[gh_421c55699f6c]]></ToUserName>
<FromUserName><![CDATA[oRy3is0HSpNu_LBYICikhT5KVun8]]></FromUserName>
<CreateTime>1494304681</CreateTime>
<MsgType><![CDATA[text]]></MsgType>
<Content><![CDATA[【【3只装】金川发光羽毛球夜光尼龙晚上耐打闪光 带灯绿色羽毛球】http://c.b0yp.com/h.TXI8aD?cv=EMxPIo4NaQ&sm=9d24ed 点击链接，再选择浏览器打开；或复制这条信息，打开👉手机淘宝👈￥EMxPIo4NaQ￥]]></Content>
<MsgId>6417989735571280274</MsgId>
</xml>

2017-05-09 12:38:00 params :
------------
String:
array (
  'message' => 
  array (
    'tousername' => 'gh_421c55699f6c',
    'fromusername' => 'oRy3is0HSpNu_LBYICikhT5KVun8',
    'createtime' => '1494304681',
    'msgtype' => 'text',
    'content' => '【【3只装】金川发光羽毛球夜光尼龙晚上耐打闪光 带灯绿色羽毛球】http://c.b0yp.com/h.TXI8aD?cv=EMxPIo4NaQ&sm=9d24ed 点击链接，再选择浏览器打开；或复制这条信息，打开👉手机淘宝👈￥EMxPIo4NaQ￥',
    'msgid' => '6417989735571280274',
    'from' => 'oRy3is0HSpNu_LBYICikhT5KVun8',
    'to' => 'gh_421c55699f6c',
    'time' => '1494304681',
    'type' => 'text',
    'event' => NULL,
    'redirection' => false,
    'source' => NULL,
  ),
  'module' => 'tiger_taoke',
  'rule' => '11',
  'priority' => '0',
  'keyword' => 
  array (
    'id' => '15',
    'rid' => '11',
    'uniacid' => '2',
    'module' => 'tiger_taoke',
    'content' => '￥',
    'type' => '3',
    'displayorder' => '0',
    'status' => '1',
  ),
)

2017-05-09 12:38:00 response :
------------
Array:
FromUserName : gh_421c55699f6c ;
ToUserName : oRy3is0HSpNu_LBYICikhT5KVun8 ;
MsgType : text ;
Content : 查券功能已关闭！ ;

2017-05-09 12:38:12 trace :
------------
String:
<xml><ToUserName><![CDATA[gh_421c55699f6c]]></ToUserName>
<FromUserName><![CDATA[oRy3is0HSpNu_LBYICikhT5KVun8]]></FromUserName>
<CreateTime>1494304693</CreateTime>
<MsgType><![CDATA[event]]></MsgType>
<Event><![CDATA[VIEW]]></Event>
<EventKey><![CDATA[http://c.eqxiu.com/s/Y39yJk23?eqrcode=1&from=singlemessage]]></EventKey>
<MenuId>416162317</MenuId>
</xml>

2017-05-09 12:38:12 params :
------------
String:
array (
  'message' => 
  array (
    'tousername' => 'gh_421c55699f6c',
    'fromusername' => 'oRy3is0HSpNu_LBYICikhT5KVun8',
    'createtime' => '1494304693',
    'msgtype' => 'event',
    'event' => 'VIEW',
    'eventkey' => 'http://c.eqxiu.com/s/Y39yJk23?eqrcode=1&from=singlemessage',
    'menuid' => '416162317',
    'from' => 'oRy3is0HSpNu_LBYICikhT5KVun8',
    'to' => 'gh_421c55699f6c',
    'time' => '1494304693',
    'type' => 'text',
    'content' => 'http://c.eqxiu.com/s/Y39yJk23?eqrcode=1&from=singlemessage',
    'redirection' => true,
    'source' => 'VIEW',
  ),
  'module' => 'default',
  'rule' => '-1',
)

2017-05-09 12:38:12 response :
------------
Array:
params : Array ;

2017-05-09 12:38:34 trace :
------------
String:
<xml><ToUserName><![CDATA[gh_421c55699f6c]]></ToUserName>
<FromUserName><![CDATA[oRy3is0HSpNu_LBYICikhT5KVun8]]></FromUserName>
<CreateTime>1494304715</CreateTime>
<MsgType><![CDATA[text]]></MsgType>
<Content><![CDATA[【【3只装】金川发光羽毛球夜光尼龙晚上耐打闪光 带灯绿色羽毛球】http://c.b0yp.com/h.TXI8aD?cv=EMxPIo4NaQ&sm=9d24ed 点击链接，再选择浏览器打开；或复制这条信息，打开👉手机淘宝👈￥EMxPIo4NaQ￥]]></Content>
<MsgId>6417989881600168357</MsgId>
</xml>

2017-05-09 12:38:34 params :
------------
String:
array (
  'message' => 
  array (
    'tousername' => 'gh_421c55699f6c',
    'fromusername' => 'oRy3is0HSpNu_LBYICikhT5KVun8',
    'createtime' => '1494304715',
    'msgtype' => 'text',
    'content' => '【【3只装】金川发光羽毛球夜光尼龙晚上耐打闪光 带灯绿色羽毛球】http://c.b0yp.com/h.TXI8aD?cv=EMxPIo4NaQ&sm=9d24ed 点击链接，再选择浏览器打开；或复制这条信息，打开👉手机淘宝👈￥EMxPIo4NaQ￥',
    'msgid' => '6417989881600168357',
    'from' => 'oRy3is0HSpNu_LBYICikhT5KVun8',
    'to' => 'gh_421c55699f6c',
    'time' => '1494304715',
    'type' => 'text',
    'event' => NULL,
    'redirection' => false,
    'source' => NULL,
  ),
  'module' => 'tiger_taoke',
  'rule' => '11',
  'priority' => '0',
  'keyword' => 
  array (
    'id' => '15',
    'rid' => '11',
    'uniacid' => '2',
    'module' => 'tiger_taoke',
    'content' => '￥',
    'type' => '3',
    'displayorder' => '0',
    'status' => '1',
  ),
)

2017-05-09 12:38:34 response :
------------
Array:
FromUserName : gh_421c55699f6c ;
ToUserName : oRy3is0HSpNu_LBYICikhT5KVun8 ;
MsgType : text ;
Content : 查券功能已关闭！ ;

2017-05-09 12:41:03 trace :
------------
String:
<xml><ToUserName><![CDATA[gh_421c55699f6c]]></ToUserName>
<FromUserName><![CDATA[oRy3is9PBObnkU9nZ6k4dVhUBAz8]]></FromUserName>
<CreateTime>1494304864</CreateTime>
<MsgType><![CDATA[event]]></MsgType>
<Event><![CDATA[VIEW]]></Event>
<EventKey><![CDATA[http://wqadmin.fanlicool.com/app/index.php?i=2&c=entry&do=member&m=tiger_taoke]]></EventKey>
<MenuId>416162317</MenuId>
</xml>

2017-05-09 12:41:03 params :
------------
String:
array (
  'message' => 
  array (
    'tousername' => 'gh_421c55699f6c',
    'fromusername' => 'oRy3is9PBObnkU9nZ6k4dVhUBAz8',
    'createtime' => '1494304864',
    'msgtype' => 'event',
    'event' => 'VIEW',
    'eventkey' => 'http://wqadmin.fanlicool.com/app/index.php?i=2&c=entry&do=member&m=tiger_taoke',
    'menuid' => '416162317',
    'from' => 'oRy3is9PBObnkU9nZ6k4dVhUBAz8',
    'to' => 'gh_421c55699f6c',
    'time' => '1494304864',
    'type' => 'text',
    'content' => 'http://wqadmin.fanlicool.com/app/index.php?i=2&c=entry&do=member&m=tiger_taoke',
    'redirection' => true,
    'source' => 'VIEW',
  ),
  'module' => 'default',
  'rule' => '-1',
)

2017-05-09 12:41:03 response :
------------
Array:
params : Array ;

2017-05-09 13:01:53 trace :
------------
String:
<xml><ToUserName><![CDATA[gh_421c55699f6c]]></ToUserName>
<FromUserName><![CDATA[oRy3isxhlzvuGCkWhS7f2iGM1ZqA]]></FromUserName>
<CreateTime>1494306114</CreateTime>
<MsgType><![CDATA[event]]></MsgType>
<Event><![CDATA[subscribe]]></Event>
<EventKey><![CDATA[qrscene_tiger_taoke1330]]></EventKey>
<Ticket><![CDATA[gQFE8TwAAAAAAAAAAS5odHRwOi8vd2VpeGluLnFxLmNvbS9xLzAySXh5eTRIN0pieVAxMDAwMHcwNzAAAgS99-9YAwQAAAAA]]></Ticket>
</xml>

2017-05-09 13:01:54 params :
------------
String:
array (
  'message' => 
  array (
    'tousername' => 'gh_421c55699f6c',
    'fromusername' => 'oRy3isxhlzvuGCkWhS7f2iGM1ZqA',
    'createtime' => '1494306114',
    'msgtype' => 'event',
    'event' => 'subscribe',
    'eventkey' => 'qrscene_tiger_taoke1330',
    'ticket' => 'gQFE8TwAAAAAAAAAAS5odHRwOi8vd2VpeGluLnFxLmNvbS9xLzAySXh5eTRIN0pieVAxMDAwMHcwNzAAAgS99-9YAwQAAAAA',
    'from' => 'oRy3isxhlzvuGCkWhS7f2iGM1ZqA',
    'to' => 'gh_421c55699f6c',
    'time' => '1494306114',
    'type' => 'text',
    'scene' => 'tiger_taoke1330',
    'redirection' => true,
    'source' => 'qr',
    'content' => '邀人',
  ),
  'module' => 'default',
  'rule' => '-1',
)

2017-05-09 13:01:54 response :
------------
Array:
params : Array ;

2017-05-09 13:03:34 trace :
------------
String:
<xml><ToUserName><![CDATA[gh_421c55699f6c]]></ToUserName>
<FromUserName><![CDATA[oRy3is_oxA3DEcbxD6udWRiPoNks]]></FromUserName>
<CreateTime>1494306215</CreateTime>
<MsgType><![CDATA[event]]></MsgType>
<Event><![CDATA[subscribe]]></Event>
<EventKey><![CDATA[qrscene_tiger_taoke1330]]></EventKey>
<Ticket><![CDATA[gQFE8TwAAAAAAAAAAS5odHRwOi8vd2VpeGluLnFxLmNvbS9xLzAySXh5eTRIN0pieVAxMDAwMHcwNzAAAgS99-9YAwQAAAAA]]></Ticket>
</xml>

2017-05-09 13:03:35 params :
------------
String:
array (
  'message' => 
  array (
    'tousername' => 'gh_421c55699f6c',
    'fromusername' => 'oRy3is_oxA3DEcbxD6udWRiPoNks',
    'createtime' => '1494306215',
    'msgtype' => 'event',
    'event' => 'subscribe',
    'eventkey' => 'qrscene_tiger_taoke1330',
    'ticket' => 'gQFE8TwAAAAAAAAAAS5odHRwOi8vd2VpeGluLnFxLmNvbS9xLzAySXh5eTRIN0pieVAxMDAwMHcwNzAAAgS99-9YAwQAAAAA',
    'from' => 'oRy3is_oxA3DEcbxD6udWRiPoNks',
    'to' => 'gh_421c55699f6c',
    'time' => '1494306215',
    'type' => 'text',
    'scene' => 'tiger_taoke1330',
    'redirection' => true,
    'source' => 'qr',
    'content' => '邀人',
  ),
  'module' => 'default',
  'rule' => '-1',
)

2017-05-09 13:03:35 response :
------------
Array:
params : Array ;

2017-05-09 13:15:28 trace :
------------
String:
<xml><ToUserName><![CDATA[gh_421c55699f6c]]></ToUserName>
<FromUserName><![CDATA[oRy3iswSYIj_lredvZnojt1tOVtQ]]></FromUserName>
<CreateTime>1494306929</CreateTime>
<MsgType><![CDATA[text]]></MsgType>
<Content><![CDATA[【鞋拖女士凉拖鞋女夏2017时尚新款百搭外穿韩版平跟室外一字拖平底】http://c.b0yp.com/h.Tt78Ht?cv=6PSXsPbCnX&sm=3767b8 点击链接，再选择浏览器打开；或复制这条信息，打开👉手机淘宝👈￥6PSXsPbCnX￥]]></Content>
<MsgId>6417999390657763126</MsgId>
</xml>

2017-05-09 13:15:28 params :
------------
String:
array (
  'message' => 
  array (
    'tousername' => 'gh_421c55699f6c',
    'fromusername' => 'oRy3iswSYIj_lredvZnojt1tOVtQ',
    'createtime' => '1494306929',
    'msgtype' => 'text',
    'content' => '【鞋拖女士凉拖鞋女夏2017时尚新款百搭外穿韩版平跟室外一字拖平底】http://c.b0yp.com/h.Tt78Ht?cv=6PSXsPbCnX&sm=3767b8 点击链接，再选择浏览器打开；或复制这条信息，打开👉手机淘宝👈￥6PSXsPbCnX￥',
    'msgid' => '6417999390657763126',
    'from' => 'oRy3iswSYIj_lredvZnojt1tOVtQ',
    'to' => 'gh_421c55699f6c',
    'time' => '1494306929',
    'type' => 'text',
    'event' => NULL,
    'redirection' => false,
    'source' => NULL,
  ),
  'module' => 'tiger_taoke',
  'rule' => '11',
  'priority' => '0',
  'keyword' => 
  array (
    'id' => '15',
    'rid' => '11',
    'uniacid' => '2',
    'module' => 'tiger_taoke',
    'content' => '￥',
    'type' => '3',
    'displayorder' => '0',
    'status' => '1',
  ),
)

2017-05-09 13:15:28 response :
------------
Array:
FromUserName : gh_421c55699f6c ;
ToUserName : oRy3iswSYIj_lredvZnojt1tOVtQ ;
MsgType : text ;
Content : 查券功能已关闭！ ;

2017-05-09 13:29:31 trace :
------------
String:
<xml><ToUserName><![CDATA[gh_421c55699f6c]]></ToUserName>
<FromUserName><![CDATA[oRy3is-mcwfVMiKE_OchDxIt9-GE]]></FromUserName>
<CreateTime>1494307772</CreateTime>
<MsgType><![CDATA[event]]></MsgType>
<Event><![CDATA[VIEW]]></Event>
<EventKey><![CDATA[http://wqadmin.fanlicool.com/app/index.php?i=2&c=entry&do=member&m=tiger_taoke]]></EventKey>
<MenuId>416162317</MenuId>
</xml>

2017-05-09 13:29:31 params :
------------
String:
array (
  'message' => 
  array (
    'tousername' => 'gh_421c55699f6c',
    'fromusername' => 'oRy3is-mcwfVMiKE_OchDxIt9-GE',
    'createtime' => '1494307772',
    'msgtype' => 'event',
    'event' => 'VIEW',
    'eventkey' => 'http://wqadmin.fanlicool.com/app/index.php?i=2&c=entry&do=member&m=tiger_taoke',
    'menuid' => '416162317',
    'from' => 'oRy3is-mcwfVMiKE_OchDxIt9-GE',
    'to' => 'gh_421c55699f6c',
    'time' => '1494307772',
    'type' => 'text',
    'content' => 'http://wqadmin.fanlicool.com/app/index.php?i=2&c=entry&do=member&m=tiger_taoke',
    'redirection' => true,
    'source' => 'VIEW',
  ),
  'module' => 'default',
  'rule' => '-1',
)

2017-05-09 13:29:31 response :
------------
Array:
params : Array ;

2017-05-09 13:40:33 trace :
------------
String:
<xml><ToUserName><![CDATA[gh_421c55699f6c]]></ToUserName>
<FromUserName><![CDATA[oRy3is-mcwfVMiKE_OchDxIt9-GE]]></FromUserName>
<CreateTime>1494308433</CreateTime>
<MsgType><![CDATA[text]]></MsgType>
<Content><![CDATA[【床幔大学生宿舍寝室床帘上铺下铺 透气男女生简约全封闭遮光帘子】，点击链接再选择浏览器打开http://c.b0yp.com/h.TtmUyY?cv=Qz8yZGqnBxb&sm=c594de，或复制这条信息￥Qz8yZGqnBxb￥后打开👉手机淘宝👈]]></Content>
<MsgId>6418005850288577331</MsgId>
</xml>

2017-05-09 13:40:33 params :
------------
String:
array (
  'message' => 
  array (
    'tousername' => 'gh_421c55699f6c',
    'fromusername' => 'oRy3is-mcwfVMiKE_OchDxIt9-GE',
    'createtime' => '1494308433',
    'msgtype' => 'text',
    'content' => '【床幔大学生宿舍寝室床帘上铺下铺 透气男女生简约全封闭遮光帘子】，点击链接再选择浏览器打开http://c.b0yp.com/h.TtmUyY?cv=Qz8yZGqnBxb&sm=c594de，或复制这条信息￥Qz8yZGqnBxb￥后打开👉手机淘宝👈',
    'msgid' => '6418005850288577331',
    'from' => 'oRy3is-mcwfVMiKE_OchDxIt9-GE',
    'to' => 'gh_421c55699f6c',
    'time' => '1494308433',
    'type' => 'text',
    'event' => NULL,
    'redirection' => false,
    'source' => NULL,
  ),
  'module' => 'tiger_taoke',
  'rule' => '11',
  'priority' => '0',
  'keyword' => 
  array (
    'id' => '15',
    'rid' => '11',
    'uniacid' => '2',
    'module' => 'tiger_taoke',
    'content' => '￥',
    'type' => '3',
    'displayorder' => '0',
    'status' => '1',
  ),
)

2017-05-09 13:40:33 response :
------------
Array:
FromUserName : gh_421c55699f6c ;
ToUserName : oRy3is-mcwfVMiKE_OchDxIt9-GE ;
MsgType : text ;
Content : 查券功能已关闭！ ;

2017-05-09 13:50:52 trace :
------------
String:
<xml><ToUserName><![CDATA[gh_421c55699f6c]]></ToUserName>
<FromUserName><![CDATA[oRy3is3V7SpGxxJHgJkC-N8b6OBA]]></FromUserName>
<CreateTime>1494309053</CreateTime>
<MsgType><![CDATA[event]]></MsgType>
<Event><![CDATA[subscribe]]></Event>
<EventKey><![CDATA[qrscene_tiger_taoke1330]]></EventKey>
<Ticket><![CDATA[gQFE8TwAAAAAAAAAAS5odHRwOi8vd2VpeGluLnFxLmNvbS9xLzAySXh5eTRIN0pieVAxMDAwMHcwNzAAAgS99-9YAwQAAAAA]]></Ticket>
</xml>

2017-05-09 13:50:54 params :
------------
String:
array (
  'message' => 
  array (
    'tousername' => 'gh_421c55699f6c',
    'fromusername' => 'oRy3is3V7SpGxxJHgJkC-N8b6OBA',
    'createtime' => '1494309053',
    'msgtype' => 'event',
    'event' => 'subscribe',
    'eventkey' => 'qrscene_tiger_taoke1330',
    'ticket' => 'gQFE8TwAAAAAAAAAAS5odHRwOi8vd2VpeGluLnFxLmNvbS9xLzAySXh5eTRIN0pieVAxMDAwMHcwNzAAAgS99-9YAwQAAAAA',
    'from' => 'oRy3is3V7SpGxxJHgJkC-N8b6OBA',
    'to' => 'gh_421c55699f6c',
    'time' => '1494309053',
    'type' => 'text',
    'scene' => 'tiger_taoke1330',
    'redirection' => true,
    'source' => 'qr',
    'content' => '邀人',
  ),
  'module' => 'default',
  'rule' => '-1',
)

2017-05-09 13:50:54 response :
------------
Array:
params : Array ;

2017-05-09 13:51:05 trace :
------------
String:
<xml><ToUserName><![CDATA[gh_421c55699f6c]]></ToUserName>
<FromUserName><![CDATA[oRy3is3V7SpGxxJHgJkC-N8b6OBA]]></FromUserName>
<CreateTime>1494309065</CreateTime>
<MsgType><![CDATA[event]]></MsgType>
<Event><![CDATA[VIEW]]></Event>
<EventKey><![CDATA[http://wqadmin.fanlicool.com/app/index.php?i=2&c=entry&do=index&m=tiger_taoke]]></EventKey>
<MenuId>416162317</MenuId>
</xml>

2017-05-09 13:51:05 params :
------------
String:
array (
  'message' => 
  array (
    'tousername' => 'gh_421c55699f6c',
    'fromusername' => 'oRy3is3V7SpGxxJHgJkC-N8b6OBA',
    'createtime' => '1494309065',
    'msgtype' => 'event',
    'event' => 'VIEW',
    'eventkey' => 'http://wqadmin.fanlicool.com/app/index.php?i=2&c=entry&do=index&m=tiger_taoke',
    'menuid' => '416162317',
    'from' => 'oRy3is3V7SpGxxJHgJkC-N8b6OBA',
    'to' => 'gh_421c55699f6c',
    'time' => '1494309065',
    'type' => 'text',
    'content' => 'http://wqadmin.fanlicool.com/app/index.php?i=2&c=entry&do=index&m=tiger_taoke',
    'redirection' => true,
    'source' => 'VIEW',
  ),
  'module' => 'default',
  'rule' => '-1',
)

2017-05-09 13:51:05 response :
------------
Array:
params : Array ;

2017-05-09 15:20:58 trace :
------------
String:
<xml><ToUserName><![CDATA[gh_421c55699f6c]]></ToUserName>
<FromUserName><![CDATA[oRy3iswJsqhRewJAqFHTt1QLsxro]]></FromUserName>
<CreateTime>1494314459</CreateTime>
<MsgType><![CDATA[event]]></MsgType>
<Event><![CDATA[SCAN]]></Event>
<EventKey><![CDATA[tiger_taoke1330]]></EventKey>
<Ticket><![CDATA[gQFE8TwAAAAAAAAAAS5odHRwOi8vd2VpeGluLnFxLmNvbS9xLzAySXh5eTRIN0pieVAxMDAwMHcwNzAAAgS99-9YAwQAAAAA]]></Ticket>
</xml>

2017-05-09 15:20:58 params :
------------
String:
array (
  'message' => 
  array (
    'tousername' => 'gh_421c55699f6c',
    'fromusername' => 'oRy3iswJsqhRewJAqFHTt1QLsxro',
    'createtime' => '1494314459',
    'msgtype' => 'event',
    'event' => 'SCAN',
    'eventkey' => 'tiger_taoke1330',
    'ticket' => 'gQFE8TwAAAAAAAAAAS5odHRwOi8vd2VpeGluLnFxLmNvbS9xLzAySXh5eTRIN0pieVAxMDAwMHcwNzAAAgS99-9YAwQAAAAA',
    'from' => 'oRy3iswJsqhRewJAqFHTt1QLsxro',
    'to' => 'gh_421c55699f6c',
    'time' => '1494314459',
    'type' => 'text',
    'scene' => 'tiger_taoke1330',
    'redirection' => true,
    'source' => 'qr',
    'content' => '邀人',
  ),
  'module' => 'default',
  'rule' => '-1',
)

2017-05-09 15:20:58 response :
------------
Array:
params : Array ;

2017-05-09 15:22:38 trace :
------------
String:
<xml><ToUserName><![CDATA[gh_421c55699f6c]]></ToUserName>
<FromUserName><![CDATA[oRy3is0HSpNu_LBYICikhT5KVun8]]></FromUserName>
<CreateTime>1494314559</CreateTime>
<MsgType><![CDATA[text]]></MsgType>
<Content><![CDATA[【【3只装】金川发光羽毛球夜光尼龙晚上耐打闪光 带灯绿色羽毛球】http://c.b0yp.com/h.TXI8aD?cv=EMxPIo4NaQ&sm=9d24ed 点击链接，再选择浏览器打开；或复制这条信息，打开👉手机淘宝👈￥EMxPIo4NaQ￥]]></Content>
<MsgId>6418032161258237132</MsgId>
</xml>

2017-05-09 15:22:38 params :
------------
String:
array (
  'message' => 
  array (
    'tousername' => 'gh_421c55699f6c',
    'fromusername' => 'oRy3is0HSpNu_LBYICikhT5KVun8',
    'createtime' => '1494314559',
    'msgtype' => 'text',
    'content' => '【【3只装】金川发光羽毛球夜光尼龙晚上耐打闪光 带灯绿色羽毛球】http://c.b0yp.com/h.TXI8aD?cv=EMxPIo4NaQ&sm=9d24ed 点击链接，再选择浏览器打开；或复制这条信息，打开👉手机淘宝👈￥EMxPIo4NaQ￥',
    'msgid' => '6418032161258237132',
    'from' => 'oRy3is0HSpNu_LBYICikhT5KVun8',
    'to' => 'gh_421c55699f6c',
    'time' => '1494314559',
    'type' => 'text',
    'event' => NULL,
    'redirection' => false,
    'source' => NULL,
  ),
  'module' => 'tiger_taoke',
  'rule' => '11',
  'priority' => '0',
  'keyword' => 
  array (
    'id' => '15',
    'rid' => '11',
    'uniacid' => '2',
    'module' => 'tiger_taoke',
    'content' => '￥',
    'type' => '3',
    'displayorder' => '0',
    'status' => '1',
  ),
)

2017-05-09 15:22:38 response :
------------
Array:
FromUserName : gh_421c55699f6c ;
ToUserName : oRy3is0HSpNu_LBYICikhT5KVun8 ;
MsgType : text ;
Content : 查券功能已关闭！ ;

2017-05-09 15:32:46 trace :
------------
String:
<xml><ToUserName><![CDATA[gh_421c55699f6c]]></ToUserName>
<FromUserName><![CDATA[oRy3isx0hK9BH9v0ZAhx4sP16nhM]]></FromUserName>
<CreateTime>1494315167</CreateTime>
<MsgType><![CDATA[event]]></MsgType>
<Event><![CDATA[subscribe]]></Event>
<EventKey><![CDATA[qrscene_tiger_taoke1330]]></EventKey>
<Ticket><![CDATA[gQFE8TwAAAAAAAAAAS5odHRwOi8vd2VpeGluLnFxLmNvbS9xLzAySXh5eTRIN0pieVAxMDAwMHcwNzAAAgS99-9YAwQAAAAA]]></Ticket>
</xml>

2017-05-09 15:32:47 params :
------------
String:
array (
  'message' => 
  array (
    'tousername' => 'gh_421c55699f6c',
    'fromusername' => 'oRy3isx0hK9BH9v0ZAhx4sP16nhM',
    'createtime' => '1494315167',
    'msgtype' => 'event',
    'event' => 'subscribe',
    'eventkey' => 'qrscene_tiger_taoke1330',
    'ticket' => 'gQFE8TwAAAAAAAAAAS5odHRwOi8vd2VpeGluLnFxLmNvbS9xLzAySXh5eTRIN0pieVAxMDAwMHcwNzAAAgS99-9YAwQAAAAA',
    'from' => 'oRy3isx0hK9BH9v0ZAhx4sP16nhM',
    'to' => 'gh_421c55699f6c',
    'time' => '1494315167',
    'type' => 'text',
    'scene' => 'tiger_taoke1330',
    'redirection' => true,
    'source' => 'qr',
    'content' => '邀人',
  ),
  'module' => 'default',
  'rule' => '-1',
)

2017-05-09 15:32:47 response :
------------
Array:
params : Array ;

2017-05-09 15:35:58 trace :
------------
String:
<xml><ToUserName><![CDATA[gh_421c55699f6c]]></ToUserName>
<FromUserName><![CDATA[oRy3iswtxppHgIPbV1IprFYlCCeI]]></FromUserName>
<CreateTime>1494315359</CreateTime>
<MsgType><![CDATA[text]]></MsgType>
<Content><![CDATA[【铝合金饼干模卡通切模烘焙模具套装慕斯圈蔬菜水果切馒头蛋糕切模】http://c.b0yp.com/h.Tm1NTd?cv=I5pWsWKFhd&sm=51ddd0 点击链接，再选择浏览器打开；或复制这条信息，打开👉手机淘宝👈￥I5pWsWKFhd￥]]></Content>
<MsgId>6418035597232074492</MsgId>
</xml>

2017-05-09 15:35:58 params :
------------
String:
array (
  'message' => 
  array (
    'tousername' => 'gh_421c55699f6c',
    'fromusername' => 'oRy3iswtxppHgIPbV1IprFYlCCeI',
    'createtime' => '1494315359',
    'msgtype' => 'text',
    'content' => '【铝合金饼干模卡通切模烘焙模具套装慕斯圈蔬菜水果切馒头蛋糕切模】http://c.b0yp.com/h.Tm1NTd?cv=I5pWsWKFhd&sm=51ddd0 点击链接，再选择浏览器打开；或复制这条信息，打开👉手机淘宝👈￥I5pWsWKFhd￥',
    'msgid' => '6418035597232074492',
    'from' => 'oRy3iswtxppHgIPbV1IprFYlCCeI',
    'to' => 'gh_421c55699f6c',
    'time' => '1494315359',
    'type' => 'text',
    'event' => NULL,
    'redirection' => false,
    'source' => NULL,
  ),
  'module' => 'tiger_taoke',
  'rule' => '11',
  'priority' => '0',
  'keyword' => 
  array (
    'id' => '15',
    'rid' => '11',
    'uniacid' => '2',
    'module' => 'tiger_taoke',
    'content' => '￥',
    'type' => '3',
    'displayorder' => '0',
    'status' => '1',
  ),
)

2017-05-09 15:35:58 response :
------------
Array:
FromUserName : gh_421c55699f6c ;
ToUserName : oRy3iswtxppHgIPbV1IprFYlCCeI ;
MsgType : text ;
Content : 查券功能已关闭！ ;

2017-05-09 15:36:16 trace :
------------
String:
<xml><ToUserName><![CDATA[gh_421c55699f6c]]></ToUserName>
<FromUserName><![CDATA[oRy3iswtxppHgIPbV1IprFYlCCeI]]></FromUserName>
<CreateTime>1494315377</CreateTime>
<MsgType><![CDATA[event]]></MsgType>
<Event><![CDATA[VIEW]]></Event>
<EventKey><![CDATA[http://wqadmin.fanlicool.com/app/index.php?i=2&c=entry&do=live&m=tiger_taoke]]></EventKey>
<MenuId>416162317</MenuId>
</xml>

2017-05-09 15:36:16 params :
------------
String:
array (
  'message' => 
  array (
    'tousername' => 'gh_421c55699f6c',
    'fromusername' => 'oRy3iswtxppHgIPbV1IprFYlCCeI',
    'createtime' => '1494315377',
    'msgtype' => 'event',
    'event' => 'VIEW',
    'eventkey' => 'http://wqadmin.fanlicool.com/app/index.php?i=2&c=entry&do=live&m=tiger_taoke',
    'menuid' => '416162317',
    'from' => 'oRy3iswtxppHgIPbV1IprFYlCCeI',
    'to' => 'gh_421c55699f6c',
    'time' => '1494315377',
    'type' => 'text',
    'content' => 'http://wqadmin.fanlicool.com/app/index.php?i=2&c=entry&do=live&m=tiger_taoke',
    'redirection' => true,
    'source' => 'VIEW',
  ),
  'module' => 'default',
  'rule' => '-1',
)

2017-05-09 15:36:16 response :
------------
Array:
params : Array ;

2017-05-09 15:59:16 trace :
------------
String:
<xml><ToUserName><![CDATA[gh_421c55699f6c]]></ToUserName>
<FromUserName><![CDATA[oRy3iswJsqhRewJAqFHTt1QLsxro]]></FromUserName>
<CreateTime>1494316757</CreateTime>
<MsgType><![CDATA[event]]></MsgType>
<Event><![CDATA[unsubscribe]]></Event>
<EventKey><![CDATA[]]></EventKey>
</xml>

2017-05-09 16:05:56 trace :
------------
String:
<xml><ToUserName><![CDATA[gh_421c55699f6c]]></ToUserName>
<FromUserName><![CDATA[oRy3is-mcwfVMiKE_OchDxIt9-GE]]></FromUserName>
<CreateTime>1494317157</CreateTime>
<MsgType><![CDATA[event]]></MsgType>
<Event><![CDATA[VIEW]]></Event>
<EventKey><![CDATA[http://wqadmin.fanlicool.com/app/index.php?i=2&c=entry&do=member&m=tiger_taoke]]></EventKey>
<MenuId>416162317</MenuId>
</xml>

2017-05-09 16:05:56 params :
------------
String:
array (
  'message' => 
  array (
    'tousername' => 'gh_421c55699f6c',
    'fromusername' => 'oRy3is-mcwfVMiKE_OchDxIt9-GE',
    'createtime' => '1494317157',
    'msgtype' => 'event',
    'event' => 'VIEW',
    'eventkey' => 'http://wqadmin.fanlicool.com/app/index.php?i=2&c=entry&do=member&m=tiger_taoke',
    'menuid' => '416162317',
    'from' => 'oRy3is-mcwfVMiKE_OchDxIt9-GE',
    'to' => 'gh_421c55699f6c',
    'time' => '1494317157',
    'type' => 'text',
    'content' => 'http://wqadmin.fanlicool.com/app/index.php?i=2&c=entry&do=member&m=tiger_taoke',
    'redirection' => true,
    'source' => 'VIEW',
  ),
  'module' => 'default',
  'rule' => '-1',
)

2017-05-09 16:05:56 response :
------------
Array:
params : Array ;

2017-05-09 16:18:34 trace :
------------
String:
<xml><ToUserName><![CDATA[gh_421c55699f6c]]></ToUserName>
<FromUserName><![CDATA[oRy3is2Eq6cSuMCbplnlSx-gfaa4]]></FromUserName>
<CreateTime>1494317915</CreateTime>
<MsgType><![CDATA[text]]></MsgType>
<Content><![CDATA[【荣欣堂太谷饼4160g整箱山西特产传统零食面包小吃糕点点心包邮】，点击链接再选择浏览器打开http://c.b0yp.com/h.TGJLxx?cv=twLzZGJqnTZ&sm=796195，或复制这条信息￥twLzZGJqnTZ￥后打开👉手机淘宝👈]]></Content>
<MsgId>6418046575168485175</MsgId>
</xml>

2017-05-09 16:18:34 params :
------------
String:
array (
  'message' => 
  array (
    'tousername' => 'gh_421c55699f6c',
    'fromusername' => 'oRy3is2Eq6cSuMCbplnlSx-gfaa4',
    'createtime' => '1494317915',
    'msgtype' => 'text',
    'content' => '【荣欣堂太谷饼4160g整箱山西特产传统零食面包小吃糕点点心包邮】，点击链接再选择浏览器打开http://c.b0yp.com/h.TGJLxx?cv=twLzZGJqnTZ&sm=796195，或复制这条信息￥twLzZGJqnTZ￥后打开👉手机淘宝👈',
    'msgid' => '6418046575168485175',
    'from' => 'oRy3is2Eq6cSuMCbplnlSx-gfaa4',
    'to' => 'gh_421c55699f6c',
    'time' => '1494317915',
    'type' => 'text',
    'event' => NULL,
    'redirection' => false,
    'source' => NULL,
  ),
  'module' => 'tiger_taoke',
  'rule' => '11',
  'priority' => '0',
  'keyword' => 
  array (
    'id' => '15',
    'rid' => '11',
    'uniacid' => '2',
    'module' => 'tiger_taoke',
    'content' => '￥',
    'type' => '3',
    'displayorder' => '0',
    'status' => '1',
  ),
)

2017-05-09 16:18:34 response :
------------
Array:
FromUserName : gh_421c55699f6c ;
ToUserName : oRy3is2Eq6cSuMCbplnlSx-gfaa4 ;
MsgType : text ;
Content : 查券功能已关闭！ ;

2017-05-09 16:20:58 trace :
------------
String:
<xml><ToUserName><![CDATA[gh_421c55699f6c]]></ToUserName>
<FromUserName><![CDATA[oRy3is41t_L5gHOaKP9arT_jddGc]]></FromUserName>
<CreateTime>1494318059</CreateTime>
<MsgType><![CDATA[event]]></MsgType>
<Event><![CDATA[VIEW]]></Event>
<EventKey><![CDATA[http://wqadmin.fanlicool.com/app/index.php?i=2&c=entry&do=member&m=tiger_taoke]]></EventKey>
<MenuId>416162317</MenuId>
</xml>

2017-05-09 16:20:58 params :
------------
String:
array (
  'message' => 
  array (
    'tousername' => 'gh_421c55699f6c',
    'fromusername' => 'oRy3is41t_L5gHOaKP9arT_jddGc',
    'createtime' => '1494318059',
    'msgtype' => 'event',
    'event' => 'VIEW',
    'eventkey' => 'http://wqadmin.fanlicool.com/app/index.php?i=2&c=entry&do=member&m=tiger_taoke',
    'menuid' => '416162317',
    'from' => 'oRy3is41t_L5gHOaKP9arT_jddGc',
    'to' => 'gh_421c55699f6c',
    'time' => '1494318059',
    'type' => 'text',
    'content' => 'http://wqadmin.fanlicool.com/app/index.php?i=2&c=entry&do=member&m=tiger_taoke',
    'redirection' => true,
    'source' => 'VIEW',
  ),
  'module' => 'default',
  'rule' => '-1',
)

2017-05-09 16:20:58 response :
------------
Array:
params : Array ;

2017-05-09 16:28:13 trace :
------------
String:
<xml><ToUserName><![CDATA[gh_421c55699f6c]]></ToUserName>
<FromUserName><![CDATA[oRy3is7YobqY_SagdE8gkx3OMVgE]]></FromUserName>
<CreateTime>1494318494</CreateTime>
<MsgType><![CDATA[event]]></MsgType>
<Event><![CDATA[VIEW]]></Event>
<EventKey><![CDATA[http://wqadmin.fanlicool.com/app/index.php?i=2&c=entry&do=member&m=tiger_taoke]]></EventKey>
<MenuId>416162317</MenuId>
</xml>

2017-05-09 16:28:13 params :
------------
String:
array (
  'message' => 
  array (
    'tousername' => 'gh_421c55699f6c',
    'fromusername' => 'oRy3is7YobqY_SagdE8gkx3OMVgE',
    'createtime' => '1494318494',
    'msgtype' => 'event',
    'event' => 'VIEW',
    'eventkey' => 'http://wqadmin.fanlicool.com/app/index.php?i=2&c=entry&do=member&m=tiger_taoke',
    'menuid' => '416162317',
    'from' => 'oRy3is7YobqY_SagdE8gkx3OMVgE',
    'to' => 'gh_421c55699f6c',
    'time' => '1494318494',
    'type' => 'text',
    'content' => 'http://wqadmin.fanlicool.com/app/index.php?i=2&c=entry&do=member&m=tiger_taoke',
    'redirection' => true,
    'source' => 'VIEW',
  ),
  'module' => 'default',
  'rule' => '-1',
)

2017-05-09 16:28:13 response :
------------
Array:
params : Array ;

2017-05-09 16:52:02 trace :
------------
String:
<xml><ToUserName><![CDATA[gh_421c55699f6c]]></ToUserName>
<FromUserName><![CDATA[oRy3is2IzneDK1gK9IWJfMglyVV0]]></FromUserName>
<CreateTime>1494319923</CreateTime>
<MsgType><![CDATA[event]]></MsgType>
<Event><![CDATA[VIEW]]></Event>
<EventKey><![CDATA[http://wqadmin.fanlicool.com/app/index.php?i=2&c=entry&do=index&m=tiger_taoke]]></EventKey>
<MenuId>416162317</MenuId>
</xml>

2017-05-09 16:52:02 params :
------------
String:
array (
  'message' => 
  array (
    'tousername' => 'gh_421c55699f6c',
    'fromusername' => 'oRy3is2IzneDK1gK9IWJfMglyVV0',
    'createtime' => '1494319923',
    'msgtype' => 'event',
    'event' => 'VIEW',
    'eventkey' => 'http://wqadmin.fanlicool.com/app/index.php?i=2&c=entry&do=index&m=tiger_taoke',
    'menuid' => '416162317',
    'from' => 'oRy3is2IzneDK1gK9IWJfMglyVV0',
    'to' => 'gh_421c55699f6c',
    'time' => '1494319923',
    'type' => 'text',
    'content' => 'http://wqadmin.fanlicool.com/app/index.php?i=2&c=entry&do=index&m=tiger_taoke',
    'redirection' => true,
    'source' => 'VIEW',
  ),
  'module' => 'default',
  'rule' => '-1',
)

2017-05-09 16:52:02 response :
------------
Array:
params : Array ;

2017-05-09 17:36:40 trace :
------------
String:
<xml><ToUserName><![CDATA[gh_421c55699f6c]]></ToUserName>
<FromUserName><![CDATA[oRy3is4xdunpPu5QzEICwJ7_2Zrk]]></FromUserName>
<CreateTime>1494322601</CreateTime>
<MsgType><![CDATA[event]]></MsgType>
<Event><![CDATA[unsubscribe]]></Event>
<EventKey><![CDATA[]]></EventKey>
</xml>

2017-05-09 18:19:43 trace :
------------
String:
<xml><ToUserName><![CDATA[gh_421c55699f6c]]></ToUserName>
<FromUserName><![CDATA[oRy3isyq7ac6ijyVZZ7uOBiHhAm0]]></FromUserName>
<CreateTime>1494325184</CreateTime>
<MsgType><![CDATA[event]]></MsgType>
<Event><![CDATA[subscribe]]></Event>
<EventKey><![CDATA[qrscene_tiger_taoke1330]]></EventKey>
<Ticket><![CDATA[gQFE8TwAAAAAAAAAAS5odHRwOi8vd2VpeGluLnFxLmNvbS9xLzAySXh5eTRIN0pieVAxMDAwMHcwNzAAAgS99-9YAwQAAAAA]]></Ticket>
</xml>

2017-05-09 18:19:45 params :
------------
String:
array (
  'message' => 
  array (
    'tousername' => 'gh_421c55699f6c',
    'fromusername' => 'oRy3isyq7ac6ijyVZZ7uOBiHhAm0',
    'createtime' => '1494325184',
    'msgtype' => 'event',
    'event' => 'subscribe',
    'eventkey' => 'qrscene_tiger_taoke1330',
    'ticket' => 'gQFE8TwAAAAAAAAAAS5odHRwOi8vd2VpeGluLnFxLmNvbS9xLzAySXh5eTRIN0pieVAxMDAwMHcwNzAAAgS99-9YAwQAAAAA',
    'from' => 'oRy3isyq7ac6ijyVZZ7uOBiHhAm0',
    'to' => 'gh_421c55699f6c',
    'time' => '1494325184',
    'type' => 'text',
    'scene' => 'tiger_taoke1330',
    'redirection' => true,
    'source' => 'qr',
    'content' => '邀人',
  ),
  'module' => 'default',
  'rule' => '-1',
)

2017-05-09 18:19:45 response :
------------
Array:
params : Array ;

2017-05-09 18:26:51 trace :
------------
String:
<xml><ToUserName><![CDATA[gh_421c55699f6c]]></ToUserName>
<FromUserName><![CDATA[oRy3is5arXHgIgZNESlmQvwkpJas]]></FromUserName>
<CreateTime>1494325612</CreateTime>
<MsgType><![CDATA[text]]></MsgType>
<Content><![CDATA[【坐姿矫正器小学生儿童视力保护器预防近视姿势纠正仪防近视写字架】，点击链接再选择浏览器打开http://c.b0yp.com/h.TuNX16?cv=Y71AZGrPUpA&sm=b741a0，或复制这条信息￥Y71AZGrPUpA￥后打开👉手机淘宝👈]]></Content>
<MsgId>6418079633531768137</MsgId>
</xml>

2017-05-09 18:26:51 params :
------------
String:
array (
  'message' => 
  array (
    'tousername' => 'gh_421c55699f6c',
    'fromusername' => 'oRy3is5arXHgIgZNESlmQvwkpJas',
    'createtime' => '1494325612',
    'msgtype' => 'text',
    'content' => '【坐姿矫正器小学生儿童视力保护器预防近视姿势纠正仪防近视写字架】，点击链接再选择浏览器打开http://c.b0yp.com/h.TuNX16?cv=Y71AZGrPUpA&sm=b741a0，或复制这条信息￥Y71AZGrPUpA￥后打开👉手机淘宝👈',
    'msgid' => '6418079633531768137',
    'from' => 'oRy3is5arXHgIgZNESlmQvwkpJas',
    'to' => 'gh_421c55699f6c',
    'time' => '1494325612',
    'type' => 'text',
    'event' => NULL,
    'redirection' => false,
    'source' => NULL,
  ),
  'module' => 'tiger_taoke',
  'rule' => '11',
  'priority' => '0',
  'keyword' => 
  array (
    'id' => '15',
    'rid' => '11',
    'uniacid' => '2',
    'module' => 'tiger_taoke',
    'content' => '￥',
    'type' => '3',
    'displayorder' => '0',
    'status' => '1',
  ),
)

2017-05-09 18:26:51 response :
------------
Array:
FromUserName : gh_421c55699f6c ;
ToUserName : oRy3is5arXHgIgZNESlmQvwkpJas ;
MsgType : text ;
Content : 查券功能已关闭！ ;

2017-05-09 18:55:03 trace :
------------
String:
<xml><ToUserName><![CDATA[gh_421c55699f6c]]></ToUserName>
<FromUserName><![CDATA[oRy3is3r_R7wjsiR9ywB2wBaWMLw]]></FromUserName>
<CreateTime>1494327303</CreateTime>
<MsgType><![CDATA[event]]></MsgType>
<Event><![CDATA[subscribe]]></Event>
<EventKey><![CDATA[qrscene_tiger_taoke1330]]></EventKey>
<Ticket><![CDATA[gQFE8TwAAAAAAAAAAS5odHRwOi8vd2VpeGluLnFxLmNvbS9xLzAySXh5eTRIN0pieVAxMDAwMHcwNzAAAgS99-9YAwQAAAAA]]></Ticket>
</xml>

2017-05-09 18:55:04 params :
------------
String:
array (
  'message' => 
  array (
    'tousername' => 'gh_421c55699f6c',
    'fromusername' => 'oRy3is3r_R7wjsiR9ywB2wBaWMLw',
    'createtime' => '1494327303',
    'msgtype' => 'event',
    'event' => 'subscribe',
    'eventkey' => 'qrscene_tiger_taoke1330',
    'ticket' => 'gQFE8TwAAAAAAAAAAS5odHRwOi8vd2VpeGluLnFxLmNvbS9xLzAySXh5eTRIN0pieVAxMDAwMHcwNzAAAgS99-9YAwQAAAAA',
    'from' => 'oRy3is3r_R7wjsiR9ywB2wBaWMLw',
    'to' => 'gh_421c55699f6c',
    'time' => '1494327303',
    'type' => 'text',
    'scene' => 'tiger_taoke1330',
    'redirection' => true,
    'source' => 'qr',
    'content' => '邀人',
  ),
  'module' => 'default',
  'rule' => '-1',
)

2017-05-09 18:55:04 response :
------------
Array:
params : Array ;

2017-05-09 18:58:25 trace :
------------
String:
<xml><ToUserName><![CDATA[gh_421c55699f6c]]></ToUserName>
<FromUserName><![CDATA[oRy3is_oxA3DEcbxD6udWRiPoNks]]></FromUserName>
<CreateTime>1494327506</CreateTime>
<MsgType><![CDATA[event]]></MsgType>
<Event><![CDATA[unsubscribe]]></Event>
<EventKey><![CDATA[]]></EventKey>
</xml>

2017-05-09 19:11:53 trace :
------------
String:
<xml><ToUserName><![CDATA[gh_421c55699f6c]]></ToUserName>
<FromUserName><![CDATA[oRy3is5arXHgIgZNESlmQvwkpJas]]></FromUserName>
<CreateTime>1494328314</CreateTime>
<MsgType><![CDATA[text]]></MsgType>
<Content><![CDATA[【坐姿矫正器小学生儿童视力保护器预防近视姿势纠正仪防近视写字架】，点击链接再选择浏览器打开http://c.b0yp.com/h.TuNX16?cv=Y71AZGrPUpA&sm=b741a0，或复制这条信息￥Y71AZGrPUpA￥后打开👉手机淘宝👈]]></Content>
<MsgId>6418091238533403852</MsgId>
</xml>

2017-05-09 19:11:53 params :
------------
String:
array (
  'message' => 
  array (
    'tousername' => 'gh_421c55699f6c',
    'fromusername' => 'oRy3is5arXHgIgZNESlmQvwkpJas',
    'createtime' => '1494328314',
    'msgtype' => 'text',
    'content' => '【坐姿矫正器小学生儿童视力保护器预防近视姿势纠正仪防近视写字架】，点击链接再选择浏览器打开http://c.b0yp.com/h.TuNX16?cv=Y71AZGrPUpA&sm=b741a0，或复制这条信息￥Y71AZGrPUpA￥后打开👉手机淘宝👈',
    'msgid' => '6418091238533403852',
    'from' => 'oRy3is5arXHgIgZNESlmQvwkpJas',
    'to' => 'gh_421c55699f6c',
    'time' => '1494328314',
    'type' => 'text',
    'event' => NULL,
    'redirection' => false,
    'source' => NULL,
  ),
  'module' => 'tiger_taoke',
  'rule' => '11',
  'priority' => '0',
  'keyword' => 
  array (
    'id' => '15',
    'rid' => '11',
    'uniacid' => '2',
    'module' => 'tiger_taoke',
    'content' => '￥',
    'type' => '3',
    'displayorder' => '0',
    'status' => '1',
  ),
)

2017-05-09 19:11:53 response :
------------
Array:
FromUserName : gh_421c55699f6c ;
ToUserName : oRy3is5arXHgIgZNESlmQvwkpJas ;
MsgType : text ;
Content : 查券功能已关闭！ ;

2017-05-09 19:34:46 trace :
------------
String:
<xml><ToUserName><![CDATA[gh_421c55699f6c]]></ToUserName>
<FromUserName><![CDATA[oRy3is4CxAHdHZsmnFZt6KyqYej8]]></FromUserName>
<CreateTime>1494329687</CreateTime>
<MsgType><![CDATA[event]]></MsgType>
<Event><![CDATA[subscribe]]></Event>
<EventKey><![CDATA[qrscene_tiger_taoke1330]]></EventKey>
<Ticket><![CDATA[gQFE8TwAAAAAAAAAAS5odHRwOi8vd2VpeGluLnFxLmNvbS9xLzAySXh5eTRIN0pieVAxMDAwMHcwNzAAAgS99-9YAwQAAAAA]]></Ticket>
</xml>

2017-05-09 19:34:47 params :
------------
String:
array (
  'message' => 
  array (
    'tousername' => 'gh_421c55699f6c',
    'fromusername' => 'oRy3is4CxAHdHZsmnFZt6KyqYej8',
    'createtime' => '1494329687',
    'msgtype' => 'event',
    'event' => 'subscribe',
    'eventkey' => 'qrscene_tiger_taoke1330',
    'ticket' => 'gQFE8TwAAAAAAAAAAS5odHRwOi8vd2VpeGluLnFxLmNvbS9xLzAySXh5eTRIN0pieVAxMDAwMHcwNzAAAgS99-9YAwQAAAAA',
    'from' => 'oRy3is4CxAHdHZsmnFZt6KyqYej8',
    'to' => 'gh_421c55699f6c',
    'time' => '1494329687',
    'type' => 'text',
    'scene' => 'tiger_taoke1330',
    'redirection' => true,
    'source' => 'qr',
    'content' => '邀人',
  ),
  'module' => 'default',
  'rule' => '-1',
)

2017-05-09 19:34:47 response :
------------
Array:
params : Array ;

2017-05-09 20:27:54 trace :
------------
String:
<xml><ToUserName><![CDATA[gh_421c55699f6c]]></ToUserName>
<FromUserName><![CDATA[oRy3is7Pl5TxM1m8vCDjrDhnUA1k]]></FromUserName>
<CreateTime>1494332875</CreateTime>
<MsgType><![CDATA[event]]></MsgType>
<Event><![CDATA[subscribe]]></Event>
<EventKey><![CDATA[qrscene_tiger_taoke1330]]></EventKey>
<Ticket><![CDATA[gQFE8TwAAAAAAAAAAS5odHRwOi8vd2VpeGluLnFxLmNvbS9xLzAySXh5eTRIN0pieVAxMDAwMHcwNzAAAgS99-9YAwQAAAAA]]></Ticket>
</xml>

2017-05-09 20:27:56 params :
------------
String:
array (
  'message' => 
  array (
    'tousername' => 'gh_421c55699f6c',
    'fromusername' => 'oRy3is7Pl5TxM1m8vCDjrDhnUA1k',
    'createtime' => '1494332875',
    'msgtype' => 'event',
    'event' => 'subscribe',
    'eventkey' => 'qrscene_tiger_taoke1330',
    'ticket' => 'gQFE8TwAAAAAAAAAAS5odHRwOi8vd2VpeGluLnFxLmNvbS9xLzAySXh5eTRIN0pieVAxMDAwMHcwNzAAAgS99-9YAwQAAAAA',
    'from' => 'oRy3is7Pl5TxM1m8vCDjrDhnUA1k',
    'to' => 'gh_421c55699f6c',
    'time' => '1494332875',
    'type' => 'text',
    'scene' => 'tiger_taoke1330',
    'redirection' => true,
    'source' => 'qr',
    'content' => '邀人',
  ),
  'module' => 'default',
  'rule' => '-1',
)

2017-05-09 20:27:56 response :
------------
Array:
params : Array ;

2017-05-09 21:05:58 trace :
------------
String:
<xml><ToUserName><![CDATA[gh_421c55699f6c]]></ToUserName>
<FromUserName><![CDATA[oRy3is1MjlxjgSfjM3Ee0CiCvdzs]]></FromUserName>
<CreateTime>1494335159</CreateTime>
<MsgType><![CDATA[text]]></MsgType>
<Content><![CDATA[长按复制，打开手机阿里新版或支付宝查看【供应批发正品上海回力篮球鞋WB-1A帆布】QXHlWH68h6ac https://qr.1688.com/share.html?secret=zmIMi7pK]]></Content>
<MsgId>6418120637584548566</MsgId>
</xml>

2017-05-09 21:05:58 params :
------------
String:
array (
  'message' => 
  array (
    'tousername' => 'gh_421c55699f6c',
    'fromusername' => 'oRy3is1MjlxjgSfjM3Ee0CiCvdzs',
    'createtime' => '1494335159',
    'msgtype' => 'text',
    'content' => '长按复制，打开手机阿里新版或支付宝查看【供应批发正品上海回力篮球鞋WB-1A帆布】QXHlWH68h6ac https://qr.1688.com/share.html?secret=zmIMi7pK',
    'msgid' => '6418120637584548566',
    'from' => 'oRy3is1MjlxjgSfjM3Ee0CiCvdzs',
    'to' => 'gh_421c55699f6c',
    'time' => '1494335159',
    'type' => 'text',
    'event' => NULL,
    'redirection' => false,
    'source' => NULL,
  ),
  'module' => 'tiger_taoke',
  'rule' => '10',
  'priority' => '0',
  'keyword' => 
  array (
    'id' => '14',
    'rid' => '10',
    'uniacid' => '2',
    'module' => 'tiger_taoke',
    'content' => 'http',
    'type' => '3',
    'displayorder' => '0',
    'status' => '1',
  ),
)

2017-05-09 21:05:58 response :
------------
Array:
FromUserName : gh_421c55699f6c ;
ToUserName : oRy3is1MjlxjgSfjM3Ee0CiCvdzs ;
MsgType : text ;
Content : 查券功能已关闭！ ;

2017-05-09 21:56:40 trace :
------------
String:
<xml><ToUserName><![CDATA[gh_421c55699f6c]]></ToUserName>
<FromUserName><![CDATA[oRy3is7KXbUO6vd6J6PoPsHX8ahs]]></FromUserName>
<CreateTime>1494338201</CreateTime>
<MsgType><![CDATA[text]]></MsgType>
<Content><![CDATA[【连体衣 春秋0-1-2岁男女宝宝睡衣开裆哈衣新生儿内衣婴儿爬服纯棉】http://c.b0yp.com/h.TjdoCu?cv=A6ZpsaIgEZ&sm=d577f7 点击链接，再选择浏览器打开；或复制这条信息，打开👉手机淘宝👈￥A6ZpsaIgEZ￥]]></Content>
<MsgId>6418133702875064296</MsgId>
</xml>

2017-05-09 21:56:40 params :
------------
String:
array (
  'message' => 
  array (
    'tousername' => 'gh_421c55699f6c',
    'fromusername' => 'oRy3is7KXbUO6vd6J6PoPsHX8ahs',
    'createtime' => '1494338201',
    'msgtype' => 'text',
    'content' => '【连体衣 春秋0-1-2岁男女宝宝睡衣开裆哈衣新生儿内衣婴儿爬服纯棉】http://c.b0yp.com/h.TjdoCu?cv=A6ZpsaIgEZ&sm=d577f7 点击链接，再选择浏览器打开；或复制这条信息，打开👉手机淘宝👈￥A6ZpsaIgEZ￥',
    'msgid' => '6418133702875064296',
    'from' => 'oRy3is7KXbUO6vd6J6PoPsHX8ahs',
    'to' => 'gh_421c55699f6c',
    'time' => '1494338201',
    'type' => 'text',
    'event' => NULL,
    'redirection' => false,
    'source' => NULL,
  ),
  'module' => 'tiger_taoke',
  'rule' => '11',
  'priority' => '0',
  'keyword' => 
  array (
    'id' => '15',
    'rid' => '11',
    'uniacid' => '2',
    'module' => 'tiger_taoke',
    'content' => '￥',
    'type' => '3',
    'displayorder' => '0',
    'status' => '1',
  ),
)

2017-05-09 21:56:40 response :
------------
Array:
FromUserName : gh_421c55699f6c ;
ToUserName : oRy3is7KXbUO6vd6J6PoPsHX8ahs ;
MsgType : text ;
Content : 查券功能已关闭！ ;

2017-05-09 21:56:54 trace :
------------
String:
<xml><ToUserName><![CDATA[gh_421c55699f6c]]></ToUserName>
<FromUserName><![CDATA[oRy3is7KXbUO6vd6J6PoPsHX8ahs]]></FromUserName>
<CreateTime>1494338215</CreateTime>
<MsgType><![CDATA[event]]></MsgType>
<Event><![CDATA[VIEW]]></Event>
<EventKey><![CDATA[http://wqadmin.fanlicool.com/app/index.php?i=2&c=entry&do=index&m=tiger_taoke]]></EventKey>
<MenuId>416162317</MenuId>
</xml>

2017-05-09 21:56:54 params :
------------
String:
array (
  'message' => 
  array (
    'tousername' => 'gh_421c55699f6c',
    'fromusername' => 'oRy3is7KXbUO6vd6J6PoPsHX8ahs',
    'createtime' => '1494338215',
    'msgtype' => 'event',
    'event' => 'VIEW',
    'eventkey' => 'http://wqadmin.fanlicool.com/app/index.php?i=2&c=entry&do=index&m=tiger_taoke',
    'menuid' => '416162317',
    'from' => 'oRy3is7KXbUO6vd6J6PoPsHX8ahs',
    'to' => 'gh_421c55699f6c',
    'time' => '1494338215',
    'type' => 'text',
    'content' => 'http://wqadmin.fanlicool.com/app/index.php?i=2&c=entry&do=index&m=tiger_taoke',
    'redirection' => true,
    'source' => 'VIEW',
  ),
  'module' => 'default',
  'rule' => '-1',
)

2017-05-09 21:56:54 response :
------------
Array:
params : Array ;

2017-05-09 23:05:16 trace :
------------
String:
<xml><ToUserName><![CDATA[gh_421c55699f6c]]></ToUserName>
<FromUserName><![CDATA[oRy3is-5EO-XX9yREjVk-rZSa0oM]]></FromUserName>
<CreateTime>1494342317</CreateTime>
<MsgType><![CDATA[text]]></MsgType>
<Content><![CDATA[【可比克薯片批发20g*20袋组合散装大礼包整箱休闲番茄味膨化零食品】，点击链接再选择浏览器打开http://c.b0yp.com/h.Tv8pNc?cv=pOLeZGsfnwu&sm=13f59f，或复制这条信息￥pOLeZGsfnwu￥后打开👉手机淘宝👈]]></Content>
<MsgId>6418151380960456229</MsgId>
</xml>

2017-05-09 23:05:16 params :
------------
String:
array (
  'message' => 
  array (
    'tousername' => 'gh_421c55699f6c',
    'fromusername' => 'oRy3is-5EO-XX9yREjVk-rZSa0oM',
    'createtime' => '1494342317',
    'msgtype' => 'text',
    'content' => '【可比克薯片批发20g*20袋组合散装大礼包整箱休闲番茄味膨化零食品】，点击链接再选择浏览器打开http://c.b0yp.com/h.Tv8pNc?cv=pOLeZGsfnwu&sm=13f59f，或复制这条信息￥pOLeZGsfnwu￥后打开👉手机淘宝👈',
    'msgid' => '6418151380960456229',
    'from' => 'oRy3is-5EO-XX9yREjVk-rZSa0oM',
    'to' => 'gh_421c55699f6c',
    'time' => '1494342317',
    'type' => 'text',
    'event' => NULL,
    'redirection' => false,
    'source' => NULL,
  ),
  'module' => 'tiger_taoke',
  'rule' => '11',
  'priority' => '0',
  'keyword' => 
  array (
    'id' => '15',
    'rid' => '11',
    'uniacid' => '2',
    'module' => 'tiger_taoke',
    'content' => '￥',
    'type' => '3',
    'displayorder' => '0',
    'status' => '1',
  ),
)

2017-05-09 23:05:16 response :
------------
Array:
FromUserName : gh_421c55699f6c ;
ToUserName : oRy3is-5EO-XX9yREjVk-rZSa0oM ;
MsgType : text ;
Content : 查券功能已关闭！ ;

2017-05-09 23:06:31 trace :
------------
String:
<xml><ToUserName><![CDATA[gh_421c55699f6c]]></ToUserName>
<FromUserName><![CDATA[oRy3isyLsrGTcz0jYT4hWZ9owfQ0]]></FromUserName>
<CreateTime>1494342392</CreateTime>
<MsgType><![CDATA[event]]></MsgType>
<Event><![CDATA[unsubscribe]]></Event>
<EventKey><![CDATA[]]></EventKey>
</xml>

2017-05-09 23:07:49 trace :
------------
String:
<xml><ToUserName><![CDATA[gh_421c55699f6c]]></ToUserName>
<FromUserName><![CDATA[oRy3is-5EO-XX9yREjVk-rZSa0oM]]></FromUserName>
<CreateTime>1494342470</CreateTime>
<MsgType><![CDATA[event]]></MsgType>
<Event><![CDATA[VIEW]]></Event>
<EventKey><![CDATA[http://wqadmin.fanlicool.com/app/index.php?i=2&c=entry&do=orderlist&op=qb&m=tiger_taoke]]></EventKey>
<MenuId>416162317</MenuId>
</xml>

2017-05-09 23:07:49 params :
------------
String:
array (
  'message' => 
  array (
    'tousername' => 'gh_421c55699f6c',
    'fromusername' => 'oRy3is-5EO-XX9yREjVk-rZSa0oM',
    'createtime' => '1494342470',
    'msgtype' => 'event',
    'event' => 'VIEW',
    'eventkey' => 'http://wqadmin.fanlicool.com/app/index.php?i=2&c=entry&do=orderlist&op=qb&m=tiger_taoke',
    'menuid' => '416162317',
    'from' => 'oRy3is-5EO-XX9yREjVk-rZSa0oM',
    'to' => 'gh_421c55699f6c',
    'time' => '1494342470',
    'type' => 'text',
    'content' => 'http://wqadmin.fanlicool.com/app/index.php?i=2&c=entry&do=orderlist&op=qb&m=tiger_taoke',
    'redirection' => true,
    'source' => 'VIEW',
  ),
  'module' => 'default',
  'rule' => '-1',
)

2017-05-09 23:07:49 response :
------------
Array:
params : Array ;

